Log file open, 04/30/17 09:20:44
LogInit:Display: Running engine for game: NASAApp
LogPlatformFile: Not using cached read wrapper
LogInit:Display: RandInit(2084447771) SRandInit(2084447771).
LogTaskGraph: Started task graph with 5 named threads and 6 total threads with 1 sets of task threads.
LogStats: Stats thread started at 0.086591
LogInit: Using libcurl 7.47.1
LogInit:  - built for x86_64-pc-win32
LogInit:  - supports SSL with OpenSSL/1.0.2g
LogInit:  - supports HTTP deflate (compression) using libz 1.2.8
LogInit:  - other features:
LogInit:      CURL_VERSION_SSL
LogInit:      CURL_VERSION_LIBZ
LogInit:      CURL_VERSION_IPV6
LogInit:      CURL_VERSION_ASYNCHDNS
LogInit:      CURL_VERSION_LARGEFILE
LogInit:      CURL_VERSION_IDN
LogInit:  CurlRequestOptions (configurable via config and command line):
LogInit:  - bVerifyPeer = false  - Libcurl will NOT verify peer certificate
LogInit:  - bUseHttpProxy = false  - Libcurl will NOT use HTTP proxy
LogInit:  - bDontReuseConnections = false  - Libcurl will reuse connections
LogInit:  - CertBundlePath = nullptr  - Libcurl will use whatever was configured at build time.
LogInit: Build: ++UE4+Release-4.15-CL-3348071
LogInit: Engine Version: 4.15.1-3348071+++UE4+Release-4.15
LogInit: Compatible Engine Version: 4.15.0-3299760+++UE4+Release-4.15
LogInit: Net CL: 3299760
LogDevObjectVersion: Number of dev versions registered: 14
LogDevObjectVersion:   Dev-Blueprints (B0D832E4-1F89-4F0D-ACCF-7EB736FD4AA2): 8
LogDevObjectVersion:   Dev-Build (E1C64328-A22C-4D53-A36C-8E866417BD8C): 0
LogDevObjectVersion:   Dev-Core (375EC13C-06E4-48FB-B500-84F0262A717E): 2
LogDevObjectVersion:   Dev-Editor (E4B068ED-F494-42E9-A231-DA0B2E46BB41): 14
LogDevObjectVersion:   Dev-Framework (CFFC743F-43B0-4480-9391-14DF171D2073): 22
LogDevObjectVersion:   Dev-Mobile (B02B49B5-BB20-44E9-A304-32B752E40360): 0
LogDevObjectVersion:   Dev-Networking (A4E4105C-59A1-49B5-A7C5-40C4547EDFEE): 0
LogDevObjectVersion:   Dev-Online (39C831C9-5AE6-47DC-9A44-9C173E1C8E7C): 0
LogDevObjectVersion:   Dev-Physics (78F01B33-EBEA-4F98-B9B4-84EACCB95AA2): 0
LogDevObjectVersion:   Dev-Platform (6631380F-2D4D-43E0-8009-CF276956A95A): 0
LogDevObjectVersion:   Dev-Rendering (12F88B9F-8875-4AFC-A67C-D90C383ABD29): 12
LogDevObjectVersion:   Dev-Sequencer (7B5AE74C-D270-4C10-A958-57980B212A5A): 3
LogDevObjectVersion:   Dev-VR (D7296918-1DD6-4BDD-9DE2-64A83CC13884): 0
LogDevObjectVersion:   Dev-LoadTimes (C2A15278-BFE7-4AFE-6C17-90FF531DF755): 1
LogInit: Compiled (64-bit): Mar 15 2017 16:52:47
LogInit: Compiled with Visual C++: 19.00.23026.00
LogInit: Build Configuration: Development
LogInit: Branch Name: ++UE4+Release-4.15
LogInit: Command line:  
LogInit: Base directory: C:/Program Files/Epic Games/UE_4.15/Engine/Binaries/Win64/
LogInit: Installed Engine Build: 1
LogInit: Presizing for max 8388607 objects, including 0 objects not considered by GC, pre-allocating 0 bytes for permanent pool.
LogInit: Object subsystem initialized
[2017.04.30-06.20.46:391][  0]LogInit: Selected Device Profile: [Windows]
[2017.04.30-06.20.46:391][  0]LogInit: Applying CVar settings loaded from the selected device profile: [Windows]
[2017.04.30-06.20.46:481][  0]LogInit: Computer: DESKTOP-F6MAVA1
[2017.04.30-06.20.46:481][  0]LogInit: User: sasha
[2017.04.30-06.20.46:481][  0]LogInit: CPU Page size=65536, Cores=2
[2017.04.30-06.20.46:481][  0]LogInit: High frequency timer resolution =1.851184 MHz
[2017.04.30-06.20.46:481][  0]LogMemory: Memory total: Physical=7.9GB (8GB approx)
[2017.04.30-06.20.46:481][  0]LogMemory: Platform Memory Stats for Windows
[2017.04.30-06.20.46:481][  0]LogMemory: Process Physical Memory: 262.85 MB used, 262.85 MB peak
[2017.04.30-06.20.46:481][  0]LogMemory: Process Virtual Memory: 262.40 MB used, 262.40 MB peak
[2017.04.30-06.20.46:481][  0]LogMemory: Physical Memory: 2883.81 MB used,  5223.57 MB free, 8107.39 MB total
[2017.04.30-06.20.46:481][  0]LogMemory: Virtual Memory: 643.33 MB used,  5223.57 MB free, 134217728.00 MB total
[2017.04.30-06.20.46:680][  0]LogTextLocalizationManager: No translations for ('ru-RU') exist, falling back to 'en' for localization and internationalization data.
[2017.04.30-06.20.53:106][  0]LogD3D11RHI: D3D11 adapters:
[2017.04.30-06.20.53:116][  0]LogD3D11RHI:    0. 'Intel(R) HD Graphics' (Feature Level 11_0)
[2017.04.30-06.20.53:116][  0]LogD3D11RHI:       128/0/4053 MB DedicatedVideo/DedicatedSystem/SharedSystem, Outputs:1, VendorId:0x8086
[2017.04.30-06.20.53:119][  0]LogD3D11RHI:    1. 'Microsoft Basic Render Driver' (Feature Level 11_0)
[2017.04.30-06.20.53:119][  0]LogD3D11RHI:       0/0/4053 MB DedicatedVideo/DedicatedSystem/SharedSystem, Outputs:0, VendorId:0x1414
[2017.04.30-06.20.53:119][  0]LogD3D11RHI: Chosen D3D11 Adapter: 0
[2017.04.30-06.20.53:125][  0]LogD3D11RHI: Creating new Direct3DDevice
[2017.04.30-06.20.53:125][  0]LogD3D11RHI:     GPU DeviceId: 0x1606 (for the marketing name, search the web for "GPU Device Id")
[2017.04.30-06.20.53:125][  0]LogWindows: EnumDisplayDevices:
[2017.04.30-06.20.53:125][  0]LogWindows:    0. 'Intel(R) HD Graphics' (P:1 D:1)
[2017.04.30-06.20.53:126][  0]LogWindows:    1. 'Intel(R) HD Graphics' (P:0 D:0)
[2017.04.30-06.20.53:126][  0]LogWindows:    2. 'Intel(R) HD Graphics' (P:0 D:0)
[2017.04.30-06.20.53:126][  0]LogWindows: DebugString: FoundDriverCount:3 
[2017.04.30-06.20.53:126][  0]LogD3D11RHI:     Adapter Name: Intel(R) HD Graphics
[2017.04.30-06.20.53:126][  0]LogD3D11RHI:   Driver Version: 20.19.15.4531 (internal:20.19.15.4531, unified:20.19.15.4531)
[2017.04.30-06.20.53:126][  0]LogD3D11RHI:      Driver Date: 9-29-2016
[2017.04.30-06.20.53:126][  0]LogRHI: Texture pool is 1361 MB (70% of 1945 MB)
[2017.04.30-06.20.53:135][  0]LogD3D11RHI: Async texture creation enabled
[2017.04.30-06.20.53:141][  0]LogD3D11RHI: GPU Timing Frequency: 12.500000 (Debug: 2 0)
[2017.04.30-06.20.53:142][  0]LogShaderCompilers: Guid format shader working directory is 17 characters bigger than the processId version (B:/work/NasaHackaton/NASAApp/Intermediate/Shaders/WorkingDirectory/10428/).
[2017.04.30-06.20.53:143][  0]LogShaderCompilers: Cleaned the shader compiler working directory 'C:/Users/sasha/AppData/Local/Temp/UnrealShaderWorkingDir/D45A3B8C46F848AFF9CA1D9BEE09651E/'.
[2017.04.30-06.20.53:143][  0]LogShaderCompilers:Display: Using Local Shader Compiler.
[2017.04.30-06.20.58:954][  0]LogTemp:Display: Loaded TP AllDesktopTargetPlatform
[2017.04.30-06.20.59:075][  0]LogTemp:Display: Loaded TP MacClientTargetPlatform
[2017.04.30-06.20.59:199][  0]LogTemp:Display: Loaded TP MacNoEditorTargetPlatform
[2017.04.30-06.20.59:320][  0]LogTemp:Display: Loaded TP MacServerTargetPlatform
[2017.04.30-06.20.59:459][  0]LogTemp:Display: Loaded TP MacTargetPlatform
[2017.04.30-06.20.59:580][  0]LogTemp:Display: Loaded TP WindowsClientTargetPlatform
[2017.04.30-06.20.59:704][  0]LogTemp:Display: Loaded TP WindowsNoEditorTargetPlatform
[2017.04.30-06.20.59:832][  0]LogTemp:Display: Loaded TP WindowsServerTargetPlatform
[2017.04.30-06.20.59:945][  0]LogTemp:Display: Loaded TP WindowsTargetPlatform
[2017.04.30-06.21.00:138][  0]LogTemp:Display: Loaded TP AndroidTargetPlatform
[2017.04.30-06.21.00:275][  0]LogTemp:Display: Loaded TP Android_ASTCTargetPlatform
[2017.04.30-06.21.00:407][  0]LogTemp:Display: Loaded TP Android_ATCTargetPlatform
[2017.04.30-06.21.00:530][  0]LogTemp:Display: Loaded TP Android_DXTTargetPlatform
[2017.04.30-06.21.00:649][  0]LogTemp:Display: Loaded TP Android_ETC1TargetPlatform
[2017.04.30-06.21.00:769][  0]LogTemp:Display: Loaded TP Android_ETC2TargetPlatform
[2017.04.30-06.21.01:012][  0]LogTemp:Display: Loaded TP Android_MultiTargetPlatform
[2017.04.30-06.21.01:012][  0]LogTemp:Display: Loaded TP Android_PVRTCTargetPlatform
[2017.04.30-06.21.01:107][  0]LogTemp:Display: Loaded TP HTML5TargetPlatform
[2017.04.30-06.21.01:395][  0]LogTemp:Display: Loaded TP IOSTargetPlatform
[2017.04.30-06.21.01:471][  0]LogTemp:Display: Loaded TP TVOSTargetPlatform
[2017.04.30-06.21.01:591][  0]LogTemp:Display: Loaded TP LinuxClientTargetPlatform
[2017.04.30-06.21.01:714][  0]LogTemp:Display: Loaded TP LinuxNoEditorTargetPlatform
[2017.04.30-06.21.01:834][  0]LogTemp:Display: Loaded TP LinuxServerTargetPlatform
[2017.04.30-06.21.01:956][  0]LogTemp:Display: Loaded TP LinuxTargetPlatform
[2017.04.30-06.21.01:956][  0]LogTargetPlatformManager:Display: Building Assets For Windows
[2017.04.30-06.21.03:129][  0]LogDerivedDataCache:Display: Max Cache Size: 512 MB
[2017.04.30-06.21.03:708][  0]LogDerivedDataCache: Loaded boot cache 0.58s 50MB C:/Users/sasha/AppData/Local/UnrealEngine/4.15/DerivedDataCache/Boot.ddc.
[2017.04.30-06.21.03:708][  0]LogDerivedDataCache:Display: Loaded Boot cache: C:/Users/sasha/AppData/Local/UnrealEngine/4.15/DerivedDataCache/Boot.ddc
[2017.04.30-06.21.03:708][  0]LogDerivedDataCache: FDerivedDataBackendGraph:  Pak pak cache file B:/work/NasaHackaton/NASAApp/DerivedDataCache/DDC.ddp not found, will not use a pak cache.
[2017.04.30-06.21.03:708][  0]LogDerivedDataCache: Unable to find inner node Pak for hierarchical cache Hierarchy.
[2017.04.30-06.21.03:708][  0]LogDerivedDataCache: FDerivedDataBackendGraph:  CompressedPak pak cache file B:/work/NasaHackaton/NASAApp/DerivedDataCache/Compressed.ddp not found, will not use a pak cache.
[2017.04.30-06.21.03:708][  0]LogDerivedDataCache: Unable to find inner node CompressedPak for hierarchical cache Hierarchy.
[2017.04.30-06.21.03:761][  0]LogDerivedDataCache:Display: Pak cache opened for reading ../../../Engine/DerivedDataCache/Compressed.ddp.
[2017.04.30-06.21.03:775][  0]LogDerivedDataCache: Using Local data cache path C:/Users/sasha/AppData/Local/UnrealEngine/Common/DerivedDataCache: Writable
[2017.04.30-06.21.03:794][  0]LogSlate: Using Freetype 2.6.0
[2017.04.30-06.21.03:822][  0]LogSlate: SlateFontCache - WITH_FREETYPE: 1, WITH_HARFBUZZ: 1
[2017.04.30-06.21.03:822][  0]LogSlate: SlateFontCache - WITH_FREETYPE: 1, WITH_HARFBUZZ: 1
[2017.04.30-06.21.06:136][  0]LogInit: Selected Device Profile: [Windows]
[2017.04.30-06.21.06:144][  0]LogContentStreaming: Texture pool size is 0.00 MB
[2017.04.30-06.21.06:597][  0]LogMeshUtilities: Using QuadricMeshReduction for automatic static mesh reduction
[2017.04.30-06.21.06:722][  0]LogSimplygon: Simplygon DLL not present - disabling.
[2017.04.30-06.21.06:852][  0]LogMeshUtilities: Using SimplygonSwarm for distributed automatic mesh merging
[2017.04.30-06.21.06:852][  0]LogMeshUtilities: No automatic skeletal mesh reduction module available
[2017.04.30-06.21.06:852][  0]LogMeshUtilities: No automatic mesh merging module available
[2017.04.30-06.21.08:132][  0]LogNetVersion: GetLocalNetworkVersion: CL: 3299760, ProjectName: nasaapp, ProjectVersion: , EngineNetworkVersion: 2, GameNetworkVersion: 0, NetworkChecksum: 3117530055
[2017.04.30-06.21.08:209][  0]LogAssetRegistry: FAssetRegistry took 0.0221 seconds to start up
[2017.04.30-06.21.08:328][  0]LogPackageLocalizationCache: Processed 4 localized package path(s) for 1 prioritized culture(s) in 0.049279 seconds
[2017.04.30-06.21.08:336][  0]LogUObjectArray: 32493 objects as part of root set at end of initial load.
[2017.04.30-06.21.08:336][  0]LogUObjectAllocator: 7077024 out of 0 bytes used by permanent object pool.
[2017.04.30-06.21.08:336][  0]LogUObjectArray: CloseDisregardForGC: 0/0 objects in disregard for GC pool
[2017.04.30-06.21.08:532][  0]LogInit: WinSock: version 1.1 (2.2), MaxSocks=32767, MaxUdp=65467
[2017.04.30-06.21.41:338][  0]LogTcpMessaging: Initializing TcpMessaging bridge
[2017.04.30-06.21.41:419][  0]LogUdpMessaging: Initializing bridge on interface 0.0.0.0:0 to multicast group 230.0.0.1:6666.
[2017.04.30-06.21.43:715][  0]LogMaterial: Uniform references updated for custom material expression Custom.
[2017.04.30-06.21.45:112][  0]SourceControl: Info Source control is disabled
[2017.04.30-06.21.45:486][  0]SourceControl: Info Source control is disabled
[2017.04.30-06.21.45:647][  0]SourceControl: Info Source control is disabled
[2017.04.30-06.21.45:758][  0]SourceControl: Info Source control is disabled
[2017.04.30-06.21.49:485][  0]LogEngine: Initializing Engine...
[2017.04.30-06.21.49:486][  0]LogHMD: Failed to initialize OpenVR with code 110
[2017.04.30-06.21.50:344][  0]LogAIModule: Creating AISystem for world Untitled
[2017.04.30-06.21.50:354][  0]LogInit: XAudio2 using 'Громкоговоритель и наушники (Realtek High Definition Audio)' : 2 channels at 48 kHz using 32 bits per sample (channel mask 0x3)
[2017.04.30-06.21.50:648][  0]LogInit: FAudioDevice initialized.
[2017.04.30-06.21.50:691][  0]LogDerivedDataCache: Saved boot cache 0.04s 50MB C:/Users/sasha/AppData/Local/UnrealEngine/4.15/DerivedDataCache/Boot.ddc.
[2017.04.30-06.21.50:703][  0]LogInit: Texture streaming: Enabled
[2017.04.30-06.21.50:942][  0]LogEngineSessionManager: EngineSessionManager initialized
[2017.04.30-06.21.51:283][  0]LogInit: Transaction tracking system initialized
[2017.04.30-06.21.52:398][  0]BlueprintLog: New page: Editor Load
[2017.04.30-06.21.55:282][  0]LocalizationService: Info Localization service is disabled
[2017.04.30-06.21.57:473][  0]LogConsoleResponse:Display: 
[2017.04.30-06.21.58:425][  0]LogCook:Display: Max memory allowance for cook 16384mb min free memory 0mb
[2017.04.30-06.21.58:425][  0]LogCook:Display: Mobile HDR setting 1
[2017.04.30-06.21.59:285][  0]LogFileCache: Scanning file cache for directory 'B:/work/NasaHackaton/NASAApp/Content/' took 0.02s
[2017.04.30-06.22.01:758][  0]SourceControl: Info Source control is disabled
[2017.04.30-06.22.01:759][  0]Cmd: MAP LOAD FILE="B:/work/NasaHackaton/NASAApp/Content/ThirdPersonBP/Maps/ThirdPersonExampleMap.umap" TEMPLATE=0 SHOWPROGRESS=1 FEATURELEVEL=3
[2017.04.30-06.22.01:759][  0]LightingResults: New page: Lighting Build
[2017.04.30-06.22.01:875][  0]MapCheck: New page: Map Check
[2017.04.30-06.22.01:875][  0]LightingResults: New page: Lighting Build
[2017.04.30-06.22.03:062][  0]LogTexture:Display: Building textures: HQ_Lightmap1_1 (AutoDXT, 64X64) - 45 MB total VRAM
[2017.04.30-06.22.03:064][  0]LogTexture:Display: Building textures: LQ_Lightmap_1_1 (DXT1, 64X64) - 45 MB total VRAM
[2017.04.30-06.22.03:151][  0]LogAIModule: Creating AISystem for world ThirdPersonExampleMap
[2017.04.30-06.22.03:221][  0]LogEditorServer: Finished looking for orphan Actors (0.000 secs)
[2017.04.30-06.22.03:223][  0]Cmd: MAP CHECKDEP NOCLEARLOG
[2017.04.30-06.22.03:347][  0]MapCheck: Info Map check complete: 0 Error(s), 0 Warning(s), took 123.843ms to complete.
[2017.04.30-06.22.03:347][  0]LogFileHelpers: Loading map 'ThirdPersonExampleMap' took 1.588
[2017.04.30-06.22.03:794][  0]LogCollectionManager: Loaded 0 collections in 0.003038 seconds
[2017.04.30-06.22.03:953][  0]LogFileCache: Scanning file cache for directory 'B:/work/NasaHackaton/NASAApp/Saved/Collections/' took 0.01s
[2017.04.30-06.22.03:953][  0]LogFileCache: Scanning file cache for directory 'B:/work/NasaHackaton/NASAApp/Content/Developers/sasha/Collections/' took 0.01s
[2017.04.30-06.22.03:953][  0]LogFileCache: Scanning file cache for directory 'B:/work/NasaHackaton/NASAApp/Content/Collections/' took 0.01s
[2017.04.30-06.22.03:953][  0]LogCollectionManager: Rebuilt the GUID cache for 0 collections in 0.000002 seconds
[2017.04.30-06.22.03:972][  0]LogContentBrowser: Native class hierarchy populated in 0.0184 seconds. Added 2270 classes and 462 folders.
[2017.04.30-06.22.03:978][  0]LogStats: UGameplayTagsManager::ConstructGameplayTagTree: Construct from data asset -  0.000 s
[2017.04.30-06.22.03:978][  0]LogStats: UGameplayTagsManager::ConstructGameplayTagTree: GameplayTagTreeChangedEvent.Broadcast -  0.000 s
[2017.04.30-06.22.04:151][  0]LogContentBrowser: Native class hierarchy updated for 'WidgetCarousel' in 0.0008 seconds. Added 0 classes and 0 folders.
[2017.04.30-06.22.05:518][  0]LogContentBrowser: Native class hierarchy updated for 'AddContentDialog' in 0.0020 seconds. Added 0 classes and 0 folders.
[2017.04.30-06.22.05:643][  0]LogContentBrowser: Native class hierarchy updated for 'SceneOutliner' in 0.0008 seconds. Added 1 classes and 2 folders.
[2017.04.30-06.22.05:836][  0]LogCrashTracker: Crashtracker disabled due to settings.
[2017.04.30-06.22.05:846][  0]LogUObjectGlobals:Warning: Failed to find object 'Class None.'
[2017.04.30-06.22.06:017][  0]LogContentBrowser: Native class hierarchy updated for 'HierarchicalLODOutliner' in 0.0025 seconds. Added 1 classes and 2 folders.
[2017.04.30-06.22.06:018][  0]LogLoad: (Engine Initialization) Total time: 83.71 seconds
[2017.04.30-06.22.06:018][  0]LogLoad: (Engine Initialization) Total Blueprint compile time: 0.44 seconds
[2017.04.30-06.22.06:018][  0]LogExternalProfiler: Found external profiler: VSPerf
[2017.04.30-06.22.06:018][  0]LogExternalProfiler: Using external profiler: VSPerf
[2017.04.30-06.22.06:038][  0]LogOcInput: OculusInput pre-init called
[2017.04.30-06.22.06:060][  0]LogContentStreaming: Texture pool size now 400 MB
[2017.04.30-06.22.06:062][  0]LogSlate: Took 0.000536 seconds to synchronously load lazily loaded font '../../../Engine/Content/Slate/Fonts/Roboto-Regular.ttf' (155K)
[2017.04.30-06.22.06:131][  0]LogSlate: Took 0.057981 seconds to synchronously load lazily loaded font '../../../Engine/Content/Slate/Fonts/Roboto-Bold.ttf' (160K)
[2017.04.30-06.22.06:164][  0]LogSlate: Took 0.022665 seconds to synchronously load lazily loaded font '../../../Engine/Content/Editor/Slate/Fonts/FontAwesome.ttf' (139K)
[2017.04.30-06.22.06:371][  0]LogSlate: Took 0.000432 seconds to synchronously load lazily loaded font '../../../Engine/Content/Slate/Fonts/Roboto-Light.ttf' (159K)
[2017.04.30-06.22.06:475][  0]LogRenderer: Reallocating scene render targets to support 724x536 NumSamples 1 (Frame:2).
[2017.04.30-06.22.07:218][  2]LogAssetRegistry: Asset discovery search completed in 59.0307 seconds
[2017.04.30-06.22.07:218][  2]LogCollectionManager: Rebuilt the object cache for 0 collections in 0.000013 seconds (found 0 objects)
[2017.04.30-06.22.07:218][  2]LogCollectionManager: Fixed up redirectors for 0 collections in 0.000036 seconds (updated 0 objects)
[2017.04.30-06.22.18:306][276]LogEditorViewport: Clicking on Actor (context menu): BP_Sky_Sphere_C (SkySphereBlueprint)
[2017.04.30-06.22.26:406][446]LogEditorViewport: Clicking on Actor (LMB): BP_Sky_Sphere_C (SkySphereBlueprint)
[2017.04.30-06.22.33:751][603]LogSlate: Took 0.000372 seconds to synchronously load lazily loaded font '../../../Engine/Content/Slate/Fonts/Roboto-Light.ttf' (159K)
[2017.04.30-06.22.34:551][603]LogLinker:Warning: Asset '../../../Engine/Plugins/Marketplace/LowEntryExtStdLib/Content/Blueprints/LowEntryExtendedStandardLibraryMacros.uasset' has been saved with empty engine version. The asset will be loaded but may be incompatible.
[2017.04.30-06.22.34:578][603]LogSlate: Took 0.000342 seconds to synchronously load lazily loaded font '../../../Engine/Content/Slate/Fonts/Roboto-Regular.ttf' (155K)
[2017.04.30-06.22.34:927][603]LogContentBrowser: Native class hierarchy updated for 'BlueprintGraph' in 0.0015 seconds. Added 112 classes and 0 folders.
[2017.04.30-06.22.38:700][636]LogSlate: Took 0.035551 seconds to synchronously load lazily loaded font '../../../Engine/Content/Editor/Slate/Fonts/Roboto-BoldCondensed.ttf' (158K)
[2017.04.30-06.22.42:807][719]LogSlate: Took 0.029628 seconds to synchronously load lazily loaded font '../../../Engine/Content/Editor/Slate/Fonts/Roboto-Italic.ttf' (157K)
[2017.04.30-06.22.43:266][726]LogRenderer: Reallocating scene render targets to support 752x688 NumSamples 1 (Frame:712).
[2017.04.30-06.23.11:204][892]LogWindowsTextInputMethodSystem:Display: IME system now deactivated.
[2017.04.30-06.23.11:204][892]LogWindowsTextInputMethodSystem:Display: IME system now deactivated.
[2017.04.30-06.25.52:423][367]LogWindowsTextInputMethodSystem:Display: IME system now deactivated.
[2017.04.30-06.25.52:423][367]LogWindowsTextInputMethodSystem:Display: IME system now deactivated.
[2017.04.30-06.26.14:191][189]LogSlate: Took 0.000367 seconds to synchronously load lazily loaded font '../../../Engine/Content/Slate/Fonts/Roboto-Light.ttf' (159K)
[2017.04.30-06.26.57:154][884]LogEditorTransaction: Undo Add Widget
[2017.04.30-06.32.06:501][823]LogFileHelpers: Editor autosave (incl. sublevels) for '/Game/ThirdPersonBP/Maps/ThirdPersonExampleMap' took 0.127
[2017.04.30-06.32.06:502][823]OBJ SavePackage: Generating thumbnails for [0] asset(s) in package [/Game/Sprites/NewsUI] ([1] browsable assets)...
[2017.04.30-06.32.06:502][823]OBJ SavePackage: Finished generating thumbnails for package [/Game/Sprites/NewsUI]
[2017.04.30-06.32.06:503][823]Cmd: OBJ SAVEPACKAGE PACKAGE="/Game/Sprites/NewsUI" FILE="B:/work/NasaHackaton/NASAApp/Saved/Autosaves/Game/Sprites/NewsUI_Auto1.uasset" SILENT=false AUTOSAVING=true
[2017.04.30-06.32.06:518][823]LogSavePackage: Save=13.05ms
[2017.04.30-06.32.06:518][823]LogSavePackage: Moving 'B:/work/NasaHackaton/NASAApp/Saved/NewsUI_Auto1EC0A6EFB4A681B9F38B9E5BC1EDC05EC.tmp' to 'B:/work/NasaHackaton/NASAApp/Saved/Autosaves/Game/Sprites/NewsUI_Auto1.uasset'
[2017.04.30-06.32.06:519][823]LogSavePackage:Display: Finished SavePackage B:/work/NasaHackaton/NASAApp/Saved/Autosaves/Game/Sprites/NewsUI_Auto1.uasset
[2017.04.30-06.32.06:519][823]LogFileHelpers: Auto-saving content packages took 0.018
[2017.04.30-07.11.18:483][710]LogWindowsTextInputMethodSystem:Display: IME system now deactivated.
[2017.04.30-07.11.18:809][711]Cmd: QUIT_EDITOR
[2017.04.30-07.11.18:933][711]LogExit: Preparing to exit.
[2017.04.30-07.11.19:809][711]LogExit: Editor shut down
[2017.04.30-07.11.19:810][711]LogExit: Transaction tracking system shut down
[2017.04.30-07.11.20:016][711]LogObj: Freed 0b from 0 cluster array pools.
[2017.04.30-07.11.20:017][711]LogExit: Object subsystem successfully closed.
[2017.04.30-07.11.20:040][711]LogD3D11RHI: Shutdown
[2017.04.30-07.11.20:040][711]LogD3D11RHI: CleanupD3DDevice
[2017.04.30-07.11.20:177][711]LogD3D11RHI: ~FD3D11DynamicRHI
[2017.04.30-07.11.20:224][711]LogModuleManager: Shutting down and abandoning module SequencerWidgets (508)
[2017.04.30-07.11.20:224][711]LogModuleManager: Shutting down and abandoning module BlueprintGraph (506)
[2017.04.30-07.11.20:224][711]LogModuleManager: Shutting down and abandoning module BlueprintProfiler (504)
[2017.04.30-07.11.20:224][711]LogModuleManager: Shutting down and abandoning module HierarchicalLODOutliner (502)
[2017.04.30-07.11.20:224][711]LogModuleManager: Shutting down and abandoning module CrashTracker (500)
[2017.04.30-07.11.20:224][711]LogModuleManager: Shutting down and abandoning module SceneOutliner (498)
[2017.04.30-07.11.20:224][711]LogModuleManager: Shutting down and abandoning module AddContentDialog (496)
[2017.04.30-07.11.20:224][711]LogDirectoryWatcher: A directory notification for 'C:/Program Files/Epic Games/UE_4.15/FeaturePacks/' was aborted.
[2017.04.30-07.11.20:229][711]LogModuleManager: Shutting down and abandoning module WidgetCarousel (495)
[2017.04.30-07.11.20:229][711]LogModuleManager: Shutting down and abandoning module EditorWidgets (492)
[2017.04.30-07.11.20:229][711]LogModuleManager: Shutting down and abandoning module CollectionManager (490)
[2017.04.30-07.11.20:229][711]LogDirectoryWatcher: A directory notification for 'B:/work/NasaHackaton/NASAApp/Content/Collections/' was aborted.
[2017.04.30-07.11.20:229][711]LogDirectoryWatcher: A directory notification for 'B:/work/NasaHackaton/NASAApp/Content/Developers/sasha/Collections/' was aborted.
[2017.04.30-07.11.20:229][711]LogDirectoryWatcher: A directory notification for 'B:/work/NasaHackaton/NASAApp/Saved/Collections/' was aborted.
[2017.04.30-07.11.20:229][711]LogModuleManager: Shutting down and abandoning module StatsViewer (488)
[2017.04.30-07.11.20:229][711]LogModuleManager: Shutting down and abandoning module FoliageEdit (486)
[2017.04.30-07.11.20:229][711]LogModuleManager: Shutting down and abandoning module LandscapeEditor (484)
[2017.04.30-07.11.20:230][711]LogModuleManager: Shutting down and abandoning module SceneDepthPickerMode (482)
[2017.04.30-07.11.20:230][711]LogModuleManager: Shutting down and abandoning module ActorPickerMode (480)
[2017.04.30-07.11.20:230][711]LogModuleManager: Shutting down and abandoning module GeometryMode (478)
[2017.04.30-07.11.20:230][711]LogModuleManager: Shutting down and abandoning module TextureAlignMode (476)
[2017.04.30-07.11.20:230][711]LogModuleManager: Shutting down and abandoning module BspMode (474)
[2017.04.30-07.11.20:230][711]LogModuleManager: Shutting down and abandoning module HardwareSurvey (472)
[2017.04.30-07.11.20:230][711]LogModuleManager: Shutting down and abandoning module SequenceRecorderSections (470)
[2017.04.30-07.11.20:230][711]LogModuleManager: Shutting down and abandoning module AutomationWorker (468)
[2017.04.30-07.11.20:230][711]LogModuleManager: Shutting down and abandoning module MatineeToLevelSequence (466)
[2017.04.30-07.11.20:230][711]LogModuleManager: Shutting down and abandoning module LevelSequenceEditor (464)
[2017.04.30-07.11.20:230][711]LogModuleManager: Shutting down and abandoning module PlacementMode (463)
[2017.04.30-07.11.20:230][711]LogModuleManager: Shutting down and abandoning module WmfMediaFactory (460)
[2017.04.30-07.11.20:230][711]LogModuleManager: Shutting down and abandoning module WmfMediaEditor (458)
[2017.04.30-07.11.20:230][711]LogModuleManager: Shutting down and abandoning module MfMediaFactory (456)
[2017.04.30-07.11.20:230][711]LogModuleManager: Shutting down and abandoning module MfMediaEditor (454)
[2017.04.30-07.11.20:230][711]LogModuleManager: Shutting down and abandoning module AvfMediaFactory (452)
[2017.04.30-07.11.20:230][711]LogModuleManager: Shutting down and abandoning module AvfMediaEditor (450)
[2017.04.30-07.11.20:230][711]LogModuleManager: Shutting down and abandoning module AndroidMediaFactory (448)
[2017.04.30-07.11.20:231][711]LogModuleManager: Shutting down and abandoning module Media (447)
[2017.04.30-07.11.20:231][711]LogModuleManager: Shutting down and abandoning module AndroidMediaEditor (444)
[2017.04.30-07.11.20:231][711]LogModuleManager: Shutting down and abandoning module CharacterAI (442)
[2017.04.30-07.11.20:231][711]LogModuleManager: Shutting down and abandoning module AudioCapture (440)
[2017.04.30-07.11.20:231][711]LogModuleManager: Shutting down and abandoning module SequenceRecorder (439)
[2017.04.30-07.11.20:231][711]LogModuleManager: Shutting down and abandoning module SmartSnapping (436)
[2017.04.30-07.11.20:231][711]LogModuleManager: Shutting down and abandoning module SessionServices (434)
[2017.04.30-07.11.20:231][711]LogModuleManager: Shutting down and abandoning module ViewportSnapping (432)
[2017.04.30-07.11.20:231][711]LogModuleManager: Shutting down and abandoning module ViewportInteraction (430)
[2017.04.30-07.11.20:231][711]LogModuleManager: Shutting down and abandoning module LogVisualizer (428)
[2017.04.30-07.11.20:231][711]LogModuleManager: Shutting down and abandoning module IntroTutorials (426)
[2017.04.30-07.11.20:231][711]LogModuleManager: Shutting down and abandoning module GameProjectGeneration (425)
[2017.04.30-07.11.20:231][711]LogModuleManager: Shutting down and abandoning module EditorLiveStreaming (422)
[2017.04.30-07.11.20:231][711]LogModuleManager: Shutting down and abandoning module IOSPlatformEditor (420)
[2017.04.30-07.11.20:231][711]LogModuleManager: Shutting down and abandoning module HTML5PlatformEditor (418)
[2017.04.30-07.11.20:231][711]LogModuleManager: Shutting down and abandoning module AndroidPlatformEditor (416)
[2017.04.30-07.11.20:231][711]LogModuleManager: Shutting down and abandoning module AndroidDeviceDetection (415)
[2017.04.30-07.11.20:537][711]LogModuleManager: Shutting down and abandoning module IOSRuntimeSettings (412)
[2017.04.30-07.11.20:537][711]LogModuleManager: Shutting down and abandoning module AndroidRuntimeSettings (410)
[2017.04.30-07.11.20:537][711]LogModuleManager: Shutting down and abandoning module InputBindingEditor (408)
[2017.04.30-07.11.20:537][711]LogModuleManager: Shutting down and abandoning module NiagaraEditor (406)
[2017.04.30-07.11.20:537][711]LogModuleManager: Shutting down and abandoning module MergeActors (404)
[2017.04.30-07.11.20:537][711]LogModuleManager: Shutting down and abandoning module SizeMap (402)
[2017.04.30-07.11.20:537][711]LogModuleManager: Shutting down and abandoning module TreeMap (400)
[2017.04.30-07.11.20:537][711]LogModuleManager: Shutting down and abandoning module ReferenceViewer (398)
[2017.04.30-07.11.20:537][711]LogModuleManager: Shutting down and abandoning module LocalizationDashboard (396)
[2017.04.30-07.11.20:537][711]LogModuleManager: Shutting down and abandoning module LocalizationService (395)
[2017.04.30-07.11.20:537][711]LogModuleManager: Shutting down and abandoning module HardwareTargeting (392)
[2017.04.30-07.11.20:537][711]LogModuleManager: Shutting down and abandoning module DeviceProfileEditor (390)
[2017.04.30-07.11.20:537][711]LogModuleManager: Shutting down and abandoning module UndoHistory (388)
[2017.04.30-07.11.20:537][711]LogModuleManager: Shutting down and abandoning module UserFeedback (386)
[2017.04.30-07.11.20:537][711]LogModuleManager: Shutting down and abandoning module XmlParser (384)
[2017.04.30-07.11.20:537][711]LogModuleManager: Shutting down and abandoning module Blutility (382)
[2017.04.30-07.11.20:537][711]LogModuleManager: Shutting down and abandoning module ProjectSettingsViewer (380)
[2017.04.30-07.11.20:538][711]LogModuleManager: Shutting down and abandoning module ProjectTargetPlatformEditor (379)
[2017.04.30-07.11.20:538][711]LogModuleManager: Shutting down and abandoning module EditorSettingsViewer (376)
[2017.04.30-07.11.20:538][711]LogModuleManager: Shutting down and abandoning module SettingsEditor (374)
[2017.04.30-07.11.20:538][711]LogModuleManager: Shutting down and abandoning module ProjectLauncher (372)
[2017.04.30-07.11.20:538][711]LogModuleManager: Shutting down and abandoning module SessionFrontend (370)
[2017.04.30-07.11.20:538][711]LogModuleManager: Shutting down and abandoning module ProfilerClient (368)
[2017.04.30-07.11.20:538][711]LogModuleManager: Shutting down and abandoning module DeviceManager (366)
[2017.04.30-07.11.20:538][711]LogModuleManager: Shutting down and abandoning module TargetDeviceServices (365)
[2017.04.30-07.11.20:580][711]LogModuleManager: Shutting down and abandoning module AutomationController (362)
[2017.04.30-07.11.20:580][711]LogModuleManager: Shutting down and abandoning module AutomationWindow (360)
[2017.04.30-07.11.20:580][711]LogModuleManager: Shutting down and abandoning module Layers (358)
[2017.04.30-07.11.20:580][711]LogModuleManager: Shutting down and abandoning module ComponentVisualizers (356)
[2017.04.30-07.11.20:580][711]LogModuleManager: Shutting down and abandoning module DetailCustomizations (354)
[2017.04.30-07.11.20:580][711]LogModuleManager: Shutting down and abandoning module PackagesDialog (352)
[2017.04.30-07.11.20:580][711]LogModuleManager: Shutting down and abandoning module Persona (350)
[2017.04.30-07.11.20:580][711]LogModuleManager: Shutting down and abandoning module AnimGraph (349)
[2017.04.30-07.11.20:580][711]LogModuleManager: Shutting down and abandoning module Kismet (346)
[2017.04.30-07.11.20:601][711]LogModuleManager: Shutting down and abandoning module GraphEditor (344)
[2017.04.30-07.11.20:601][711]LogModuleManager: Shutting down and abandoning module ClassViewer (342)
[2017.04.30-07.11.20:601][711]LogModuleManager: Shutting down and abandoning module Toolbox (340)
[2017.04.30-07.11.20:601][711]LogModuleManager: Shutting down and abandoning module ModuleUI (338)
[2017.04.30-07.11.20:601][711]LogModuleManager: Shutting down and abandoning module MovieSceneTools (336)
[2017.04.30-07.11.20:601][711]LogModuleManager: Shutting down and abandoning module OutputLog (334)
[2017.04.30-07.11.20:602][711]LogModuleManager: Shutting down and abandoning module GammaUI (332)
[2017.04.30-07.11.20:602][711]LogModuleManager: Shutting down and abandoning module Documentation (330)
[2017.04.30-07.11.20:602][711]LogModuleManager: Shutting down and abandoning module Niagara (328)
[2017.04.30-07.11.20:602][711]LogModuleManager: Shutting down and abandoning module StreamingPauseRendering (326)
[2017.04.30-07.11.20:602][711]LogModuleManager: Shutting down and abandoning module AnalyticsET (324)
[2017.04.30-07.11.20:602][711]LogModuleManager: Shutting down and abandoning module PortalServices (322)
[2017.04.30-07.11.20:602][711]LogModuleManager: Shutting down and abandoning module PortalRpc (320)
[2017.04.30-07.11.20:602][711]LogModuleManager: Shutting down and abandoning module MessagingRpc (318)
[2017.04.30-07.11.20:602][711]LogModuleManager: Shutting down and abandoning module AIModule (316)
[2017.04.30-07.11.20:602][711]LogModuleManager: Shutting down and abandoning module GameplayDebugger (315)
[2017.04.30-07.11.20:602][711]LogModuleManager: Shutting down and abandoning module AITestSuite (313)
[2017.04.30-07.11.20:602][711]LogModuleManager: Shutting down and abandoning module ProfilerService (310)
[2017.04.30-07.11.20:807][711]LogModuleManager: Shutting down and abandoning module TaskGraph (308)
[2017.04.30-07.11.20:807][711]LogModuleManager: Shutting down and abandoning module SteamVRController (306)
[2017.04.30-07.11.20:807][711]LogModuleManager: Shutting down and abandoning module SteamVR (304)
[2017.04.30-07.11.20:807][711]LogModuleManager: Shutting down and abandoning module ProceduralMeshComponentEditor (302)
[2017.04.30-07.11.20:807][711]LogModuleManager: Shutting down and abandoning module ProceduralMeshComponent (300)
[2017.04.30-07.11.20:807][711]LogModuleManager: Shutting down and abandoning module OculusLibrary (298)
[2017.04.30-07.11.20:807][711]LogModuleManager: Shutting down and abandoning module OculusInput (296)
[2017.04.30-07.11.20:807][711]LogModuleManager: Shutting down and abandoning module MobilePatchingUtils (294)
[2017.04.30-07.11.20:807][711]LogModuleManager: Shutting down and abandoning module CustomMeshComponent (292)
[2017.04.30-07.11.20:807][711]LogModuleManager: Shutting down and abandoning module CableComponent (290)
[2017.04.30-07.11.20:807][711]LogModuleManager: Shutting down and abandoning module ArchVisCharacter (288)
[2017.04.30-07.11.20:807][711]LogModuleManager: Shutting down and abandoning module MediaPlayerEditor (284)
[2017.04.30-07.11.20:807][711]LogModuleManager: Shutting down and abandoning module LowEntryExtendedStandardLibraryEditor (282)
[2017.04.30-07.11.20:807][711]LogModuleManager: Shutting down and abandoning module HTML5Networking (280)
[2017.04.30-07.11.20:807][711]LogModuleManager: Shutting down and abandoning module AlembicImporter (278)
[2017.04.30-07.11.20:807][711]LogModuleManager: Shutting down and abandoning module AlembicLibrary (277)
[2017.04.30-07.11.20:807][711]LogModuleManager: Shutting down and abandoning module GeometryCache (276)
[2017.04.30-07.11.20:807][711]LogModuleManager: Shutting down and abandoning module GeometryCacheEd (275)
[2017.04.30-07.11.20:807][711]LogModuleManager: Shutting down and abandoning module SuperSearchEditor (270)
[2017.04.30-07.11.20:807][711]LogModuleManager: Shutting down and abandoning module SuperSearch (269)
[2017.04.30-07.11.20:807][711]LogModuleManager: Shutting down and abandoning module SpeedTreeImporter (266)
[2017.04.30-07.11.20:807][711]LogModuleManager: Shutting down and abandoning module PluginBrowser (264)
[2017.04.30-07.11.20:807][711]LogModuleManager: Shutting down and abandoning module MobileLauncherProfileWizard (262)
[2017.04.30-07.11.20:808][711]LogModuleManager: Shutting down and abandoning module EpicSurvey (260)
[2017.04.30-07.11.20:808][711]LogModuleManager: Shutting down and abandoning module VisualStudioSourceCodeAccess (258)
[2017.04.30-07.11.20:808][711]LogModuleManager: Shutting down and abandoning module DesktopPlatform (257)
[2017.04.30-07.11.20:808][711]LogModuleManager: Shutting down and abandoning module UObjectPlugin (254)
[2017.04.30-07.11.20:808][711]LogModuleManager: Shutting down and abandoning module SubversionSourceControl (252)
[2017.04.30-07.11.20:808][711]LogModuleManager: Shutting down and abandoning module PerforceSourceControl (250)
[2017.04.30-07.11.20:808][711]LogModuleManager: Shutting down and abandoning module GitSourceControl (248)
[2017.04.30-07.11.20:808][711]LogModuleManager: Shutting down and abandoning module SourceControl (247)
[2017.04.30-07.11.20:808][711]LogModuleManager: Shutting down and abandoning module LightPropagationVolumeEditor (244)
[2017.04.30-07.11.20:808][711]LogModuleManager: Shutting down and abandoning module PaperTiledImporter (242)
[2017.04.30-07.11.20:808][711]LogModuleManager: Shutting down and abandoning module PaperSpriteSheetImporter (240)
[2017.04.30-07.11.20:808][711]LogModuleManager: Shutting down and abandoning module Paper2DEditor (238)
[2017.04.30-07.11.20:808][711]LogModuleManager: Shutting down and abandoning module MeshPaint (237)
[2017.04.30-07.11.20:808][711]LogModuleManager: Shutting down and abandoning module LevelEditor (235)
[2017.04.30-07.11.20:811][711]LogModuleManager: Shutting down and abandoning module PixelInspectorModule (234)
[2017.04.30-07.11.20:811][711]LogModuleManager: Shutting down and abandoning module MainFrame (232)
[2017.04.30-07.11.20:811][711]LogModuleManager: Shutting down and abandoning module HotReload (231)
[2017.04.30-07.11.20:813][711]LogModuleManager: Shutting down and abandoning module ContentBrowser (227)
[2017.04.30-07.11.20:816][711]LogModuleManager: Shutting down and abandoning module PhysXVehiclesEditor (224)
[2017.04.30-07.11.20:816][711]LogModuleManager: Shutting down and abandoning module PhysXVehicles (222)
[2017.04.30-07.11.20:816][711]LogModuleManager: Shutting down and abandoning module LocationServicesBPLibrary (220)
[2017.04.30-07.11.20:816][711]LogModuleManager: Shutting down and abandoning module UdpMessaging (218)
[2017.04.30-07.11.20:917][711]LogModuleManager: Shutting down and abandoning module TcpMessaging (216)
[2017.04.30-07.11.21:018][711]LogModuleManager: Shutting down and abandoning module LowEntryExtendedStandardLibrary (214)
[2017.04.30-07.11.21:018][711]LogModuleManager: Shutting down and abandoning module GameplayTagsEditor (212)
[2017.04.30-07.11.21:018][711]LogModuleManager: Shutting down and abandoning module FacialAnimationEditor (210)
[2017.04.30-07.11.21:018][711]LogModuleManager: Shutting down and abandoning module FacialAnimation (208)
[2017.04.30-07.11.21:018][711]LogModuleManager: Shutting down and abandoning module LightPropagationVolumeRuntime (206)
[2017.04.30-07.11.21:018][711]LogModuleManager: Shutting down and abandoning module Paper2D (204)
[2017.04.30-07.11.21:018][711]LogModuleManager: Shutting down and abandoning module WindowsMoviePlayer (202)
[2017.04.30-07.11.21:018][711]LogModuleManager: Shutting down and abandoning module WmfMedia (200)
[2017.04.30-07.11.21:019][711]LogModuleManager: Shutting down and abandoning module MfMedia (198)
[2017.04.30-07.11.21:019][711]LogModuleManager: Shutting down and abandoning module MediaAssets (196)
[2017.04.30-07.11.21:019][711]LogModuleManager: Shutting down and abandoning module GameLiveStreaming (194)
[2017.04.30-07.11.21:019][711]LogModuleManager: Shutting down and abandoning module VREditor (192)
[2017.04.30-07.11.21:019][711]LogModuleManager: Shutting down and abandoning module GameplayTasksEditor (190)
[2017.04.30-07.11.21:019][711]LogModuleManager: Shutting down and abandoning module BehaviorTreeEditor (188)
[2017.04.30-07.11.21:019][711]LogModuleManager: Shutting down and abandoning module FunctionalTesting (186)
[2017.04.30-07.11.21:020][711]LogModuleManager: Shutting down and abandoning module CollisionAnalyzer (184)
[2017.04.30-07.11.21:020][711]LogModuleManager: Shutting down and abandoning module UMG (182)
[2017.04.30-07.11.21:020][711]LogModuleManager: Shutting down and abandoning module UMGEditor (181)
[2017.04.30-07.11.21:020][711]LogModuleManager: Shutting down and abandoning module Sequencer (180)
[2017.04.30-07.11.21:020][711]LogModuleManager: Shutting down and abandoning module AssetTools (178)
[2017.04.30-07.11.21:020][711]LogModuleManager: Shutting down and abandoning module MessageLog (177)
[2017.04.30-07.11.21:020][711]LogModuleManager: Shutting down and abandoning module WorkspaceMenuStructure (176)
[2017.04.30-07.11.21:020][711]LogModuleManager: Shutting down and abandoning module SlateReflector (170)
[2017.04.30-07.11.21:020][711]LogModuleManager: Shutting down and abandoning module Slate (168)
[2017.04.30-07.11.21:020][711]LogModuleManager: Shutting down and abandoning module EditorStyle (166)
[2017.04.30-07.11.21:032][711]LogModuleManager: Shutting down and abandoning module SourceCodeAccess (164)
[2017.04.30-07.11.21:032][711]LogModuleManager: Shutting down and abandoning module HeadMountedDisplay (162)
[2017.04.30-07.11.21:032][711]LogModuleManager: Shutting down and abandoning module XAudio2 (160)
[2017.04.30-07.11.21:032][711]LogModuleManager: Shutting down and abandoning module Networking (158)
[2017.04.30-07.11.21:032][711]LogModuleManager: Shutting down and abandoning module Core (154)
[2017.04.30-07.11.21:032][711]LogModuleManager: Shutting down and abandoning module AssetRegistry (152)
[2017.04.30-07.11.21:271][711]LogDirectoryWatcher: A directory notification for '../../../Engine/Content/' was aborted.
[2017.04.30-07.11.21:272][711]LogDirectoryWatcher: A directory notification for 'B:/work/NasaHackaton/NASAApp/Content/' was aborted.
[2017.04.30-07.11.21:272][711]LogDirectoryWatcher: A directory notification for '../../../Engine/Plugins/2D/Paper2D/Content/' was aborted.
[2017.04.30-07.11.21:272][711]LogDirectoryWatcher: A directory notification for '../../../Engine/Plugins/Marketplace/LowEntryExtStdLib/Content/' was aborted.
[2017.04.30-07.11.21:272][711]LogModuleManager: Shutting down and abandoning module DirectoryWatcher (151)
[2017.04.30-07.11.21:277][711]LogModuleManager: Shutting down and abandoning module KismetCompiler (148)
[2017.04.30-07.11.21:277][711]LogModuleManager: Shutting down and abandoning module PhysXFormats (146)
[2017.04.30-07.11.21:277][711]LogModuleManager: Shutting down and abandoning module MeshUtilities (144)
[2017.04.30-07.11.21:277][711]LogModuleManager: Shutting down and abandoning module SimplygonSwarm (143)
[2017.04.30-07.11.21:277][711]LogModuleManager: Shutting down and abandoning module SimplygonMeshReduction (141)
[2017.04.30-07.11.21:277][711]LogModuleManager: Shutting down and abandoning module QuadricMeshReduction (139)
[2017.04.30-07.11.21:277][711]LogModuleManager: Shutting down and abandoning module PropertyEditor (137)
[2017.04.30-07.11.21:277][711]LogModuleManager: Shutting down and abandoning module DerivedDataCache (134)
[2017.04.30-07.11.21:364][711]LogDerivedDataCache: Shutdown
[2017.04.30-07.11.21:364][711]LogModuleManager: Shutting down and abandoning module TargetPlatform (132)
[2017.04.30-07.11.21:365][711]LogModuleManager: Shutting down and abandoning module VulkanShaderFormat (131)
[2017.04.30-07.11.21:365][711]LogModuleManager: Shutting down and abandoning module ShaderFormatOpenGL (129)
[2017.04.30-07.11.21:365][711]LogModuleManager: Shutting down and abandoning module ShaderFormatD3D (127)
[2017.04.30-07.11.21:365][711]LogModuleManager: Shutting down and abandoning module MetalShaderFormat (125)
[2017.04.30-07.11.21:365][711]LogModuleManager: Shutting down and abandoning module TextureFormatUncompressed (123)
[2017.04.30-07.11.21:365][711]LogModuleManager: Shutting down and abandoning module TextureFormatPVR (121)
[2017.04.30-07.11.21:365][711]LogModuleManager: Shutting down and abandoning module TextureFormatDXT (119)
[2017.04.30-07.11.21:365][711]LogModuleManager: Shutting down and abandoning module TextureFormatIntelISPCTexComp (117)
[2017.04.30-07.11.21:367][711]LogModuleManager: Shutting down and abandoning module TextureFormatASTC (115)
[2017.04.30-07.11.21:367][711]LogModuleManager: Shutting down and abandoning module ImageWrapper (114)
[2017.04.30-07.11.21:367][711]LogModuleManager: Shutting down and abandoning module TextureFormatAndroid (111)
[2017.04.30-07.11.21:367][711]LogModuleManager: Shutting down and abandoning module AudioFormatOpus (109)
[2017.04.30-07.11.21:367][711]LogModuleManager: Shutting down and abandoning module AudioFormatOgg (107)
[2017.04.30-07.11.21:367][711]LogModuleManager: Shutting down and abandoning module AudioFormatADPCM (105)
[2017.04.30-07.11.21:368][711]LogModuleManager: Shutting down and abandoning module LinuxTargetPlatform (103)
[2017.04.30-07.11.21:368][711]LogModuleManager: Shutting down and abandoning module LinuxServerTargetPlatform (101)
[2017.04.30-07.11.21:368][711]LogModuleManager: Shutting down and abandoning module LinuxNoEditorTargetPlatform (99)
[2017.04.30-07.11.21:368][711]LogModuleManager: Shutting down and abandoning module LinuxClientTargetPlatform (97)
[2017.04.30-07.11.21:368][711]LogModuleManager: Shutting down and abandoning module TVOSTargetPlatform (95)
[2017.04.30-07.11.21:368][711]LogModuleManager: Shutting down and abandoning module Messaging (93)
[2017.04.30-07.11.21:368][711]LogModuleManager: Shutting down and abandoning module IOSTargetPlatform (91)
[2017.04.30-07.11.21:368][711]LogModuleManager: Shutting down and abandoning module HTML5TargetPlatform (89)
[2017.04.30-07.11.21:368][711]LogModuleManager: Shutting down and abandoning module Android_PVRTCTargetPlatform (87)
[2017.04.30-07.11.21:368][711]LogModuleManager: Shutting down and abandoning module Android_MultiTargetPlatform (85)
[2017.04.30-07.11.21:368][711]LogModuleManager: Shutting down and abandoning module Android_ETC2TargetPlatform (83)
[2017.04.30-07.11.21:369][711]LogModuleManager: Shutting down and abandoning module Android_ETC1TargetPlatform (81)
[2017.04.30-07.11.21:369][711]LogModuleManager: Shutting down and abandoning module Android_DXTTargetPlatform (79)
[2017.04.30-07.11.21:369][711]LogModuleManager: Shutting down and abandoning module Android_ATCTargetPlatform (77)
[2017.04.30-07.11.21:369][711]LogModuleManager: Shutting down and abandoning module Android_ASTCTargetPlatform (75)
[2017.04.30-07.11.21:369][711]LogModuleManager: Shutting down and abandoning module AndroidTargetPlatform (73)
[2017.04.30-07.11.21:369][711]LogModuleManager: Shutting down and abandoning module WindowsTargetPlatform (71)
[2017.04.30-07.11.21:369][711]LogModuleManager: Shutting down and abandoning module WindowsServerTargetPlatform (69)
[2017.04.30-07.11.21:369][711]LogModuleManager: Shutting down and abandoning module WindowsNoEditorTargetPlatform (67)
[2017.04.30-07.11.21:369][711]LogModuleManager: Shutting down and abandoning module WindowsClientTargetPlatform (65)
[2017.04.30-07.11.21:369][711]LogModuleManager: Shutting down and abandoning module MacTargetPlatform (63)
[2017.04.30-07.11.21:369][711]LogModuleManager: Shutting down and abandoning module MacServerTargetPlatform (61)
[2017.04.30-07.11.21:370][711]LogModuleManager: Shutting down and abandoning module MacNoEditorTargetPlatform (59)
[2017.04.30-07.11.21:370][711]LogModuleManager: Shutting down and abandoning module MacClientTargetPlatform (57)
[2017.04.30-07.11.21:370][711]LogModuleManager: Shutting down and abandoning module AllDesktopTargetPlatform (55)
[2017.04.30-07.11.21:370][711]LogModuleManager: Shutting down and abandoning module InputCore (52)
[2017.04.30-07.11.21:370][711]LogModuleManager: Shutting down and abandoning module Settings (50)
[2017.04.30-07.11.21:370][711]LogModuleManager: Shutting down and abandoning module OculusRift (48)
[2017.04.30-07.11.21:370][711]LogModuleManager: Shutting down and abandoning module GearVR (46)
[2017.04.30-07.11.21:370][711]LogModuleManager: Shutting down and abandoning module ExampleDeviceProfileSelector (44)
[2017.04.30-07.11.21:370][711]LogModuleManager: Shutting down and abandoning module OnlineBlueprintSupport (42)
[2017.04.30-07.11.21:370][711]LogModuleManager: Shutting down and abandoning module OnlineSubsystem (38)
[2017.04.30-07.11.21:370][711]LogOnline:Display: Unloading online subsystem: NULL
[2017.04.30-07.11.21:370][711]LogModuleManager: Shutting down and abandoning module XMPP (37)
[2017.04.30-07.11.21:371][711]LogModuleManager: Shutting down and abandoning module HTTP (35)
[2017.04.30-07.11.21:371][711]LogHttp:Display: Http module shutting down, but needs to wait on 1 outstanding Http requests:
[2017.04.30-07.11.21:371][711]LogHttp:Display: 	verb=[POST] url=[https://datarouter.ol.epicgames.com/datarouter/api/v1/public/data?SessionID=%7BE406BA66-47FF-F6F4-8557-80854655347E%7D&AppID=UEEditor.Rocket.Release&AppVersion=4.15.1-3348071%2B%2B%2BUE4%2BRelease-4.15&UserID=98d75ba54b5d898ba6fdde9420008f43%7C9bdb72dfb1914a5b8f564a99f4c24f58%7C3c7e1a6e-f277-44a2-a517-51df56dee6d0&AppEnvironment=datacollector-binary&UploadType=eteventstream] status=Processing
[2017.04.30-07.11.21:382][711]LogModuleManager: Shutting down and abandoning module SSL (34)
[2017.04.30-07.11.21:386][711]LogModuleManager: Shutting down and abandoning module AudioEditor (30)
[2017.04.30-07.11.21:386][711]LogModuleManager: Shutting down and abandoning module TextureCompressor (28)
[2017.04.30-07.11.21:386][711]LogModuleManager: Shutting down and abandoning module ShaderCore (26)
[2017.04.30-07.11.21:386][711]LogModuleManager: Shutting down and abandoning module Landscape (24)
[2017.04.30-07.11.21:386][711]LogModuleManager: Shutting down and abandoning module SlateRHIRenderer (22)
[2017.04.30-07.11.21:395][711]LogModuleManager: Shutting down and abandoning module OpenGLDrv (20)
[2017.04.30-07.11.21:395][711]LogModuleManager: Shutting down and abandoning module D3D11RHI (18)
[2017.04.30-07.11.21:395][711]LogModuleManager: Shutting down and abandoning module AnimGraphRuntime (16)
[2017.04.30-07.11.21:395][711]LogModuleManager: Shutting down and abandoning module Renderer (14)
[2017.04.30-07.11.21:395][711]LogModuleManager: Shutting down and abandoning module Engine (12)
[2017.04.30-07.11.21:395][711]LogModuleManager: Shutting down and abandoning module CoreUObject (10)
[2017.04.30-07.11.21:395][711]LogModuleManager: Shutting down and abandoning module NetworkFile (8)
[2017.04.30-07.11.21:395][711]LogModuleManager: Shutting down and abandoning module StreamingFile (6)
[2017.04.30-07.11.21:395][711]LogModuleManager: Shutting down and abandoning module SandboxFile (4)
[2017.04.30-07.11.21:395][711]LogModuleManager: Shutting down and abandoning module PakFile (2)
[2017.04.30-07.11.21:401][711]LogExit: Exiting.
[2017.04.30-07.11.21:417][711]Log file closed, 04/30/17 10:11:21
