Log file open, 04/29/17 14:36:18
LogInit:Display: Running engine for game: NASAApp
LogPlatformFile: Not using cached read wrapper
LogInit:Display: RandInit(116192714) SRandInit(116192715).
LogTaskGraph: Started task graph with 5 named threads and 8 total threads with 1 sets of task threads.
LogStats: Stats thread started at 0.093598
LogInit: Using libcurl 7.47.1
LogInit:  - built for x86_64-pc-win32
LogInit:  - supports SSL with OpenSSL/1.0.2g
LogInit:  - supports HTTP deflate (compression) using libz 1.2.8
LogInit:  - other features:
LogInit:      CURL_VERSION_SSL
LogInit:      CURL_VERSION_LIBZ
LogInit:      CURL_VERSION_IPV6
LogInit:      CURL_VERSION_ASYNCHDNS
LogInit:      CURL_VERSION_LARGEFILE
LogInit:      CURL_VERSION_IDN
LogInit:  CurlRequestOptions (configurable via config and command line):
LogInit:  - bVerifyPeer = false  - Libcurl will NOT verify peer certificate
LogInit:  - bUseHttpProxy = false  - Libcurl will NOT use HTTP proxy
LogInit:  - bDontReuseConnections = false  - Libcurl will reuse connections
LogInit:  - CertBundlePath = nullptr  - Libcurl will use whatever was configured at build time.
LogInit: Build: ++UE4+Release-4.15-CL-3348071
LogInit: Engine Version: 4.15.1-3348071+++UE4+Release-4.15
LogInit: Compatible Engine Version: 4.15.0-3299760+++UE4+Release-4.15
LogInit: Net CL: 3299760
LogDevObjectVersion: Number of dev versions registered: 14
LogDevObjectVersion:   Dev-Blueprints (B0D832E4-1F89-4F0D-ACCF-7EB736FD4AA2): 8
LogDevObjectVersion:   Dev-Build (E1C64328-A22C-4D53-A36C-8E866417BD8C): 0
LogDevObjectVersion:   Dev-Core (375EC13C-06E4-48FB-B500-84F0262A717E): 2
LogDevObjectVersion:   Dev-Editor (E4B068ED-F494-42E9-A231-DA0B2E46BB41): 14
LogDevObjectVersion:   Dev-Framework (CFFC743F-43B0-4480-9391-14DF171D2073): 22
LogDevObjectVersion:   Dev-Mobile (B02B49B5-BB20-44E9-A304-32B752E40360): 0
LogDevObjectVersion:   Dev-Networking (A4E4105C-59A1-49B5-A7C5-40C4547EDFEE): 0
LogDevObjectVersion:   Dev-Online (39C831C9-5AE6-47DC-9A44-9C173E1C8E7C): 0
LogDevObjectVersion:   Dev-Physics (78F01B33-EBEA-4F98-B9B4-84EACCB95AA2): 0
LogDevObjectVersion:   Dev-Platform (6631380F-2D4D-43E0-8009-CF276956A95A): 0
LogDevObjectVersion:   Dev-Rendering (12F88B9F-8875-4AFC-A67C-D90C383ABD29): 12
LogDevObjectVersion:   Dev-Sequencer (7B5AE74C-D270-4C10-A958-57980B212A5A): 3
LogDevObjectVersion:   Dev-VR (D7296918-1DD6-4BDD-9DE2-64A83CC13884): 0
LogDevObjectVersion:   Dev-LoadTimes (C2A15278-BFE7-4AFE-6C17-90FF531DF755): 1
LogInit: Compiled (64-bit): Mar 15 2017 16:52:47
LogInit: Compiled with Visual C++: 19.00.23026.00
LogInit: Build Configuration: Development
LogInit: Branch Name: ++UE4+Release-4.15
LogInit: Command line: -EpicPortal 
LogInit: Base directory: C:/Program Files/Epic Games/UE_4.15/Engine/Binaries/Win64/
LogInit: Installed Engine Build: 1
LogInit: Presizing for max 8388607 objects, including 0 objects not considered by GC, pre-allocating 0 bytes for permanent pool.
LogInit: Object subsystem initialized
[2017.04.29-11.36.20:181][  0]LogInit: Selected Device Profile: [Windows]
[2017.04.29-11.36.20:181][  0]LogInit: Applying CVar settings loaded from the selected device profile: [Windows]
[2017.04.29-11.36.20:190][  0]LogInit: Computer: LAPTOP-LJDIHIDU
[2017.04.29-11.36.20:190][  0]LogInit: User: alexp
[2017.04.29-11.36.20:190][  0]LogInit: CPU Page size=65536, Cores=4
[2017.04.29-11.36.20:190][  0]LogInit: High frequency timer resolution =2.531251 MHz
[2017.04.29-11.36.20:191][  0]LogMemory: Memory total: Physical=15.9GB (16GB approx)
[2017.04.29-11.36.20:191][  0]LogMemory: Platform Memory Stats for Windows
[2017.04.29-11.36.20:191][  0]LogMemory: Process Physical Memory: 266.00 MB used, 266.00 MB peak
[2017.04.29-11.36.20:191][  0]LogMemory: Process Virtual Memory: 262.52 MB used, 262.52 MB peak
[2017.04.29-11.36.20:191][  0]LogMemory: Physical Memory: 8430.20 MB used,  7835.58 MB free, 16265.78 MB total
[2017.04.29-11.36.20:191][  0]LogMemory: Virtual Memory: 645.46 MB used,  7835.58 MB free, 134217728.00 MB total
[2017.04.29-11.36.20:357][  0]LogTextLocalizationManager: No specific translations for ('en-US') exist, so ('en') translations will be used.
[2017.04.29-11.36.21:195][  0]LogD3D11RHI: D3D11 adapters:
[2017.04.29-11.36.21:780][  0]LogD3D11RHI:    0. 'NVIDIA GeForce GTX 980M' (Feature Level 11_0)
[2017.04.29-11.36.21:780][  0]LogD3D11RHI:       4061/0/8132 MB DedicatedVideo/DedicatedSystem/SharedSystem, Outputs:1, VendorId:0x10de
[2017.04.29-11.36.21:790][  0]LogD3D11RHI:    1. 'Intel(R) HD Graphics 530' (Feature Level 11_0)
[2017.04.29-11.36.21:790][  0]LogD3D11RHI:       128/0/8132 MB DedicatedVideo/DedicatedSystem/SharedSystem, Outputs:0, VendorId:0x8086
[2017.04.29-11.36.21:792][  0]LogD3D11RHI:    2. 'Microsoft Basic Render Driver' (Feature Level 11_0)
[2017.04.29-11.36.21:792][  0]LogD3D11RHI:       0/0/8132 MB DedicatedVideo/DedicatedSystem/SharedSystem, Outputs:0, VendorId:0x1414
[2017.04.29-11.36.21:792][  0]LogD3D11RHI: Chosen D3D11 Adapter: 0
[2017.04.29-11.36.21:798][  0]LogD3D11RHI: Creating new Direct3DDevice
[2017.04.29-11.36.21:799][  0]LogD3D11RHI:     GPU DeviceId: 0x13d7 (for the marketing name, search the web for "GPU Device Id")
[2017.04.29-11.36.21:799][  0]LogWindows: EnumDisplayDevices:
[2017.04.29-11.36.21:799][  0]LogWindows:    0. 'Intel(R) HD Graphics 530' (P:1 D:1)
[2017.04.29-11.36.21:799][  0]LogWindows:    1. 'Intel(R) HD Graphics 530' (P:0 D:0)
[2017.04.29-11.36.21:799][  0]LogWindows:    2. 'Intel(R) HD Graphics 530' (P:0 D:0)
[2017.04.29-11.36.21:799][  0]LogWindows:    3. 'NVIDIA GeForce GTX 980M' (P:0 D:0)
[2017.04.29-11.36.21:799][  0]LogWindows:    4. 'NVIDIA GeForce GTX 980M' (P:0 D:0)
[2017.04.29-11.36.21:799][  0]LogWindows:    5. 'NVIDIA GeForce GTX 980M' (P:0 D:0)
[2017.04.29-11.36.21:800][  0]LogWindows:    6. 'NVIDIA GeForce GTX 980M' (P:0 D:0)
[2017.04.29-11.36.21:800][  0]LogWindows: DebugString: PrimaryIsNotTheChoosenAdapter PrimaryIsNotTheChoosenAdapter PrimaryIsNotTheChoosenAdapter FoundDriverCount:4 
[2017.04.29-11.36.21:800][  0]LogD3D11RHI:     Adapter Name: NVIDIA GeForce GTX 980M
[2017.04.29-11.36.21:800][  0]LogD3D11RHI:   Driver Version: 381.89 (internal:22.21.13.8189, unified:381.89)
[2017.04.29-11.36.21:800][  0]LogD3D11RHI:      Driver Date: 4-19-2017
[2017.04.29-11.36.21:800][  0]LogRHI: Texture pool is 1361 MB (70% of 1945 MB)
[2017.04.29-11.36.22:370][  0]LogD3D11RHI: Async texture creation enabled
[2017.04.29-11.36.22:418][  0]LogD3D11RHI: GPU Timing Frequency: 1000.000000 (Debug: 2 1)
[2017.04.29-11.36.22:419][  0]LogShaderCompilers: Guid format shader working directory is -8 characters bigger than the processId version (../../../../../../NASA Space Apps/NASAApp/Intermediate/Shaders/WorkingDirectory/18348/).
[2017.04.29-11.36.22:419][  0]LogShaderCompilers: Cleaned the shader compiler working directory 'd:/AppData/Local/Temp/UnrealShaderWorkingDir/E58CB54A4253BCD009F66991F4E4B0FA/'.
[2017.04.29-11.36.22:419][  0]LogShaderCompilers:Display: Using Local Shader Compiler.
[2017.04.29-11.36.23:709][  0]LogTemp:Display: Loaded TP AllDesktopTargetPlatform
[2017.04.29-11.36.23:811][  0]LogTemp:Display: Loaded TP MacClientTargetPlatform
[2017.04.29-11.36.23:911][  0]LogTemp:Display: Loaded TP MacNoEditorTargetPlatform
[2017.04.29-11.36.24:012][  0]LogTemp:Display: Loaded TP MacServerTargetPlatform
[2017.04.29-11.36.24:112][  0]LogTemp:Display: Loaded TP MacTargetPlatform
[2017.04.29-11.36.24:213][  0]LogTemp:Display: Loaded TP WindowsClientTargetPlatform
[2017.04.29-11.36.24:315][  0]LogTemp:Display: Loaded TP WindowsNoEditorTargetPlatform
[2017.04.29-11.36.24:414][  0]LogTemp:Display: Loaded TP WindowsServerTargetPlatform
[2017.04.29-11.36.24:504][  0]LogTemp:Display: Loaded TP WindowsTargetPlatform
[2017.04.29-11.36.24:605][  0]LogTemp:Display: Loaded TP AndroidTargetPlatform
[2017.04.29-11.36.24:703][  0]LogTemp:Display: Loaded TP Android_ASTCTargetPlatform
[2017.04.29-11.36.24:800][  0]LogTemp:Display: Loaded TP Android_ATCTargetPlatform
[2017.04.29-11.36.24:897][  0]LogTemp:Display: Loaded TP Android_DXTTargetPlatform
[2017.04.29-11.36.24:997][  0]LogTemp:Display: Loaded TP Android_ETC1TargetPlatform
[2017.04.29-11.36.25:095][  0]LogTemp:Display: Loaded TP Android_ETC2TargetPlatform
[2017.04.29-11.36.25:307][  0]LogTemp:Display: Loaded TP Android_MultiTargetPlatform
[2017.04.29-11.36.25:307][  0]LogTemp:Display: Loaded TP Android_PVRTCTargetPlatform
[2017.04.29-11.36.25:395][  0]LogTemp:Display: Loaded TP HTML5TargetPlatform
[2017.04.29-11.36.25:567][  0]LogTemp:Display: Loaded TP IOSTargetPlatform
[2017.04.29-11.36.25:636][  0]LogTemp:Display: Loaded TP TVOSTargetPlatform
[2017.04.29-11.36.25:734][  0]LogTemp:Display: Loaded TP LinuxClientTargetPlatform
[2017.04.29-11.36.25:833][  0]LogTemp:Display: Loaded TP LinuxNoEditorTargetPlatform
[2017.04.29-11.36.25:930][  0]LogTemp:Display: Loaded TP LinuxServerTargetPlatform
[2017.04.29-11.36.26:031][  0]LogTemp:Display: Loaded TP LinuxTargetPlatform
[2017.04.29-11.36.26:031][  0]LogTargetPlatformManager:Display: Building Assets For Windows
[2017.04.29-11.36.26:952][  0]LogDerivedDataCache:Display: Max Cache Size: 512 MB
[2017.04.29-11.36.27:007][  0]LogDerivedDataCache: Loaded boot cache 0.06s 59MB C:/Users/alexp/AppData/Local/UnrealEngine/4.15/DerivedDataCache/Boot.ddc.
[2017.04.29-11.36.27:007][  0]LogDerivedDataCache:Display: Loaded Boot cache: C:/Users/alexp/AppData/Local/UnrealEngine/4.15/DerivedDataCache/Boot.ddc
[2017.04.29-11.36.27:007][  0]LogDerivedDataCache: FDerivedDataBackendGraph:  Pak pak cache file ../../../../../../NASA Space Apps/NASAApp/DerivedDataCache/DDC.ddp not found, will not use a pak cache.
[2017.04.29-11.36.27:007][  0]LogDerivedDataCache: Unable to find inner node Pak for hierarchical cache Hierarchy.
[2017.04.29-11.36.27:007][  0]LogDerivedDataCache: FDerivedDataBackendGraph:  CompressedPak pak cache file ../../../../../../NASA Space Apps/NASAApp/DerivedDataCache/Compressed.ddp not found, will not use a pak cache.
[2017.04.29-11.36.27:007][  0]LogDerivedDataCache: Unable to find inner node CompressedPak for hierarchical cache Hierarchy.
[2017.04.29-11.36.27:024][  0]LogDerivedDataCache:Display: Pak cache opened for reading ../../../Engine/DerivedDataCache/Compressed.ddp.
[2017.04.29-11.36.27:036][  0]LogDerivedDataCache: Using Local data cache path C:/Users/alexp/AppData/Local/UnrealEngine/Common/DerivedDataCache: Writable
[2017.04.29-11.36.27:045][  0]LogSlate: Using Freetype 2.6.0
[2017.04.29-11.36.27:046][  0]LogSlate: SlateFontCache - WITH_FREETYPE: 1, WITH_HARFBUZZ: 1
[2017.04.29-11.36.27:046][  0]LogSlate: SlateFontCache - WITH_FREETYPE: 1, WITH_HARFBUZZ: 1
[2017.04.29-11.36.27:406][  0]LogInit: Selected Device Profile: [Windows]
[2017.04.29-11.36.27:408][  0]LogContentStreaming: Texture pool size is 0.00 MB
[2017.04.29-11.36.27:744][  0]LogMeshUtilities: Using QuadricMeshReduction for automatic static mesh reduction
[2017.04.29-11.36.27:841][  0]LogSimplygon: Simplygon DLL not present - disabling.
[2017.04.29-11.36.27:938][  0]LogMeshUtilities: Using SimplygonSwarm for distributed automatic mesh merging
[2017.04.29-11.36.27:938][  0]LogMeshUtilities: No automatic skeletal mesh reduction module available
[2017.04.29-11.36.27:938][  0]LogMeshUtilities: No automatic mesh merging module available
[2017.04.29-11.36.28:652][  0]LogNetVersion: GetLocalNetworkVersion: CL: 3299760, ProjectName: nasaapp, ProjectVersion: , EngineNetworkVersion: 2, GameNetworkVersion: 0, NetworkChecksum: 3117530055
[2017.04.29-11.36.28:728][  0]LogAssetRegistry: FAssetRegistry took 0.0226 seconds to start up
[2017.04.29-11.36.28:813][  0]LogPackageLocalizationCache: Processed 4 localized package path(s) for 2 prioritized culture(s) in 0.035789 seconds
[2017.04.29-11.36.28:818][  0]LogUObjectArray: 32493 objects as part of root set at end of initial load.
[2017.04.29-11.36.28:818][  0]LogUObjectAllocator: 7077024 out of 0 bytes used by permanent object pool.
[2017.04.29-11.36.28:818][  0]LogUObjectArray: CloseDisregardForGC: 0/0 objects in disregard for GC pool
[2017.04.29-11.36.28:954][  0]LogInit: WinSock: version 1.1 (2.2), MaxSocks=32767, MaxUdp=65467
[2017.04.29-11.36.32:419][  0]LogTcpMessaging: Initializing TcpMessaging bridge
[2017.04.29-11.36.32:486][  0]LogUdpMessaging: Initializing bridge on interface 0.0.0.0:0 to multicast group 230.0.0.1:6666.
[2017.04.29-11.36.33:331][  0]LogMaterial: Uniform references updated for custom material expression Custom.
[2017.04.29-11.36.34:060][  0]SourceControl: Info Source control is disabled
[2017.04.29-11.36.34:110][  0]SourceControl: Info Source control is disabled
[2017.04.29-11.36.34:205][  0]SourceControl: Info Source control is disabled
[2017.04.29-11.36.34:300][  0]SourceControl: Info Source control is disabled
[2017.04.29-11.36.36:908][  0]LogEngine: Initializing Engine...
[2017.04.29-11.36.36:934][  0]LogHMD: Failed to initialize OpenVR with code 108
[2017.04.29-11.36.37:304][  0]LogAIModule: Creating AISystem for world Untitled
[2017.04.29-11.36.37:312][  0]LogInit: XAudio2 using 'Speakers (Realtek High Definition Audio)' : 2 channels at 48 kHz using 32 bits per sample (channel mask 0x3)
[2017.04.29-11.36.37:344][  0]LogInit: FAudioDevice initialized.
[2017.04.29-11.36.37:369][  0]LogDerivedDataCache: Saved boot cache 0.02s 50MB C:/Users/alexp/AppData/Local/UnrealEngine/4.15/DerivedDataCache/Boot.ddc.
[2017.04.29-11.36.37:374][  0]LogInit: Texture streaming: Enabled
[2017.04.29-11.36.37:578][  0]LogEngineSessionManager: EngineSessionManager initialized
[2017.04.29-11.36.37:761][  0]LogInit: Transaction tracking system initialized
[2017.04.29-11.36.38:512][  0]BlueprintLog: New page: Editor Load
[2017.04.29-11.36.40:410][  0]LocalizationService: Info Localization service is disabled
[2017.04.29-11.36.41:864][  0]LogConsoleResponse:Display: 
[2017.04.29-11.36.42:047][  0]LogCook:Display: Max memory allowance for cook 16384mb min free memory 0mb
[2017.04.29-11.36.42:048][  0]LogCook:Display: Mobile HDR setting 1
[2017.04.29-11.36.43:253][  0]LogFileCache: Scanning file cache for directory 'C:/NASA Space Apps/NASAApp/Content/' took 0.02s
[2017.04.29-11.36.44:224][  0]SourceControl: Info Source control is disabled
[2017.04.29-11.36.44:225][  0]Cmd: MAP LOAD FILE="../../../../../../NASA Space Apps/NASAApp/Content/ThirdPersonBP/Maps/ThirdPersonExampleMap.umap" TEMPLATE=0 SHOWPROGRESS=1 FEATURELEVEL=3
[2017.04.29-11.36.44:225][  0]LightingResults: New page: Lighting Build
[2017.04.29-11.36.44:311][  0]MapCheck: New page: Map Check
[2017.04.29-11.36.44:311][  0]LightingResults: New page: Lighting Build
[2017.04.29-11.36.44:740][  0]LogAIModule: Creating AISystem for world ThirdPersonExampleMap
[2017.04.29-11.36.44:767][  0]LogEditorServer: Finished looking for orphan Actors (0.000 secs)
[2017.04.29-11.36.44:768][  0]Cmd: MAP CHECKDEP NOCLEARLOG
[2017.04.29-11.36.44:875][  0]MapCheck: Info Map check complete: 0 Error(s), 0 Warning(s), took 106.421ms to complete.
[2017.04.29-11.36.44:875][  0]LogFileHelpers: Loading map 'ThirdPersonExampleMap' took 0.650
[2017.04.29-11.36.44:940][  0]LogWindowsTextInputMethodSystem:Display: IME system now deactivated.
[2017.04.29-11.36.45:096][  0]LogCollectionManager: Loaded 0 collections in 0.002851 seconds
[2017.04.29-11.36.45:227][  0]LogFileCache: Scanning file cache for directory 'C:/NASA Space Apps/NASAApp/Saved/Collections/' took 0.01s
[2017.04.29-11.36.45:227][  0]LogFileCache: Scanning file cache for directory 'C:/NASA Space Apps/NASAApp/Content/Developers/alexp/Collections/' took 0.01s
[2017.04.29-11.36.45:227][  0]LogFileCache: Scanning file cache for directory 'C:/NASA Space Apps/NASAApp/Content/Collections/' took 0.01s
[2017.04.29-11.36.45:227][  0]LogCollectionManager: Rebuilt the GUID cache for 0 collections in 0.000002 seconds
[2017.04.29-11.36.45:236][  0]LogContentBrowser: Native class hierarchy populated in 0.0083 seconds. Added 2270 classes and 462 folders.
[2017.04.29-11.36.45:239][  0]LogStats: UGameplayTagsManager::ConstructGameplayTagTree: Construct from data asset -  0.000 s
[2017.04.29-11.36.45:239][  0]LogStats: UGameplayTagsManager::ConstructGameplayTagTree: GameplayTagTreeChangedEvent.Broadcast -  0.000 s
[2017.04.29-11.36.45:377][  0]LogContentBrowser: Native class hierarchy updated for 'WidgetCarousel' in 0.0006 seconds. Added 0 classes and 0 folders.
[2017.04.29-11.36.45:434][  0]LogContentBrowser: Native class hierarchy updated for 'AddContentDialog' in 0.0005 seconds. Added 0 classes and 0 folders.
[2017.04.29-11.36.45:524][  0]LogContentBrowser: Native class hierarchy updated for 'SceneOutliner' in 0.0005 seconds. Added 1 classes and 2 folders.
[2017.04.29-11.36.45:666][  0]LogCrashTracker: Crashtracker disabled due to settings.
[2017.04.29-11.36.45:683][  0]LogDirectoryWatcher:Warning: Failed to begin reading directory changes for ../../../../../../NASA Space Apps/NASAApp/Plugins/. Error: The system cannot find the file specified. (0x00000002)
[2017.04.29-11.36.45:694][  0]LogUObjectGlobals:Warning: Failed to find object 'Class None.'
[2017.04.29-11.36.45:818][  0]LogContentBrowser: Native class hierarchy updated for 'HierarchicalLODOutliner' in 0.0007 seconds. Added 1 classes and 2 folders.
[2017.04.29-11.36.45:819][  0]LogLoad: (Engine Initialization) Total time: 28.48 seconds
[2017.04.29-11.36.45:819][  0]LogLoad: (Engine Initialization) Total Blueprint compile time: 0.21 seconds
[2017.04.29-11.36.45:819][  0]LogExternalProfiler: Found external profiler: VSPerf
[2017.04.29-11.36.45:819][  0]LogExternalProfiler: Using external profiler: VSPerf
[2017.04.29-11.36.45:841][  0]LogOcInput: OculusInput pre-init called
[2017.04.29-11.36.45:864][  0]LogContentStreaming: Texture pool size now 3000 MB
[2017.04.29-11.36.45:866][  0]LogSlate: Took 0.000554 seconds to synchronously load lazily loaded font '../../../Engine/Content/Slate/Fonts/Roboto-Regular.ttf' (155K)
[2017.04.29-11.36.45:870][  0]LogSlate: Took 0.000385 seconds to synchronously load lazily loaded font '../../../Engine/Content/Slate/Fonts/Roboto-Bold.ttf' (160K)
[2017.04.29-11.36.45:876][  0]LogSlate: Took 0.000412 seconds to synchronously load lazily loaded font '../../../Engine/Content/Editor/Slate/Fonts/FontAwesome.ttf' (139K)
[2017.04.29-11.36.45:998][  0]LogSlate: Took 0.000804 seconds to synchronously load lazily loaded font '../../../Engine/Content/Slate/Fonts/Roboto-Light.ttf' (159K)
[2017.04.29-11.36.46:054][  0]LogRenderer: Reallocating scene render targets to support 1060x600 NumSamples 1 (Frame:2).
[2017.04.29-11.36.46:130][  1]LogAssetRegistry: Asset discovery search completed in 17.4246 seconds
[2017.04.29-11.36.46:130][  1]LogCollectionManager: Rebuilt the object cache for 0 collections in 0.000006 seconds (found 0 objects)
[2017.04.29-11.36.46:130][  1]LogCollectionManager: Fixed up redirectors for 0 collections in 0.000018 seconds (updated 0 objects)
[2017.04.29-11.37.25:000][328]LogDirectoryWatcher: A directory notification for '../../../Engine/Plugins/' was aborted.
[2017.04.29-11.37.29:174][573]LogWindowsTextInputMethodSystem:Display: IME system now deactivated.
[2017.04.29-11.37.29:346][574]Cmd: QUIT_EDITOR
[2017.04.29-11.37.29:409][574]LogExit: Preparing to exit.
[2017.04.29-11.37.29:658][574]LogDirectoryWatcher: A directory notification for 'C:/NASA Space Apps/NASAApp/Content/' was aborted.
[2017.04.29-11.37.29:678][574]LogExit: Editor shut down
[2017.04.29-11.37.29:679][574]LogExit: Transaction tracking system shut down
[2017.04.29-11.37.29:725][574]LogObj: Freed 0b from 0 cluster array pools.
[2017.04.29-11.37.29:725][574]LogExit: Object subsystem successfully closed.
[2017.04.29-11.37.29:847][574]LogD3D11RHI: Shutdown
[2017.04.29-11.37.29:847][574]LogD3D11RHI: CleanupD3DDevice
[2017.04.29-11.37.30:357][574]LogD3D11RHI: ~FD3D11DynamicRHI
[2017.04.29-11.37.30:419][574]LogModuleManager: Shutting down and abandoning module HierarchicalLODOutliner (502)
[2017.04.29-11.37.30:419][574]LogModuleManager: Shutting down and abandoning module CrashTracker (500)
[2017.04.29-11.37.30:419][574]LogModuleManager: Shutting down and abandoning module SceneOutliner (498)
[2017.04.29-11.37.30:419][574]LogModuleManager: Shutting down and abandoning module AddContentDialog (496)
[2017.04.29-11.37.30:419][574]LogDirectoryWatcher: A directory notification for 'C:/Program Files/Epic Games/UE_4.15/FeaturePacks/' was aborted.
[2017.04.29-11.37.30:420][574]LogModuleManager: Shutting down and abandoning module WidgetCarousel (495)
[2017.04.29-11.37.30:420][574]LogModuleManager: Shutting down and abandoning module EditorWidgets (492)
[2017.04.29-11.37.30:420][574]LogModuleManager: Shutting down and abandoning module CollectionManager (490)
[2017.04.29-11.37.30:420][574]LogDirectoryWatcher: A directory notification for 'C:/NASA Space Apps/NASAApp/Content/Collections/' was aborted.
[2017.04.29-11.37.30:420][574]LogDirectoryWatcher: A directory notification for 'C:/NASA Space Apps/NASAApp/Content/Developers/alexp/Collections/' was aborted.
[2017.04.29-11.37.30:420][574]LogDirectoryWatcher: A directory notification for 'C:/NASA Space Apps/NASAApp/Saved/Collections/' was aborted.
[2017.04.29-11.37.30:420][574]LogModuleManager: Shutting down and abandoning module StatsViewer (488)
[2017.04.29-11.37.30:420][574]LogModuleManager: Shutting down and abandoning module FoliageEdit (486)
[2017.04.29-11.37.30:420][574]LogModuleManager: Shutting down and abandoning module LandscapeEditor (484)
[2017.04.29-11.37.30:420][574]LogModuleManager: Shutting down and abandoning module SceneDepthPickerMode (482)
[2017.04.29-11.37.30:420][574]LogModuleManager: Shutting down and abandoning module ActorPickerMode (480)
[2017.04.29-11.37.30:420][574]LogModuleManager: Shutting down and abandoning module GeometryMode (478)
[2017.04.29-11.37.30:420][574]LogModuleManager: Shutting down and abandoning module TextureAlignMode (476)
[2017.04.29-11.37.30:420][574]LogModuleManager: Shutting down and abandoning module BspMode (474)
[2017.04.29-11.37.30:420][574]LogModuleManager: Shutting down and abandoning module HardwareSurvey (472)
[2017.04.29-11.37.30:420][574]LogModuleManager: Shutting down and abandoning module SequenceRecorderSections (470)
[2017.04.29-11.37.30:420][574]LogModuleManager: Shutting down and abandoning module AutomationWorker (468)
[2017.04.29-11.37.30:420][574]LogModuleManager: Shutting down and abandoning module MatineeToLevelSequence (466)
[2017.04.29-11.37.30:420][574]LogModuleManager: Shutting down and abandoning module LevelSequenceEditor (464)
[2017.04.29-11.37.30:420][574]LogModuleManager: Shutting down and abandoning module PlacementMode (463)
[2017.04.29-11.37.30:420][574]LogModuleManager: Shutting down and abandoning module WmfMediaFactory (460)
[2017.04.29-11.37.30:420][574]LogModuleManager: Shutting down and abandoning module WmfMediaEditor (458)
[2017.04.29-11.37.30:420][574]LogModuleManager: Shutting down and abandoning module MfMediaFactory (456)
[2017.04.29-11.37.30:420][574]LogModuleManager: Shutting down and abandoning module MfMediaEditor (454)
[2017.04.29-11.37.30:420][574]LogModuleManager: Shutting down and abandoning module AvfMediaFactory (452)
[2017.04.29-11.37.30:420][574]LogModuleManager: Shutting down and abandoning module AvfMediaEditor (450)
[2017.04.29-11.37.30:420][574]LogModuleManager: Shutting down and abandoning module AndroidMediaFactory (448)
[2017.04.29-11.37.30:420][574]LogModuleManager: Shutting down and abandoning module Media (447)
[2017.04.29-11.37.30:420][574]LogModuleManager: Shutting down and abandoning module AndroidMediaEditor (444)
[2017.04.29-11.37.30:420][574]LogModuleManager: Shutting down and abandoning module CharacterAI (442)
[2017.04.29-11.37.30:420][574]LogModuleManager: Shutting down and abandoning module AudioCapture (440)
[2017.04.29-11.37.30:420][574]LogModuleManager: Shutting down and abandoning module SequenceRecorder (439)
[2017.04.29-11.37.30:420][574]LogModuleManager: Shutting down and abandoning module SmartSnapping (436)
[2017.04.29-11.37.30:420][574]LogModuleManager: Shutting down and abandoning module SessionServices (434)
[2017.04.29-11.37.30:420][574]LogModuleManager: Shutting down and abandoning module ViewportSnapping (432)
[2017.04.29-11.37.30:420][574]LogModuleManager: Shutting down and abandoning module ViewportInteraction (430)
[2017.04.29-11.37.30:420][574]LogModuleManager: Shutting down and abandoning module LogVisualizer (428)
[2017.04.29-11.37.30:420][574]LogModuleManager: Shutting down and abandoning module IntroTutorials (426)
[2017.04.29-11.37.30:420][574]LogModuleManager: Shutting down and abandoning module GameProjectGeneration (425)
[2017.04.29-11.37.30:420][574]LogModuleManager: Shutting down and abandoning module EditorLiveStreaming (422)
[2017.04.29-11.37.30:420][574]LogModuleManager: Shutting down and abandoning module IOSPlatformEditor (420)
[2017.04.29-11.37.30:420][574]LogModuleManager: Shutting down and abandoning module HTML5PlatformEditor (418)
[2017.04.29-11.37.30:420][574]LogModuleManager: Shutting down and abandoning module AndroidPlatformEditor (416)
[2017.04.29-11.37.30:421][574]LogModuleManager: Shutting down and abandoning module AndroidDeviceDetection (415)
[2017.04.29-11.37.31:242][574]LogModuleManager: Shutting down and abandoning module IOSRuntimeSettings (412)
[2017.04.29-11.37.31:242][574]LogModuleManager: Shutting down and abandoning module AndroidRuntimeSettings (410)
[2017.04.29-11.37.31:242][574]LogModuleManager: Shutting down and abandoning module InputBindingEditor (408)
[2017.04.29-11.37.31:242][574]LogModuleManager: Shutting down and abandoning module NiagaraEditor (406)
[2017.04.29-11.37.31:242][574]LogModuleManager: Shutting down and abandoning module MergeActors (404)
[2017.04.29-11.37.31:242][574]LogModuleManager: Shutting down and abandoning module SizeMap (402)
[2017.04.29-11.37.31:242][574]LogModuleManager: Shutting down and abandoning module TreeMap (400)
[2017.04.29-11.37.31:242][574]LogModuleManager: Shutting down and abandoning module ReferenceViewer (398)
[2017.04.29-11.37.31:242][574]LogModuleManager: Shutting down and abandoning module LocalizationDashboard (396)
[2017.04.29-11.37.31:242][574]LogModuleManager: Shutting down and abandoning module LocalizationService (395)
[2017.04.29-11.37.31:242][574]LogModuleManager: Shutting down and abandoning module HardwareTargeting (392)
[2017.04.29-11.37.31:242][574]LogModuleManager: Shutting down and abandoning module DeviceProfileEditor (390)
[2017.04.29-11.37.31:242][574]LogModuleManager: Shutting down and abandoning module UndoHistory (388)
[2017.04.29-11.37.31:242][574]LogModuleManager: Shutting down and abandoning module UserFeedback (386)
[2017.04.29-11.37.31:242][574]LogModuleManager: Shutting down and abandoning module XmlParser (384)
[2017.04.29-11.37.31:242][574]LogModuleManager: Shutting down and abandoning module Blutility (382)
[2017.04.29-11.37.31:242][574]LogModuleManager: Shutting down and abandoning module ProjectSettingsViewer (380)
[2017.04.29-11.37.31:242][574]LogModuleManager: Shutting down and abandoning module ProjectTargetPlatformEditor (379)
[2017.04.29-11.37.31:243][574]LogModuleManager: Shutting down and abandoning module EditorSettingsViewer (376)
[2017.04.29-11.37.31:243][574]LogModuleManager: Shutting down and abandoning module SettingsEditor (374)
[2017.04.29-11.37.31:243][574]LogModuleManager: Shutting down and abandoning module ProjectLauncher (372)
[2017.04.29-11.37.31:243][574]LogModuleManager: Shutting down and abandoning module SessionFrontend (370)
[2017.04.29-11.37.31:243][574]LogModuleManager: Shutting down and abandoning module ProfilerClient (368)
[2017.04.29-11.37.31:243][574]LogModuleManager: Shutting down and abandoning module DeviceManager (366)
[2017.04.29-11.37.31:243][574]LogModuleManager: Shutting down and abandoning module TargetDeviceServices (365)
[2017.04.29-11.37.31:286][574]LogModuleManager: Shutting down and abandoning module AutomationController (362)
[2017.04.29-11.37.31:286][574]LogModuleManager: Shutting down and abandoning module AutomationWindow (360)
[2017.04.29-11.37.31:286][574]LogModuleManager: Shutting down and abandoning module Layers (358)
[2017.04.29-11.37.31:286][574]LogModuleManager: Shutting down and abandoning module ComponentVisualizers (356)
[2017.04.29-11.37.31:286][574]LogModuleManager: Shutting down and abandoning module DetailCustomizations (354)
[2017.04.29-11.37.31:286][574]LogModuleManager: Shutting down and abandoning module PackagesDialog (352)
[2017.04.29-11.37.31:286][574]LogModuleManager: Shutting down and abandoning module Persona (350)
[2017.04.29-11.37.31:286][574]LogModuleManager: Shutting down and abandoning module AnimGraph (349)
[2017.04.29-11.37.31:286][574]LogModuleManager: Shutting down and abandoning module Kismet (346)
[2017.04.29-11.37.31:286][574]LogModuleManager: Shutting down and abandoning module GraphEditor (344)
[2017.04.29-11.37.31:286][574]LogModuleManager: Shutting down and abandoning module ClassViewer (342)
[2017.04.29-11.37.31:286][574]LogModuleManager: Shutting down and abandoning module Toolbox (340)
[2017.04.29-11.37.31:286][574]LogModuleManager: Shutting down and abandoning module ModuleUI (338)
[2017.04.29-11.37.31:286][574]LogModuleManager: Shutting down and abandoning module MovieSceneTools (336)
[2017.04.29-11.37.31:286][574]LogModuleManager: Shutting down and abandoning module OutputLog (334)
[2017.04.29-11.37.31:286][574]LogModuleManager: Shutting down and abandoning module GammaUI (332)
[2017.04.29-11.37.31:286][574]LogModuleManager: Shutting down and abandoning module Documentation (330)
[2017.04.29-11.37.31:287][574]LogModuleManager: Shutting down and abandoning module Niagara (328)
[2017.04.29-11.37.31:287][574]LogModuleManager: Shutting down and abandoning module StreamingPauseRendering (326)
[2017.04.29-11.37.31:287][574]LogModuleManager: Shutting down and abandoning module AnalyticsET (324)
[2017.04.29-11.37.31:287][574]LogModuleManager: Shutting down and abandoning module PortalServices (322)
[2017.04.29-11.37.31:287][574]LogModuleManager: Shutting down and abandoning module PortalRpc (320)
[2017.04.29-11.37.31:287][574]LogModuleManager: Shutting down and abandoning module MessagingRpc (318)
[2017.04.29-11.37.31:287][574]LogModuleManager: Shutting down and abandoning module AIModule (316)
[2017.04.29-11.37.31:287][574]LogModuleManager: Shutting down and abandoning module GameplayDebugger (315)
[2017.04.29-11.37.31:287][574]LogModuleManager: Shutting down and abandoning module AITestSuite (313)
[2017.04.29-11.37.31:287][574]LogModuleManager: Shutting down and abandoning module ProfilerService (310)
[2017.04.29-11.37.31:453][574]LogModuleManager: Shutting down and abandoning module TaskGraph (308)
[2017.04.29-11.37.31:453][574]LogModuleManager: Shutting down and abandoning module SteamVRController (306)
[2017.04.29-11.37.31:453][574]LogModuleManager: Shutting down and abandoning module SteamVR (304)
[2017.04.29-11.37.31:453][574]LogModuleManager: Shutting down and abandoning module ProceduralMeshComponentEditor (302)
[2017.04.29-11.37.31:453][574]LogModuleManager: Shutting down and abandoning module ProceduralMeshComponent (300)
[2017.04.29-11.37.31:453][574]LogModuleManager: Shutting down and abandoning module OculusLibrary (298)
[2017.04.29-11.37.31:453][574]LogModuleManager: Shutting down and abandoning module OculusInput (296)
[2017.04.29-11.37.31:453][574]LogModuleManager: Shutting down and abandoning module MobilePatchingUtils (294)
[2017.04.29-11.37.31:453][574]LogModuleManager: Shutting down and abandoning module CustomMeshComponent (292)
[2017.04.29-11.37.31:453][574]LogModuleManager: Shutting down and abandoning module CableComponent (290)
[2017.04.29-11.37.31:453][574]LogModuleManager: Shutting down and abandoning module ArchVisCharacter (288)
[2017.04.29-11.37.31:453][574]LogModuleManager: Shutting down and abandoning module MediaPlayerEditor (284)
[2017.04.29-11.37.31:453][574]LogModuleManager: Shutting down and abandoning module LowEntryExtendedStandardLibraryEditor (282)
[2017.04.29-11.37.31:453][574]LogModuleManager: Shutting down and abandoning module HTML5Networking (280)
[2017.04.29-11.37.31:453][574]LogModuleManager: Shutting down and abandoning module AlembicImporter (278)
[2017.04.29-11.37.31:453][574]LogModuleManager: Shutting down and abandoning module AlembicLibrary (277)
[2017.04.29-11.37.31:453][574]LogModuleManager: Shutting down and abandoning module GeometryCache (276)
[2017.04.29-11.37.31:453][574]LogModuleManager: Shutting down and abandoning module GeometryCacheEd (275)
[2017.04.29-11.37.31:453][574]LogModuleManager: Shutting down and abandoning module SuperSearchEditor (270)
[2017.04.29-11.37.31:453][574]LogModuleManager: Shutting down and abandoning module SuperSearch (269)
[2017.04.29-11.37.31:453][574]LogModuleManager: Shutting down and abandoning module SpeedTreeImporter (266)
[2017.04.29-11.37.31:453][574]LogModuleManager: Shutting down and abandoning module PluginBrowser (264)
[2017.04.29-11.37.31:453][574]LogModuleManager: Shutting down and abandoning module MobileLauncherProfileWizard (262)
[2017.04.29-11.37.31:453][574]LogModuleManager: Shutting down and abandoning module EpicSurvey (260)
[2017.04.29-11.37.31:454][574]LogModuleManager: Shutting down and abandoning module VisualStudioSourceCodeAccess (258)
[2017.04.29-11.37.31:454][574]LogModuleManager: Shutting down and abandoning module DesktopPlatform (257)
[2017.04.29-11.37.31:454][574]LogModuleManager: Shutting down and abandoning module UObjectPlugin (254)
[2017.04.29-11.37.31:454][574]LogModuleManager: Shutting down and abandoning module SubversionSourceControl (252)
[2017.04.29-11.37.31:454][574]LogModuleManager: Shutting down and abandoning module PerforceSourceControl (250)
[2017.04.29-11.37.31:454][574]LogModuleManager: Shutting down and abandoning module GitSourceControl (248)
[2017.04.29-11.37.31:454][574]LogModuleManager: Shutting down and abandoning module SourceControl (247)
[2017.04.29-11.37.31:454][574]LogModuleManager: Shutting down and abandoning module LightPropagationVolumeEditor (244)
[2017.04.29-11.37.31:454][574]LogModuleManager: Shutting down and abandoning module PaperTiledImporter (242)
[2017.04.29-11.37.31:454][574]LogModuleManager: Shutting down and abandoning module PaperSpriteSheetImporter (240)
[2017.04.29-11.37.31:454][574]LogModuleManager: Shutting down and abandoning module Paper2DEditor (238)
[2017.04.29-11.37.31:454][574]LogModuleManager: Shutting down and abandoning module MeshPaint (237)
[2017.04.29-11.37.31:454][574]LogModuleManager: Shutting down and abandoning module LevelEditor (235)
[2017.04.29-11.37.31:454][574]LogModuleManager: Shutting down and abandoning module PixelInspectorModule (234)
[2017.04.29-11.37.31:454][574]LogModuleManager: Shutting down and abandoning module MainFrame (232)
[2017.04.29-11.37.31:454][574]LogModuleManager: Shutting down and abandoning module HotReload (231)
[2017.04.29-11.37.31:455][574]LogModuleManager: Shutting down and abandoning module ContentBrowser (227)
[2017.04.29-11.37.31:456][574]LogModuleManager: Shutting down and abandoning module PhysXVehiclesEditor (224)
[2017.04.29-11.37.31:456][574]LogModuleManager: Shutting down and abandoning module PhysXVehicles (222)
[2017.04.29-11.37.31:456][574]LogModuleManager: Shutting down and abandoning module LocationServicesBPLibrary (220)
[2017.04.29-11.37.31:456][574]LogModuleManager: Shutting down and abandoning module UdpMessaging (218)
[2017.04.29-11.37.31:557][574]LogModuleManager: Shutting down and abandoning module TcpMessaging (216)
[2017.04.29-11.37.31:658][574]LogModuleManager: Shutting down and abandoning module LowEntryExtendedStandardLibrary (214)
[2017.04.29-11.37.31:658][574]LogModuleManager: Shutting down and abandoning module GameplayTagsEditor (212)
[2017.04.29-11.37.31:658][574]LogModuleManager: Shutting down and abandoning module FacialAnimationEditor (210)
[2017.04.29-11.37.31:658][574]LogModuleManager: Shutting down and abandoning module FacialAnimation (208)
[2017.04.29-11.37.31:658][574]LogModuleManager: Shutting down and abandoning module LightPropagationVolumeRuntime (206)
[2017.04.29-11.37.31:658][574]LogModuleManager: Shutting down and abandoning module Paper2D (204)
[2017.04.29-11.37.31:658][574]LogModuleManager: Shutting down and abandoning module WindowsMoviePlayer (202)
[2017.04.29-11.37.31:658][574]LogModuleManager: Shutting down and abandoning module WmfMedia (200)
[2017.04.29-11.37.31:658][574]LogModuleManager: Shutting down and abandoning module MfMedia (198)
[2017.04.29-11.37.31:658][574]LogModuleManager: Shutting down and abandoning module MediaAssets (196)
[2017.04.29-11.37.31:658][574]LogModuleManager: Shutting down and abandoning module GameLiveStreaming (194)
[2017.04.29-11.37.31:658][574]LogModuleManager: Shutting down and abandoning module VREditor (192)
[2017.04.29-11.37.31:658][574]LogModuleManager: Shutting down and abandoning module GameplayTasksEditor (190)
[2017.04.29-11.37.31:658][574]LogModuleManager: Shutting down and abandoning module BehaviorTreeEditor (188)
[2017.04.29-11.37.31:658][574]LogModuleManager: Shutting down and abandoning module FunctionalTesting (186)
[2017.04.29-11.37.31:658][574]LogModuleManager: Shutting down and abandoning module CollisionAnalyzer (184)
[2017.04.29-11.37.31:658][574]LogModuleManager: Shutting down and abandoning module UMG (182)
[2017.04.29-11.37.31:658][574]LogModuleManager: Shutting down and abandoning module UMGEditor (181)
[2017.04.29-11.37.31:658][574]LogModuleManager: Shutting down and abandoning module Sequencer (180)
[2017.04.29-11.37.31:658][574]LogModuleManager: Shutting down and abandoning module AssetTools (178)
[2017.04.29-11.37.31:658][574]LogModuleManager: Shutting down and abandoning module MessageLog (177)
[2017.04.29-11.37.31:658][574]LogModuleManager: Shutting down and abandoning module WorkspaceMenuStructure (176)
[2017.04.29-11.37.31:658][574]LogModuleManager: Shutting down and abandoning module SlateReflector (170)
[2017.04.29-11.37.31:658][574]LogModuleManager: Shutting down and abandoning module Slate (168)
[2017.04.29-11.37.31:658][574]LogModuleManager: Shutting down and abandoning module EditorStyle (166)
[2017.04.29-11.37.31:661][574]LogModuleManager: Shutting down and abandoning module SourceCodeAccess (164)
[2017.04.29-11.37.31:661][574]LogModuleManager: Shutting down and abandoning module HeadMountedDisplay (162)
[2017.04.29-11.37.31:662][574]LogModuleManager: Shutting down and abandoning module XAudio2 (160)
[2017.04.29-11.37.31:662][574]LogModuleManager: Shutting down and abandoning module Networking (158)
[2017.04.29-11.37.31:662][574]LogModuleManager: Shutting down and abandoning module Core (154)
[2017.04.29-11.37.31:662][574]LogModuleManager: Shutting down and abandoning module AssetRegistry (152)
[2017.04.29-11.37.31:838][574]LogDirectoryWatcher: A directory notification for '../../../Engine/Content/' was aborted.
[2017.04.29-11.37.31:838][574]LogDirectoryWatcher: A directory notification for '../../../../../../NASA Space Apps/NASAApp/Content/' was aborted.
[2017.04.29-11.37.31:838][574]LogDirectoryWatcher: A directory notification for '../../../Engine/Plugins/2D/Paper2D/Content/' was aborted.
[2017.04.29-11.37.31:838][574]LogDirectoryWatcher: A directory notification for '../../../Engine/Plugins/Marketplace/LowEntryExtStdLib/Content/' was aborted.
[2017.04.29-11.37.31:838][574]LogModuleManager: Shutting down and abandoning module DirectoryWatcher (151)
[2017.04.29-11.37.31:838][574]LogModuleManager: Shutting down and abandoning module KismetCompiler (148)
[2017.04.29-11.37.31:838][574]LogModuleManager: Shutting down and abandoning module PhysXFormats (146)
[2017.04.29-11.37.31:838][574]LogModuleManager: Shutting down and abandoning module MeshUtilities (144)
[2017.04.29-11.37.31:838][574]LogModuleManager: Shutting down and abandoning module SimplygonSwarm (143)
[2017.04.29-11.37.31:838][574]LogModuleManager: Shutting down and abandoning module SimplygonMeshReduction (141)
[2017.04.29-11.37.31:838][574]LogModuleManager: Shutting down and abandoning module QuadricMeshReduction (139)
[2017.04.29-11.37.31:838][574]LogModuleManager: Shutting down and abandoning module PropertyEditor (137)
[2017.04.29-11.37.31:838][574]LogModuleManager: Shutting down and abandoning module DerivedDataCache (134)
[2017.04.29-11.37.32:077][574]LogDerivedDataCache: Shutdown
[2017.04.29-11.37.32:077][574]LogModuleManager: Shutting down and abandoning module TargetPlatform (132)
[2017.04.29-11.37.32:077][574]LogModuleManager: Shutting down and abandoning module VulkanShaderFormat (131)
[2017.04.29-11.37.32:077][574]LogModuleManager: Shutting down and abandoning module ShaderFormatOpenGL (129)
[2017.04.29-11.37.32:077][574]LogModuleManager: Shutting down and abandoning module ShaderFormatD3D (127)
[2017.04.29-11.37.32:077][574]LogModuleManager: Shutting down and abandoning module MetalShaderFormat (125)
[2017.04.29-11.37.32:077][574]LogModuleManager: Shutting down and abandoning module TextureFormatUncompressed (123)
[2017.04.29-11.37.32:077][574]LogModuleManager: Shutting down and abandoning module TextureFormatPVR (121)
[2017.04.29-11.37.32:077][574]LogModuleManager: Shutting down and abandoning module TextureFormatDXT (119)
[2017.04.29-11.37.32:077][574]LogModuleManager: Shutting down and abandoning module TextureFormatIntelISPCTexComp (117)
[2017.04.29-11.37.32:077][574]LogModuleManager: Shutting down and abandoning module TextureFormatASTC (115)
[2017.04.29-11.37.32:077][574]LogModuleManager: Shutting down and abandoning module ImageWrapper (114)
[2017.04.29-11.37.32:077][574]LogModuleManager: Shutting down and abandoning module TextureFormatAndroid (111)
[2017.04.29-11.37.32:077][574]LogModuleManager: Shutting down and abandoning module AudioFormatOpus (109)
[2017.04.29-11.37.32:077][574]LogModuleManager: Shutting down and abandoning module AudioFormatOgg (107)
[2017.04.29-11.37.32:077][574]LogModuleManager: Shutting down and abandoning module AudioFormatADPCM (105)
[2017.04.29-11.37.32:077][574]LogModuleManager: Shutting down and abandoning module LinuxTargetPlatform (103)
[2017.04.29-11.37.32:077][574]LogModuleManager: Shutting down and abandoning module LinuxServerTargetPlatform (101)
[2017.04.29-11.37.32:078][574]LogModuleManager: Shutting down and abandoning module LinuxNoEditorTargetPlatform (99)
[2017.04.29-11.37.32:078][574]LogModuleManager: Shutting down and abandoning module LinuxClientTargetPlatform (97)
[2017.04.29-11.37.32:078][574]LogModuleManager: Shutting down and abandoning module TVOSTargetPlatform (95)
[2017.04.29-11.37.32:078][574]LogModuleManager: Shutting down and abandoning module Messaging (93)
[2017.04.29-11.37.32:078][574]LogModuleManager: Shutting down and abandoning module IOSTargetPlatform (91)
[2017.04.29-11.37.32:078][574]LogModuleManager: Shutting down and abandoning module HTML5TargetPlatform (89)
[2017.04.29-11.37.32:078][574]LogModuleManager: Shutting down and abandoning module Android_PVRTCTargetPlatform (87)
[2017.04.29-11.37.32:078][574]LogModuleManager: Shutting down and abandoning module Android_MultiTargetPlatform (85)
[2017.04.29-11.37.32:078][574]LogModuleManager: Shutting down and abandoning module Android_ETC2TargetPlatform (83)
[2017.04.29-11.37.32:078][574]LogModuleManager: Shutting down and abandoning module Android_ETC1TargetPlatform (81)
[2017.04.29-11.37.32:078][574]LogModuleManager: Shutting down and abandoning module Android_DXTTargetPlatform (79)
[2017.04.29-11.37.32:078][574]LogModuleManager: Shutting down and abandoning module Android_ATCTargetPlatform (77)
[2017.04.29-11.37.32:078][574]LogModuleManager: Shutting down and abandoning module Android_ASTCTargetPlatform (75)
[2017.04.29-11.37.32:078][574]LogModuleManager: Shutting down and abandoning module AndroidTargetPlatform (73)
[2017.04.29-11.37.32:078][574]LogModuleManager: Shutting down and abandoning module WindowsTargetPlatform (71)
[2017.04.29-11.37.32:078][574]LogModuleManager: Shutting down and abandoning module WindowsServerTargetPlatform (69)
[2017.04.29-11.37.32:078][574]LogModuleManager: Shutting down and abandoning module WindowsNoEditorTargetPlatform (67)
[2017.04.29-11.37.32:078][574]LogModuleManager: Shutting down and abandoning module WindowsClientTargetPlatform (65)
[2017.04.29-11.37.32:078][574]LogModuleManager: Shutting down and abandoning module MacTargetPlatform (63)
[2017.04.29-11.37.32:078][574]LogModuleManager: Shutting down and abandoning module MacServerTargetPlatform (61)
[2017.04.29-11.37.32:078][574]LogModuleManager: Shutting down and abandoning module MacNoEditorTargetPlatform (59)
[2017.04.29-11.37.32:078][574]LogModuleManager: Shutting down and abandoning module MacClientTargetPlatform (57)
[2017.04.29-11.37.32:078][574]LogModuleManager: Shutting down and abandoning module AllDesktopTargetPlatform (55)
[2017.04.29-11.37.32:078][574]LogModuleManager: Shutting down and abandoning module InputCore (52)
[2017.04.29-11.37.32:078][574]LogModuleManager: Shutting down and abandoning module Settings (50)
[2017.04.29-11.37.32:078][574]LogModuleManager: Shutting down and abandoning module OculusRift (48)
[2017.04.29-11.37.32:078][574]LogModuleManager: Shutting down and abandoning module GearVR (46)
[2017.04.29-11.37.32:078][574]LogModuleManager: Shutting down and abandoning module ExampleDeviceProfileSelector (44)
[2017.04.29-11.37.32:078][574]LogModuleManager: Shutting down and abandoning module OnlineBlueprintSupport (42)
[2017.04.29-11.37.32:078][574]LogModuleManager: Shutting down and abandoning module OnlineSubsystem (38)
[2017.04.29-11.37.32:078][574]LogOnline:Display: Unloading online subsystem: NULL
[2017.04.29-11.37.32:078][574]LogModuleManager: Shutting down and abandoning module XMPP (37)
[2017.04.29-11.37.32:078][574]LogModuleManager: Shutting down and abandoning module HTTP (35)
[2017.04.29-11.37.32:078][574]LogHttp:Display: Http module shutting down, but needs to wait on 1 outstanding Http requests:
[2017.04.29-11.37.32:078][574]LogHttp:Display: 	verb=[POST] url=[https://datarouter.ol.epicgames.com/datarouter/api/v1/public/data?SessionID=%7B2AE6E46E-4013-0610-AFCB-1C918E8BEAD3%7D&AppID=UEEditor.Rocket.Release&AppVersion=4.15.1-3348071%2B%2B%2BUE4%2BRelease-4.15&UserID=d618021b4d1a4236c19f52a8cf547e04%7C3b7c51976e1b41b8b4bb55ed28d8b502%7C3f0badad-2842-4c82-b231-9d46db0691d8&AppEnvironment=datacollector-binary&UploadType=eteventstream] status=Processing
[2017.04.29-11.37.32:092][574]LogModuleManager: Shutting down and abandoning module SSL (34)
[2017.04.29-11.37.32:093][574]LogModuleManager: Shutting down and abandoning module AudioEditor (30)
[2017.04.29-11.37.32:093][574]LogModuleManager: Shutting down and abandoning module TextureCompressor (28)
[2017.04.29-11.37.32:093][574]LogModuleManager: Shutting down and abandoning module ShaderCore (26)
[2017.04.29-11.37.32:093][574]LogModuleManager: Shutting down and abandoning module Landscape (24)
[2017.04.29-11.37.32:093][574]LogModuleManager: Shutting down and abandoning module SlateRHIRenderer (22)
[2017.04.29-11.37.32:094][574]LogModuleManager: Shutting down and abandoning module OpenGLDrv (20)
[2017.04.29-11.37.32:094][574]LogModuleManager: Shutting down and abandoning module D3D11RHI (18)
[2017.04.29-11.37.32:094][574]LogModuleManager: Shutting down and abandoning module AnimGraphRuntime (16)
[2017.04.29-11.37.32:094][574]LogModuleManager: Shutting down and abandoning module Renderer (14)
[2017.04.29-11.37.32:094][574]LogModuleManager: Shutting down and abandoning module Engine (12)
[2017.04.29-11.37.32:094][574]LogModuleManager: Shutting down and abandoning module CoreUObject (10)
[2017.04.29-11.37.32:094][574]LogModuleManager: Shutting down and abandoning module NetworkFile (8)
[2017.04.29-11.37.32:094][574]LogModuleManager: Shutting down and abandoning module StreamingFile (6)
[2017.04.29-11.37.32:094][574]LogModuleManager: Shutting down and abandoning module SandboxFile (4)
[2017.04.29-11.37.32:094][574]LogModuleManager: Shutting down and abandoning module PakFile (2)
[2017.04.29-11.37.32:096][574]LogExit: Exiting.
[2017.04.29-11.37.32:102][574]Log file closed, 04/29/17 14:37:32
