Log file open, 04/29/17 20:56:16
LogInit:Display: Running engine for game: NASAApp
LogPlatformFile: Not using cached read wrapper
LogInit:Display: RandInit(999813552) SRandInit(999813552).
LogTaskGraph: Started task graph with 5 named threads and 6 total threads with 1 sets of task threads.
LogStats: Stats thread started at 0.099193
LogInit: Using libcurl 7.47.1
LogInit:  - built for x86_64-pc-win32
LogInit:  - supports SSL with OpenSSL/1.0.2g
LogInit:  - supports HTTP deflate (compression) using libz 1.2.8
LogInit:  - other features:
LogInit:      CURL_VERSION_SSL
LogInit:      CURL_VERSION_LIBZ
LogInit:      CURL_VERSION_IPV6
LogInit:      CURL_VERSION_ASYNCHDNS
LogInit:      CURL_VERSION_LARGEFILE
LogInit:      CURL_VERSION_IDN
LogInit:  CurlRequestOptions (configurable via config and command line):
LogInit:  - bVerifyPeer = false  - Libcurl will NOT verify peer certificate
LogInit:  - bUseHttpProxy = false  - Libcurl will NOT use HTTP proxy
LogInit:  - bDontReuseConnections = false  - Libcurl will reuse connections
LogInit:  - CertBundlePath = nullptr  - Libcurl will use whatever was configured at build time.
LogInit: Build: ++UE4+Release-4.15-CL-3348071
LogInit: Engine Version: 4.15.1-3348071+++UE4+Release-4.15
LogInit: Compatible Engine Version: 4.15.0-3299760+++UE4+Release-4.15
LogInit: Net CL: 3299760
LogDevObjectVersion: Number of dev versions registered: 14
LogDevObjectVersion:   Dev-Blueprints (B0D832E4-1F89-4F0D-ACCF-7EB736FD4AA2): 8
LogDevObjectVersion:   Dev-Build (E1C64328-A22C-4D53-A36C-8E866417BD8C): 0
LogDevObjectVersion:   Dev-Core (375EC13C-06E4-48FB-B500-84F0262A717E): 2
LogDevObjectVersion:   Dev-Editor (E4B068ED-F494-42E9-A231-DA0B2E46BB41): 14
LogDevObjectVersion:   Dev-Framework (CFFC743F-43B0-4480-9391-14DF171D2073): 22
LogDevObjectVersion:   Dev-Mobile (B02B49B5-BB20-44E9-A304-32B752E40360): 0
LogDevObjectVersion:   Dev-Networking (A4E4105C-59A1-49B5-A7C5-40C4547EDFEE): 0
LogDevObjectVersion:   Dev-Online (39C831C9-5AE6-47DC-9A44-9C173E1C8E7C): 0
LogDevObjectVersion:   Dev-Physics (78F01B33-EBEA-4F98-B9B4-84EACCB95AA2): 0
LogDevObjectVersion:   Dev-Platform (6631380F-2D4D-43E0-8009-CF276956A95A): 0
LogDevObjectVersion:   Dev-Rendering (12F88B9F-8875-4AFC-A67C-D90C383ABD29): 12
LogDevObjectVersion:   Dev-Sequencer (7B5AE74C-D270-4C10-A958-57980B212A5A): 3
LogDevObjectVersion:   Dev-VR (D7296918-1DD6-4BDD-9DE2-64A83CC13884): 0
LogDevObjectVersion:   Dev-LoadTimes (C2A15278-BFE7-4AFE-6C17-90FF531DF755): 1
LogInit: Compiled (64-bit): Mar 15 2017 16:52:47
LogInit: Compiled with Visual C++: 19.00.23026.00
LogInit: Build Configuration: Development
LogInit: Branch Name: ++UE4+Release-4.15
LogInit: Command line:  
LogInit: Base directory: C:/Program Files/Epic Games/UE_4.15/Engine/Binaries/Win64/
LogInit: Installed Engine Build: 1
LogInit: Presizing for max 8388607 objects, including 0 objects not considered by GC, pre-allocating 0 bytes for permanent pool.
LogInit: Object subsystem initialized
[2017.04.29-17.56.18:312][  0]LogInit: Selected Device Profile: [Windows]
[2017.04.29-17.56.18:313][  0]LogInit: Applying CVar settings loaded from the selected device profile: [Windows]
[2017.04.29-17.56.18:384][  0]LogInit: Computer: DESKTOP-F6MAVA1
[2017.04.29-17.56.18:384][  0]LogInit: User: sasha
[2017.04.29-17.56.18:384][  0]LogInit: CPU Page size=65536, Cores=2
[2017.04.29-17.56.18:384][  0]LogInit: High frequency timer resolution =1.851184 MHz
[2017.04.29-17.56.18:385][  0]LogMemory: Memory total: Physical=7.9GB (8GB approx)
[2017.04.29-17.56.18:385][  0]LogMemory: Platform Memory Stats for Windows
[2017.04.29-17.56.18:385][  0]LogMemory: Process Physical Memory: 262.91 MB used, 262.91 MB peak
[2017.04.29-17.56.18:385][  0]LogMemory: Process Virtual Memory: 262.41 MB used, 262.41 MB peak
[2017.04.29-17.56.18:385][  0]LogMemory: Physical Memory: 3680.34 MB used,  4427.04 MB free, 8107.39 MB total
[2017.04.29-17.56.18:385][  0]LogMemory: Virtual Memory: 643.33 MB used,  4427.04 MB free, 134217728.00 MB total
[2017.04.29-17.56.18:793][  0]LogTextLocalizationManager: No translations for ('ru-RU') exist, falling back to 'en' for localization and internationalization data.
[2017.04.29-17.56.26:270][  0]LogD3D11RHI: D3D11 adapters:
[2017.04.29-17.56.26:279][  0]LogD3D11RHI:    0. 'Intel(R) HD Graphics' (Feature Level 11_0)
[2017.04.29-17.56.26:279][  0]LogD3D11RHI:       128/0/4053 MB DedicatedVideo/DedicatedSystem/SharedSystem, Outputs:1, VendorId:0x8086
[2017.04.29-17.56.26:283][  0]LogD3D11RHI:    1. 'Microsoft Basic Render Driver' (Feature Level 11_0)
[2017.04.29-17.56.26:283][  0]LogD3D11RHI:       0/0/4053 MB DedicatedVideo/DedicatedSystem/SharedSystem, Outputs:0, VendorId:0x1414
[2017.04.29-17.56.26:283][  0]LogD3D11RHI: Chosen D3D11 Adapter: 0
[2017.04.29-17.56.26:293][  0]LogD3D11RHI: Creating new Direct3DDevice
[2017.04.29-17.56.26:293][  0]LogD3D11RHI:     GPU DeviceId: 0x1606 (for the marketing name, search the web for "GPU Device Id")
[2017.04.29-17.56.26:293][  0]LogWindows: EnumDisplayDevices:
[2017.04.29-17.56.26:293][  0]LogWindows:    0. 'Intel(R) HD Graphics' (P:1 D:1)
[2017.04.29-17.56.26:294][  0]LogWindows:    1. 'Intel(R) HD Graphics' (P:0 D:0)
[2017.04.29-17.56.26:294][  0]LogWindows:    2. 'Intel(R) HD Graphics' (P:0 D:0)
[2017.04.29-17.56.26:294][  0]LogWindows: DebugString: FoundDriverCount:3 
[2017.04.29-17.56.26:294][  0]LogD3D11RHI:     Adapter Name: Intel(R) HD Graphics
[2017.04.29-17.56.26:294][  0]LogD3D11RHI:   Driver Version: 20.19.15.4531 (internal:20.19.15.4531, unified:20.19.15.4531)
[2017.04.29-17.56.26:294][  0]LogD3D11RHI:      Driver Date: 9-29-2016
[2017.04.29-17.56.26:294][  0]LogRHI: Texture pool is 1361 MB (70% of 1945 MB)
[2017.04.29-17.56.26:302][  0]LogD3D11RHI: Async texture creation enabled
[2017.04.29-17.56.26:311][  0]LogD3D11RHI: GPU Timing Frequency: 12.500000 (Debug: 2 0)
[2017.04.29-17.56.26:312][  0]LogShaderCompilers: Guid format shader working directory is 18 characters bigger than the processId version (B:/work/NasaHackaton/NASAApp/Intermediate/Shaders/WorkingDirectory/6148/).
[2017.04.29-17.56.26:312][  0]LogShaderCompilers: Cleaned the shader compiler working directory 'C:/Users/sasha/AppData/Local/Temp/UnrealShaderWorkingDir/1547D4D842091E3021897DBEE70A192A/'.
[2017.04.29-17.56.26:313][  0]LogShaderCompilers:Display: Using Local Shader Compiler.
[2017.04.29-17.56.33:586][  0]LogTemp:Display: Loaded TP AllDesktopTargetPlatform
[2017.04.29-17.56.34:156][  0]LogTemp:Display: Loaded TP MacClientTargetPlatform
[2017.04.29-17.56.34:510][  0]LogTemp:Display: Loaded TP MacNoEditorTargetPlatform
[2017.04.29-17.56.35:168][  0]LogTemp:Display: Loaded TP MacServerTargetPlatform
[2017.04.29-17.56.35:646][  0]LogTemp:Display: Loaded TP MacTargetPlatform
[2017.04.29-17.56.36:113][  0]LogTemp:Display: Loaded TP WindowsClientTargetPlatform
[2017.04.29-17.56.36:473][  0]LogTemp:Display: Loaded TP WindowsNoEditorTargetPlatform
[2017.04.29-17.56.36:837][  0]LogTemp:Display: Loaded TP WindowsServerTargetPlatform
[2017.04.29-17.56.37:164][  0]LogTemp:Display: Loaded TP WindowsTargetPlatform
[2017.04.29-17.56.37:478][  0]LogTemp:Display: Loaded TP AndroidTargetPlatform
[2017.04.29-17.56.37:718][  0]LogTemp:Display: Loaded TP Android_ASTCTargetPlatform
[2017.04.29-17.56.37:897][  0]LogTemp:Display: Loaded TP Android_ATCTargetPlatform
[2017.04.29-17.56.38:154][  0]LogTemp:Display: Loaded TP Android_DXTTargetPlatform
[2017.04.29-17.56.38:358][  0]LogTemp:Display: Loaded TP Android_ETC1TargetPlatform
[2017.04.29-17.56.38:519][  0]LogTemp:Display: Loaded TP Android_ETC2TargetPlatform
[2017.04.29-17.56.38:855][  0]LogTemp:Display: Loaded TP Android_MultiTargetPlatform
[2017.04.29-17.56.38:855][  0]LogTemp:Display: Loaded TP Android_PVRTCTargetPlatform
[2017.04.29-17.56.39:005][  0]LogTemp:Display: Loaded TP HTML5TargetPlatform
[2017.04.29-17.56.39:394][  0]LogTemp:Display: Loaded TP IOSTargetPlatform
[2017.04.29-17.56.39:534][  0]LogTemp:Display: Loaded TP TVOSTargetPlatform
[2017.04.29-17.56.39:696][  0]LogTemp:Display: Loaded TP LinuxClientTargetPlatform
[2017.04.29-17.56.39:867][  0]LogTemp:Display: Loaded TP LinuxNoEditorTargetPlatform
[2017.04.29-17.56.40:103][  0]LogTemp:Display: Loaded TP LinuxServerTargetPlatform
[2017.04.29-17.56.40:364][  0]LogTemp:Display: Loaded TP LinuxTargetPlatform
[2017.04.29-17.56.40:364][  0]LogTargetPlatformManager:Display: Building Assets For Windows
[2017.04.29-17.56.42:408][  0]LogDerivedDataCache:Display: Max Cache Size: 512 MB
[2017.04.29-17.56.42:635][  0]LogDerivedDataCache: Loaded boot cache 0.23s 50MB C:/Users/sasha/AppData/Local/UnrealEngine/4.15/DerivedDataCache/Boot.ddc.
[2017.04.29-17.56.42:635][  0]LogDerivedDataCache:Display: Loaded Boot cache: C:/Users/sasha/AppData/Local/UnrealEngine/4.15/DerivedDataCache/Boot.ddc
[2017.04.29-17.56.42:635][  0]LogDerivedDataCache: FDerivedDataBackendGraph:  Pak pak cache file B:/work/NasaHackaton/NASAApp/DerivedDataCache/DDC.ddp not found, will not use a pak cache.
[2017.04.29-17.56.42:635][  0]LogDerivedDataCache: Unable to find inner node Pak for hierarchical cache Hierarchy.
[2017.04.29-17.56.42:635][  0]LogDerivedDataCache: FDerivedDataBackendGraph:  CompressedPak pak cache file B:/work/NasaHackaton/NASAApp/DerivedDataCache/Compressed.ddp not found, will not use a pak cache.
[2017.04.29-17.56.42:635][  0]LogDerivedDataCache: Unable to find inner node CompressedPak for hierarchical cache Hierarchy.
[2017.04.29-17.56.42:706][  0]LogDerivedDataCache:Display: Pak cache opened for reading ../../../Engine/DerivedDataCache/Compressed.ddp.
[2017.04.29-17.56.42:721][  0]LogDerivedDataCache: Using Local data cache path C:/Users/sasha/AppData/Local/UnrealEngine/Common/DerivedDataCache: Writable
[2017.04.29-17.56.42:751][  0]LogSlate: Using Freetype 2.6.0
[2017.04.29-17.56.42:753][  0]LogSlate: SlateFontCache - WITH_FREETYPE: 1, WITH_HARFBUZZ: 1
[2017.04.29-17.56.42:753][  0]LogSlate: SlateFontCache - WITH_FREETYPE: 1, WITH_HARFBUZZ: 1
[2017.04.29-17.56.59:076][  0]LogInit: Selected Device Profile: [Windows]
[2017.04.29-17.56.59:331][  0]LogContentStreaming: Texture pool size is 0.00 MB
[2017.04.29-17.57.01:083][  0]LogMeshUtilities: Using QuadricMeshReduction for automatic static mesh reduction
[2017.04.29-17.57.01:322][  0]LogSimplygon: Simplygon DLL not present - disabling.
[2017.04.29-17.57.02:051][  0]LogMeshUtilities: Using SimplygonSwarm for distributed automatic mesh merging
[2017.04.29-17.57.02:051][  0]LogMeshUtilities: No automatic skeletal mesh reduction module available
[2017.04.29-17.57.02:051][  0]LogMeshUtilities: No automatic mesh merging module available
[2017.04.29-17.57.10:606][  0]LogNetVersion: GetLocalNetworkVersion: CL: 3299760, ProjectName: nasaapp, ProjectVersion: , EngineNetworkVersion: 2, GameNetworkVersion: 0, NetworkChecksum: 3117530055
[2017.04.29-17.57.11:017][  0]LogAssetRegistry: FAssetRegistry took 0.0265 seconds to start up
[2017.04.29-17.57.11:252][  0]LogAssetRegistry:Error: Failed to open file for write B:/work/NasaHackaton/NASAApp/Intermediate/AssetRegistryCache/2657c409.bin
[2017.04.29-17.57.11:346][  0]LogPackageLocalizationCache: Processed 4 localized package path(s) for 1 prioritized culture(s) in 0.163909 seconds
[2017.04.29-17.57.11:444][  0]LogUObjectArray: 32493 objects as part of root set at end of initial load.
[2017.04.29-17.57.11:444][  0]LogUObjectAllocator: 7077032 out of 0 bytes used by permanent object pool.
[2017.04.29-17.57.11:444][  0]LogUObjectArray: CloseDisregardForGC: 0/0 objects in disregard for GC pool
[2017.04.29-17.57.11:779][  0]LogInit: WinSock: version 1.1 (2.2), MaxSocks=32767, MaxUdp=65467
[2017.04.29-17.58.04:929][  0]LogTcpMessaging: Initializing TcpMessaging bridge
[2017.04.29-17.58.05:296][  0]LogUdpMessaging: Initializing bridge on interface 0.0.0.0:0 to multicast group 230.0.0.1:6666.
[2017.04.29-17.58.10:088][  0]LogConfig:Warning: Failed to saved backup for config[TranslationPickerSettings]
[2017.04.29-17.58.10:773][  0]LogMaterial: Uniform references updated for custom material expression Custom.
[2017.04.29-17.58.13:836][  0]SourceControl: Info Source control is disabled
[2017.04.29-17.58.15:482][  0]SourceControl: Info Source control is disabled
[2017.04.29-17.58.16:505][  0]SourceControl: Info Source control is disabled
[2017.04.29-17.58.16:884][  0]SourceControl: Info Source control is disabled
[2017.04.29-17.58.33:025][  0]LogEngine: Initializing Engine...
[2017.04.29-17.58.33:072][  0]LogHMD: Failed to initialize OpenVR with code 110
[2017.04.29-17.58.36:605][  0]LogAIModule: Creating AISystem for world Untitled
[2017.04.29-17.58.37:713][  0]LogInit: XAudio2 using 'Громкоговоритель и наушники (Realtek High Definition Audio)' : 2 channels at 48 kHz using 32 bits per sample (channel mask 0x3)
[2017.04.29-17.58.38:347][  0]LogInit: FAudioDevice initialized.
[2017.04.29-17.58.38:430][  0]LogDerivedDataCache: Saved boot cache 0.08s 50MB C:/Users/sasha/AppData/Local/UnrealEngine/4.15/DerivedDataCache/Boot.ddc.
[2017.04.29-17.58.38:450][  0]LogInit: Texture streaming: Enabled
[2017.04.29-17.58.40:276][  0]LogEngineSessionManager: EngineSessionManager initialized
[2017.04.29-17.58.41:051][  0]LogInit: Transaction tracking system initialized
[2017.04.29-17.58.43:144][  0]BlueprintLog: New page: Editor Load
[2017.04.29-17.58.48:207][  0]LogConfig:Warning: Failed to saved backup for config[LocalizationServiceSettings]
[2017.04.29-17.58.48:211][  0]LogConfig:Warning: Failed to saved backup for config[LocalizationServiceSettings]
[2017.04.29-17.58.48:212][  0]LocalizationService: Info Localization service is disabled
[2017.04.29-17.58.52:415][  0]LogConsoleResponse:Display: 
[2017.04.29-17.58.54:744][  0]LogCook:Display: Max memory allowance for cook 16384mb min free memory 0mb
[2017.04.29-17.58.54:745][  0]LogCook:Display: Mobile HDR setting 1
[2017.04.29-17.58.55:941][  0]LogFileCache: Scanning file cache for directory 'B:/work/NasaHackaton/NASAApp/Content/' took 0.02s
[2017.04.29-17.59.00:071][  0]SourceControl: Info Source control is disabled
[2017.04.29-17.59.00:071][  0]Cmd: MAP LOAD FILE="B:/work/NasaHackaton/NASAApp/Content/ThirdPersonBP/Maps/ThirdPersonExampleMap.umap" TEMPLATE=0 SHOWPROGRESS=1 FEATURELEVEL=3
[2017.04.29-17.59.00:072][  0]LightingResults: New page: Lighting Build
[2017.04.29-17.59.00:346][  0]MapCheck: New page: Map Check
[2017.04.29-17.59.00:346][  0]LightingResults: New page: Lighting Build
[2017.04.29-17.59.04:462][  0]LogAIModule: Creating AISystem for world ThirdPersonExampleMap
[2017.04.29-17.59.05:458][  0]LogEditorServer: Finished looking for orphan Actors (0.000 secs)
[2017.04.29-17.59.05:530][  0]Cmd: MAP CHECKDEP NOCLEARLOG
[2017.04.29-17.59.05:690][  0]MapCheck: Info Map check complete: 0 Error(s), 0 Warning(s), took 160.474ms to complete.
[2017.04.29-17.59.05:690][  0]LogFileHelpers: Loading map 'ThirdPersonExampleMap' took 5.620
[2017.04.29-17.59.07:340][  0]LogCollectionManager: Loaded 0 collections in 0.004276 seconds
[2017.04.29-17.59.07:842][  0]LogFileCache: Scanning file cache for directory 'B:/work/NasaHackaton/NASAApp/Saved/Collections/' took 0.01s
[2017.04.29-17.59.07:842][  0]LogFileCache: Scanning file cache for directory 'B:/work/NasaHackaton/NASAApp/Content/Developers/sasha/Collections/' took 0.01s
[2017.04.29-17.59.07:842][  0]LogFileCache: Scanning file cache for directory 'B:/work/NasaHackaton/NASAApp/Content/Collections/' took 0.01s
[2017.04.29-17.59.07:842][  0]LogCollectionManager: Rebuilt the GUID cache for 0 collections in 0.000004 seconds
[2017.04.29-17.59.07:907][  0]LogContentBrowser: Native class hierarchy populated in 0.0362 seconds. Added 2270 classes and 462 folders.
[2017.04.29-17.59.08:029][  0]LogStats: UGameplayTagsManager::ConstructGameplayTagTree: Construct from data asset -  0.006 s
[2017.04.29-17.59.08:029][  0]LogStats: UGameplayTagsManager::ConstructGameplayTagTree: GameplayTagTreeChangedEvent.Broadcast -  0.000 s
[2017.04.29-17.59.08:374][  0]LogContentBrowser: Native class hierarchy updated for 'WidgetCarousel' in 0.0009 seconds. Added 0 classes and 0 folders.
[2017.04.29-17.59.10:026][  0]LogContentBrowser: Native class hierarchy updated for 'AddContentDialog' in 0.0014 seconds. Added 0 classes and 0 folders.
[2017.04.29-17.59.10:334][  0]LogContentBrowser: Native class hierarchy updated for 'SceneOutliner' in 0.0012 seconds. Added 1 classes and 2 folders.
[2017.04.29-17.59.10:799][  0]LogCrashTracker: Crashtracker disabled due to settings.
[2017.04.29-17.59.10:989][  0]LogUObjectGlobals:Warning: Failed to find object 'Class None.'
[2017.04.29-17.59.11:317][  0]LogContentBrowser: Native class hierarchy updated for 'HierarchicalLODOutliner' in 0.0028 seconds. Added 1 classes and 2 folders.
[2017.04.29-17.59.11:318][  0]LogLoad: (Engine Initialization) Total time: 177.20 seconds
[2017.04.29-17.59.11:318][  0]LogLoad: (Engine Initialization) Total Blueprint compile time: 1.20 seconds
[2017.04.29-17.59.11:318][  0]LogExternalProfiler: Found external profiler: VSPerf
[2017.04.29-17.59.11:318][  0]LogExternalProfiler: Using external profiler: VSPerf
[2017.04.29-17.59.11:806][  0]LogOcInput: OculusInput pre-init called
[2017.04.29-17.59.12:439][  0]LogContentStreaming: Texture pool size now 400 MB
[2017.04.29-17.59.12:605][  0]LogSlate: Took 0.032503 seconds to synchronously load lazily loaded font '../../../Engine/Content/Slate/Fonts/Roboto-Regular.ttf' (155K)
[2017.04.29-17.59.12:657][  0]LogSlate: Took 0.024463 seconds to synchronously load lazily loaded font '../../../Engine/Content/Slate/Fonts/Roboto-Bold.ttf' (160K)
[2017.04.29-17.59.12:713][  0]LogSlate: Took 0.023422 seconds to synchronously load lazily loaded font '../../../Engine/Content/Editor/Slate/Fonts/FontAwesome.ttf' (139K)
[2017.04.29-17.59.13:726][  0]LogRenderer: Reallocating scene render targets to support 724x556 NumSamples 1 (Frame:2).
[2017.04.29-17.59.15:759][  1]LogSlate: Took 0.029678 seconds to synchronously load lazily loaded font '../../../Engine/Content/Slate/Fonts/Roboto-Light.ttf' (159K)
[2017.04.29-17.59.18:054][  8]LogAssetRegistry: Asset discovery search completed in 127.0619 seconds
[2017.04.29-17.59.18:074][  8]LogCollectionManager: Rebuilt the object cache for 0 collections in 0.018114 seconds (found 0 objects)
[2017.04.29-17.59.18:074][  8]LogCollectionManager: Fixed up redirectors for 0 collections in 0.019007 seconds (updated 0 objects)
[2017.04.29-18.04.32:923][952]LogWindowsTextInputMethodSystem:Display: IME system now deactivated.
[2017.04.29-18.04.32:923][952]LogWindowsTextInputMethodSystem:Display: IME system now deactivated.
[2017.04.29-18.04.35:963][997]LogWindowsTextInputMethodSystem:Display: IME system now deactivated.
[2017.04.29-18.04.36:484][998]Cmd: QUIT_EDITOR
[2017.04.29-18.04.36:967][998]LogExit: Preparing to exit.
[2017.04.29-18.04.38:298][998]LogExit: Editor shut down
[2017.04.29-18.04.38:299][998]LogExit: Transaction tracking system shut down
[2017.04.29-18.04.39:086][998]LogObj: Freed 0b from 0 cluster array pools.
[2017.04.29-18.04.39:086][998]LogExit: Object subsystem successfully closed.
[2017.04.29-18.04.39:228][998]LogD3D11RHI: Shutdown
[2017.04.29-18.04.39:228][998]LogD3D11RHI: CleanupD3DDevice
[2017.04.29-18.04.39:513][998]LogD3D11RHI: ~FD3D11DynamicRHI
[2017.04.29-18.04.40:076][998]LogModuleManager: Shutting down and abandoning module HierarchicalLODOutliner (502)
[2017.04.29-18.04.40:088][998]LogModuleManager: Shutting down and abandoning module CrashTracker (500)
[2017.04.29-18.04.40:088][998]LogModuleManager: Shutting down and abandoning module SceneOutliner (498)
[2017.04.29-18.04.40:088][998]LogModuleManager: Shutting down and abandoning module AddContentDialog (496)
[2017.04.29-18.04.40:088][998]LogDirectoryWatcher: A directory notification for 'C:/Program Files/Epic Games/UE_4.15/FeaturePacks/' was aborted.
[2017.04.29-18.04.40:090][998]LogModuleManager: Shutting down and abandoning module WidgetCarousel (495)
[2017.04.29-18.04.40:090][998]LogModuleManager: Shutting down and abandoning module EditorWidgets (492)
[2017.04.29-18.04.40:090][998]LogModuleManager: Shutting down and abandoning module CollectionManager (490)
[2017.04.29-18.04.40:120][998]LogDirectoryWatcher: A directory notification for 'B:/work/NasaHackaton/NASAApp/Content/Collections/' was aborted.
[2017.04.29-18.04.40:120][998]LogDirectoryWatcher: A directory notification for 'B:/work/NasaHackaton/NASAApp/Content/Developers/sasha/Collections/' was aborted.
[2017.04.29-18.04.40:120][998]LogDirectoryWatcher: A directory notification for 'B:/work/NasaHackaton/NASAApp/Saved/Collections/' was aborted.
[2017.04.29-18.04.40:121][998]LogModuleManager: Shutting down and abandoning module StatsViewer (488)
[2017.04.29-18.04.40:121][998]LogModuleManager: Shutting down and abandoning module FoliageEdit (486)
[2017.04.29-18.04.40:125][998]LogModuleManager: Shutting down and abandoning module LandscapeEditor (484)
[2017.04.29-18.04.40:136][998]LogModuleManager: Shutting down and abandoning module SceneDepthPickerMode (482)
[2017.04.29-18.04.40:136][998]LogModuleManager: Shutting down and abandoning module ActorPickerMode (480)
[2017.04.29-18.04.40:136][998]LogModuleManager: Shutting down and abandoning module GeometryMode (478)
[2017.04.29-18.04.40:136][998]LogModuleManager: Shutting down and abandoning module TextureAlignMode (476)
[2017.04.29-18.04.40:136][998]LogModuleManager: Shutting down and abandoning module BspMode (474)
[2017.04.29-18.04.40:149][998]LogModuleManager: Shutting down and abandoning module HardwareSurvey (472)
[2017.04.29-18.04.40:152][998]LogModuleManager: Shutting down and abandoning module SequenceRecorderSections (470)
[2017.04.29-18.04.40:152][998]LogModuleManager: Shutting down and abandoning module AutomationWorker (468)
[2017.04.29-18.04.40:158][998]LogModuleManager: Shutting down and abandoning module MatineeToLevelSequence (466)
[2017.04.29-18.04.40:158][998]LogModuleManager: Shutting down and abandoning module LevelSequenceEditor (464)
[2017.04.29-18.04.40:203][998]LogModuleManager: Shutting down and abandoning module PlacementMode (463)
[2017.04.29-18.04.40:203][998]LogModuleManager: Shutting down and abandoning module WmfMediaFactory (460)
[2017.04.29-18.04.40:203][998]LogModuleManager: Shutting down and abandoning module WmfMediaEditor (458)
[2017.04.29-18.04.40:203][998]LogModuleManager: Shutting down and abandoning module MfMediaFactory (456)
[2017.04.29-18.04.40:203][998]LogModuleManager: Shutting down and abandoning module MfMediaEditor (454)
[2017.04.29-18.04.40:203][998]LogModuleManager: Shutting down and abandoning module AvfMediaFactory (452)
[2017.04.29-18.04.40:203][998]LogModuleManager: Shutting down and abandoning module AvfMediaEditor (450)
[2017.04.29-18.04.40:203][998]LogModuleManager: Shutting down and abandoning module AndroidMediaFactory (448)
[2017.04.29-18.04.40:203][998]LogModuleManager: Shutting down and abandoning module Media (447)
[2017.04.29-18.04.40:203][998]LogModuleManager: Shutting down and abandoning module AndroidMediaEditor (444)
[2017.04.29-18.04.40:203][998]LogModuleManager: Shutting down and abandoning module CharacterAI (442)
[2017.04.29-18.04.40:203][998]LogModuleManager: Shutting down and abandoning module AudioCapture (440)
[2017.04.29-18.04.40:204][998]LogModuleManager: Shutting down and abandoning module SequenceRecorder (439)
[2017.04.29-18.04.40:216][998]LogModuleManager: Shutting down and abandoning module SmartSnapping (436)
[2017.04.29-18.04.40:216][998]LogModuleManager: Shutting down and abandoning module SessionServices (434)
[2017.04.29-18.04.40:216][998]LogModuleManager: Shutting down and abandoning module ViewportSnapping (432)
[2017.04.29-18.04.40:216][998]LogModuleManager: Shutting down and abandoning module ViewportInteraction (430)
[2017.04.29-18.04.40:216][998]LogModuleManager: Shutting down and abandoning module LogVisualizer (428)
[2017.04.29-18.04.40:246][998]LogModuleManager: Shutting down and abandoning module IntroTutorials (426)
[2017.04.29-18.04.40:254][998]LogModuleManager: Shutting down and abandoning module GameProjectGeneration (425)
[2017.04.29-18.04.40:254][998]LogModuleManager: Shutting down and abandoning module EditorLiveStreaming (422)
[2017.04.29-18.04.40:254][998]LogModuleManager: Shutting down and abandoning module IOSPlatformEditor (420)
[2017.04.29-18.04.40:254][998]LogModuleManager: Shutting down and abandoning module HTML5PlatformEditor (418)
[2017.04.29-18.04.40:254][998]LogModuleManager: Shutting down and abandoning module AndroidPlatformEditor (416)
[2017.04.29-18.04.40:267][998]LogModuleManager: Shutting down and abandoning module AndroidDeviceDetection (415)
[2017.04.29-18.04.40:395][998]LogModuleManager: Shutting down and abandoning module IOSRuntimeSettings (412)
[2017.04.29-18.04.40:395][998]LogModuleManager: Shutting down and abandoning module AndroidRuntimeSettings (410)
[2017.04.29-18.04.40:395][998]LogModuleManager: Shutting down and abandoning module InputBindingEditor (408)
[2017.04.29-18.04.40:416][998]LogModuleManager: Shutting down and abandoning module NiagaraEditor (406)
[2017.04.29-18.04.40:477][998]LogModuleManager: Shutting down and abandoning module MergeActors (404)
[2017.04.29-18.04.40:500][998]LogModuleManager: Shutting down and abandoning module SizeMap (402)
[2017.04.29-18.04.40:500][998]LogModuleManager: Shutting down and abandoning module TreeMap (400)
[2017.04.29-18.04.40:513][998]LogModuleManager: Shutting down and abandoning module ReferenceViewer (398)
[2017.04.29-18.04.40:513][998]LogModuleManager: Shutting down and abandoning module LocalizationDashboard (396)
[2017.04.29-18.04.40:533][998]LogModuleManager: Shutting down and abandoning module LocalizationService (395)
[2017.04.29-18.04.40:550][998]LogModuleManager: Shutting down and abandoning module HardwareTargeting (392)
[2017.04.29-18.04.40:550][998]LogModuleManager: Shutting down and abandoning module DeviceProfileEditor (390)
[2017.04.29-18.04.40:560][998]LogModuleManager: Shutting down and abandoning module UndoHistory (388)
[2017.04.29-18.04.40:567][998]LogModuleManager: Shutting down and abandoning module UserFeedback (386)
[2017.04.29-18.04.40:567][998]LogModuleManager: Shutting down and abandoning module XmlParser (384)
[2017.04.29-18.04.40:567][998]LogModuleManager: Shutting down and abandoning module Blutility (382)
[2017.04.29-18.04.40:573][998]LogModuleManager: Shutting down and abandoning module ProjectSettingsViewer (380)
[2017.04.29-18.04.40:573][998]LogModuleManager: Shutting down and abandoning module ProjectTargetPlatformEditor (379)
[2017.04.29-18.04.40:574][998]LogModuleManager: Shutting down and abandoning module EditorSettingsViewer (376)
[2017.04.29-18.04.40:574][998]LogModuleManager: Shutting down and abandoning module SettingsEditor (374)
[2017.04.29-18.04.40:605][998]LogModuleManager: Shutting down and abandoning module ProjectLauncher (372)
[2017.04.29-18.04.40:624][998]LogModuleManager: Shutting down and abandoning module SessionFrontend (370)
[2017.04.29-18.04.40:642][998]LogModuleManager: Shutting down and abandoning module ProfilerClient (368)
[2017.04.29-18.04.40:670][998]LogModuleManager: Shutting down and abandoning module DeviceManager (366)
[2017.04.29-18.04.40:693][998]LogModuleManager: Shutting down and abandoning module TargetDeviceServices (365)
[2017.04.29-18.04.40:758][998]LogModuleManager: Shutting down and abandoning module AutomationController (362)
[2017.04.29-18.04.40:802][998]LogModuleManager: Shutting down and abandoning module AutomationWindow (360)
[2017.04.29-18.04.40:833][998]LogModuleManager: Shutting down and abandoning module Layers (358)
[2017.04.29-18.04.40:910][998]LogModuleManager: Shutting down and abandoning module ComponentVisualizers (356)
[2017.04.29-18.04.40:910][998]LogModuleManager: Shutting down and abandoning module DetailCustomizations (354)
[2017.04.29-18.04.40:910][998]LogModuleManager: Shutting down and abandoning module PackagesDialog (352)
[2017.04.29-18.04.40:948][998]LogModuleManager: Shutting down and abandoning module Persona (350)
[2017.04.29-18.04.40:977][998]LogModuleManager: Shutting down and abandoning module AnimGraph (349)
[2017.04.29-18.04.40:978][998]LogModuleManager: Shutting down and abandoning module Kismet (346)
[2017.04.29-18.04.40:979][998]LogModuleManager: Shutting down and abandoning module GraphEditor (344)
[2017.04.29-18.04.40:980][998]LogModuleManager: Shutting down and abandoning module ClassViewer (342)
[2017.04.29-18.04.40:980][998]LogModuleManager: Shutting down and abandoning module Toolbox (340)
[2017.04.29-18.04.40:980][998]LogModuleManager: Shutting down and abandoning module ModuleUI (338)
[2017.04.29-18.04.41:007][998]LogModuleManager: Shutting down and abandoning module MovieSceneTools (336)
[2017.04.29-18.04.41:007][998]LogModuleManager: Shutting down and abandoning module OutputLog (334)
[2017.04.29-18.04.41:015][998]LogModuleManager: Shutting down and abandoning module GammaUI (332)
[2017.04.29-18.04.41:027][998]LogModuleManager: Shutting down and abandoning module Documentation (330)
[2017.04.29-18.04.41:027][998]LogModuleManager: Shutting down and abandoning module Niagara (328)
[2017.04.29-18.04.41:027][998]LogModuleManager: Shutting down and abandoning module StreamingPauseRendering (326)
[2017.04.29-18.04.41:027][998]LogModuleManager: Shutting down and abandoning module AnalyticsET (324)
[2017.04.29-18.04.41:027][998]LogModuleManager: Shutting down and abandoning module PortalServices (322)
[2017.04.29-18.04.41:027][998]LogModuleManager: Shutting down and abandoning module PortalRpc (320)
[2017.04.29-18.04.41:027][998]LogModuleManager: Shutting down and abandoning module MessagingRpc (318)
[2017.04.29-18.04.41:027][998]LogModuleManager: Shutting down and abandoning module AIModule (316)
[2017.04.29-18.04.41:027][998]LogModuleManager: Shutting down and abandoning module GameplayDebugger (315)
[2017.04.29-18.04.41:027][998]LogModuleManager: Shutting down and abandoning module AITestSuite (313)
[2017.04.29-18.04.41:027][998]LogModuleManager: Shutting down and abandoning module ProfilerService (310)
[2017.04.29-18.04.41:168][998]LogModuleManager: Shutting down and abandoning module TaskGraph (308)
[2017.04.29-18.04.41:226][998]LogModuleManager: Shutting down and abandoning module SteamVRController (306)
[2017.04.29-18.04.41:226][998]LogModuleManager: Shutting down and abandoning module SteamVR (304)
[2017.04.29-18.04.41:226][998]LogModuleManager: Shutting down and abandoning module ProceduralMeshComponentEditor (302)
[2017.04.29-18.04.41:226][998]LogModuleManager: Shutting down and abandoning module ProceduralMeshComponent (300)
[2017.04.29-18.04.41:229][998]LogModuleManager: Shutting down and abandoning module OculusLibrary (298)
[2017.04.29-18.04.41:229][998]LogModuleManager: Shutting down and abandoning module OculusInput (296)
[2017.04.29-18.04.41:229][998]LogModuleManager: Shutting down and abandoning module MobilePatchingUtils (294)
[2017.04.29-18.04.41:229][998]LogModuleManager: Shutting down and abandoning module CustomMeshComponent (292)
[2017.04.29-18.04.41:229][998]LogModuleManager: Shutting down and abandoning module CableComponent (290)
[2017.04.29-18.04.41:236][998]LogModuleManager: Shutting down and abandoning module ArchVisCharacter (288)
[2017.04.29-18.04.41:236][998]LogModuleManager: Shutting down and abandoning module MediaPlayerEditor (284)
[2017.04.29-18.04.41:283][998]LogModuleManager: Shutting down and abandoning module LowEntryExtendedStandardLibraryEditor (282)
[2017.04.29-18.04.41:283][998]LogModuleManager: Shutting down and abandoning module HTML5Networking (280)
[2017.04.29-18.04.41:283][998]LogModuleManager: Shutting down and abandoning module AlembicImporter (278)
[2017.04.29-18.04.41:290][998]LogModuleManager: Shutting down and abandoning module AlembicLibrary (277)
[2017.04.29-18.04.41:290][998]LogModuleManager: Shutting down and abandoning module GeometryCache (276)
[2017.04.29-18.04.41:290][998]LogModuleManager: Shutting down and abandoning module GeometryCacheEd (275)
[2017.04.29-18.04.41:290][998]LogModuleManager: Shutting down and abandoning module SuperSearchEditor (270)
[2017.04.29-18.04.41:290][998]LogModuleManager: Shutting down and abandoning module SuperSearch (269)
[2017.04.29-18.04.41:290][998]LogModuleManager: Shutting down and abandoning module SpeedTreeImporter (266)
[2017.04.29-18.04.41:290][998]LogModuleManager: Shutting down and abandoning module PluginBrowser (264)
[2017.04.29-18.04.41:305][998]LogModuleManager: Shutting down and abandoning module MobileLauncherProfileWizard (262)
[2017.04.29-18.04.41:338][998]LogModuleManager: Shutting down and abandoning module EpicSurvey (260)
[2017.04.29-18.04.41:338][998]LogModuleManager: Shutting down and abandoning module VisualStudioSourceCodeAccess (258)
[2017.04.29-18.04.41:339][998]LogModuleManager: Shutting down and abandoning module DesktopPlatform (257)
[2017.04.29-18.04.41:339][998]LogModuleManager: Shutting down and abandoning module UObjectPlugin (254)
[2017.04.29-18.04.41:339][998]LogModuleManager: Shutting down and abandoning module SubversionSourceControl (252)
[2017.04.29-18.04.41:343][998]LogModuleManager: Shutting down and abandoning module PerforceSourceControl (250)
[2017.04.29-18.04.41:362][998]LogModuleManager: Shutting down and abandoning module GitSourceControl (248)
[2017.04.29-18.04.41:373][998]LogModuleManager: Shutting down and abandoning module SourceControl (247)
[2017.04.29-18.04.41:373][998]LogModuleManager: Shutting down and abandoning module LightPropagationVolumeEditor (244)
[2017.04.29-18.04.41:373][998]LogModuleManager: Shutting down and abandoning module PaperTiledImporter (242)
[2017.04.29-18.04.41:373][998]LogModuleManager: Shutting down and abandoning module PaperSpriteSheetImporter (240)
[2017.04.29-18.04.41:374][998]LogModuleManager: Shutting down and abandoning module Paper2DEditor (238)
[2017.04.29-18.04.41:397][998]LogModuleManager: Shutting down and abandoning module MeshPaint (237)
[2017.04.29-18.04.41:409][998]LogModuleManager: Shutting down and abandoning module LevelEditor (235)
[2017.04.29-18.04.41:410][998]LogModuleManager: Shutting down and abandoning module PixelInspectorModule (234)
[2017.04.29-18.04.41:451][998]LogModuleManager: Shutting down and abandoning module MainFrame (232)
[2017.04.29-18.04.41:451][998]LogModuleManager: Shutting down and abandoning module HotReload (231)
[2017.04.29-18.04.41:458][998]LogModuleManager: Shutting down and abandoning module ContentBrowser (227)
[2017.04.29-18.04.41:460][998]LogModuleManager: Shutting down and abandoning module PhysXVehiclesEditor (224)
[2017.04.29-18.04.41:466][998]LogModuleManager: Shutting down and abandoning module PhysXVehicles (222)
[2017.04.29-18.04.41:466][998]LogModuleManager: Shutting down and abandoning module LocationServicesBPLibrary (220)
[2017.04.29-18.04.41:466][998]LogModuleManager: Shutting down and abandoning module UdpMessaging (218)
[2017.04.29-18.04.41:567][998]LogModuleManager: Shutting down and abandoning module TcpMessaging (216)
[2017.04.29-18.04.41:694][998]LogModuleManager: Shutting down and abandoning module LowEntryExtendedStandardLibrary (214)
[2017.04.29-18.04.41:714][998]LogModuleManager: Shutting down and abandoning module GameplayTagsEditor (212)
[2017.04.29-18.04.41:736][998]LogModuleManager: Shutting down and abandoning module FacialAnimationEditor (210)
[2017.04.29-18.04.41:744][998]LogModuleManager: Shutting down and abandoning module FacialAnimation (208)
[2017.04.29-18.04.41:744][998]LogModuleManager: Shutting down and abandoning module LightPropagationVolumeRuntime (206)
[2017.04.29-18.04.41:745][998]LogModuleManager: Shutting down and abandoning module Paper2D (204)
[2017.04.29-18.04.41:759][998]LogModuleManager: Shutting down and abandoning module WindowsMoviePlayer (202)
[2017.04.29-18.04.41:766][998]LogModuleManager: Shutting down and abandoning module WmfMedia (200)
[2017.04.29-18.04.41:777][998]LogModuleManager: Shutting down and abandoning module MfMedia (198)
[2017.04.29-18.04.41:777][998]LogModuleManager: Shutting down and abandoning module MediaAssets (196)
[2017.04.29-18.04.41:777][998]LogModuleManager: Shutting down and abandoning module GameLiveStreaming (194)
[2017.04.29-18.04.41:782][998]LogModuleManager: Shutting down and abandoning module VREditor (192)
[2017.04.29-18.04.41:782][998]LogModuleManager: Shutting down and abandoning module GameplayTasksEditor (190)
[2017.04.29-18.04.41:782][998]LogModuleManager: Shutting down and abandoning module BehaviorTreeEditor (188)
[2017.04.29-18.04.41:823][998]LogModuleManager: Shutting down and abandoning module FunctionalTesting (186)
[2017.04.29-18.04.41:835][998]LogModuleManager: Shutting down and abandoning module CollisionAnalyzer (184)
[2017.04.29-18.04.41:843][998]LogModuleManager: Shutting down and abandoning module UMG (182)
[2017.04.29-18.04.41:843][998]LogModuleManager: Shutting down and abandoning module UMGEditor (181)
[2017.04.29-18.04.41:844][998]LogModuleManager: Shutting down and abandoning module Sequencer (180)
[2017.04.29-18.04.41:844][998]LogModuleManager: Shutting down and abandoning module AssetTools (178)
[2017.04.29-18.04.41:875][998]LogModuleManager: Shutting down and abandoning module MessageLog (177)
[2017.04.29-18.04.41:884][998]LogModuleManager: Shutting down and abandoning module WorkspaceMenuStructure (176)
[2017.04.29-18.04.41:885][998]LogModuleManager: Shutting down and abandoning module SlateReflector (170)
[2017.04.29-18.04.41:914][998]LogModuleManager: Shutting down and abandoning module Slate (168)
[2017.04.29-18.04.41:914][998]LogModuleManager: Shutting down and abandoning module EditorStyle (166)
[2017.04.29-18.04.41:919][998]LogModuleManager: Shutting down and abandoning module SourceCodeAccess (164)
[2017.04.29-18.04.41:930][998]LogModuleManager: Shutting down and abandoning module HeadMountedDisplay (162)
[2017.04.29-18.04.41:930][998]LogModuleManager: Shutting down and abandoning module XAudio2 (160)
[2017.04.29-18.04.41:930][998]LogModuleManager: Shutting down and abandoning module Networking (158)
[2017.04.29-18.04.41:930][998]LogModuleManager: Shutting down and abandoning module Core (154)
[2017.04.29-18.04.41:930][998]LogModuleManager: Shutting down and abandoning module AssetRegistry (152)
[2017.04.29-18.04.42:113][998]LogDirectoryWatcher: A directory notification for '../../../Engine/Content/' was aborted.
[2017.04.29-18.04.42:113][998]LogDirectoryWatcher: A directory notification for 'B:/work/NasaHackaton/NASAApp/Content/' was aborted.
[2017.04.29-18.04.42:114][998]LogDirectoryWatcher: A directory notification for '../../../Engine/Plugins/2D/Paper2D/Content/' was aborted.
[2017.04.29-18.04.42:114][998]LogDirectoryWatcher: A directory notification for '../../../Engine/Plugins/Marketplace/LowEntryExtStdLib/Content/' was aborted.
[2017.04.29-18.04.42:124][998]LogModuleManager: Shutting down and abandoning module DirectoryWatcher (151)
[2017.04.29-18.04.42:126][998]LogModuleManager: Shutting down and abandoning module KismetCompiler (148)
[2017.04.29-18.04.42:126][998]LogModuleManager: Shutting down and abandoning module PhysXFormats (146)
[2017.04.29-18.04.42:126][998]LogModuleManager: Shutting down and abandoning module MeshUtilities (144)
[2017.04.29-18.04.42:164][998]LogModuleManager: Shutting down and abandoning module SimplygonSwarm (143)
[2017.04.29-18.04.42:175][998]LogModuleManager: Shutting down and abandoning module SimplygonMeshReduction (141)
[2017.04.29-18.04.42:175][998]LogModuleManager: Shutting down and abandoning module QuadricMeshReduction (139)
[2017.04.29-18.04.42:175][998]LogModuleManager: Shutting down and abandoning module PropertyEditor (137)
[2017.04.29-18.04.42:175][998]LogModuleManager: Shutting down and abandoning module DerivedDataCache (134)
[2017.04.29-18.04.42:224][998]LogDerivedDataCache: Shutdown
[2017.04.29-18.04.42:224][998]LogModuleManager: Shutting down and abandoning module TargetPlatform (132)
[2017.04.29-18.04.42:224][998]LogModuleManager: Shutting down and abandoning module VulkanShaderFormat (131)
[2017.04.29-18.04.42:224][998]LogModuleManager: Shutting down and abandoning module ShaderFormatOpenGL (129)
[2017.04.29-18.04.42:224][998]LogModuleManager: Shutting down and abandoning module ShaderFormatD3D (127)
[2017.04.29-18.04.42:224][998]LogModuleManager: Shutting down and abandoning module MetalShaderFormat (125)
[2017.04.29-18.04.42:224][998]LogModuleManager: Shutting down and abandoning module TextureFormatUncompressed (123)
[2017.04.29-18.04.42:224][998]LogModuleManager: Shutting down and abandoning module TextureFormatPVR (121)
[2017.04.29-18.04.42:224][998]LogModuleManager: Shutting down and abandoning module TextureFormatDXT (119)
[2017.04.29-18.04.42:224][998]LogModuleManager: Shutting down and abandoning module TextureFormatIntelISPCTexComp (117)
[2017.04.29-18.04.42:225][998]LogModuleManager: Shutting down and abandoning module TextureFormatASTC (115)
[2017.04.29-18.04.42:225][998]LogModuleManager: Shutting down and abandoning module ImageWrapper (114)
[2017.04.29-18.04.42:225][998]LogModuleManager: Shutting down and abandoning module TextureFormatAndroid (111)
[2017.04.29-18.04.42:225][998]LogModuleManager: Shutting down and abandoning module AudioFormatOpus (109)
[2017.04.29-18.04.42:225][998]LogModuleManager: Shutting down and abandoning module AudioFormatOgg (107)
[2017.04.29-18.04.42:225][998]LogModuleManager: Shutting down and abandoning module AudioFormatADPCM (105)
[2017.04.29-18.04.42:225][998]LogModuleManager: Shutting down and abandoning module LinuxTargetPlatform (103)
[2017.04.29-18.04.42:225][998]LogModuleManager: Shutting down and abandoning module LinuxServerTargetPlatform (101)
[2017.04.29-18.04.42:225][998]LogModuleManager: Shutting down and abandoning module LinuxNoEditorTargetPlatform (99)
[2017.04.29-18.04.42:225][998]LogModuleManager: Shutting down and abandoning module LinuxClientTargetPlatform (97)
[2017.04.29-18.04.42:225][998]LogModuleManager: Shutting down and abandoning module TVOSTargetPlatform (95)
[2017.04.29-18.04.42:225][998]LogModuleManager: Shutting down and abandoning module Messaging (93)
[2017.04.29-18.04.42:225][998]LogModuleManager: Shutting down and abandoning module IOSTargetPlatform (91)
[2017.04.29-18.04.42:225][998]LogModuleManager: Shutting down and abandoning module HTML5TargetPlatform (89)
[2017.04.29-18.04.42:225][998]LogModuleManager: Shutting down and abandoning module Android_PVRTCTargetPlatform (87)
[2017.04.29-18.04.42:225][998]LogModuleManager: Shutting down and abandoning module Android_MultiTargetPlatform (85)
[2017.04.29-18.04.42:225][998]LogModuleManager: Shutting down and abandoning module Android_ETC2TargetPlatform (83)
[2017.04.29-18.04.42:225][998]LogModuleManager: Shutting down and abandoning module Android_ETC1TargetPlatform (81)
[2017.04.29-18.04.42:225][998]LogModuleManager: Shutting down and abandoning module Android_DXTTargetPlatform (79)
[2017.04.29-18.04.42:225][998]LogModuleManager: Shutting down and abandoning module Android_ATCTargetPlatform (77)
[2017.04.29-18.04.42:225][998]LogModuleManager: Shutting down and abandoning module Android_ASTCTargetPlatform (75)
[2017.04.29-18.04.42:225][998]LogModuleManager: Shutting down and abandoning module AndroidTargetPlatform (73)
[2017.04.29-18.04.42:225][998]LogModuleManager: Shutting down and abandoning module WindowsTargetPlatform (71)
[2017.04.29-18.04.42:225][998]LogModuleManager: Shutting down and abandoning module WindowsServerTargetPlatform (69)
[2017.04.29-18.04.42:225][998]LogModuleManager: Shutting down and abandoning module WindowsNoEditorTargetPlatform (67)
[2017.04.29-18.04.42:225][998]LogModuleManager: Shutting down and abandoning module WindowsClientTargetPlatform (65)
[2017.04.29-18.04.42:225][998]LogModuleManager: Shutting down and abandoning module MacTargetPlatform (63)
[2017.04.29-18.04.42:225][998]LogModuleManager: Shutting down and abandoning module MacServerTargetPlatform (61)
[2017.04.29-18.04.42:225][998]LogModuleManager: Shutting down and abandoning module MacNoEditorTargetPlatform (59)
[2017.04.29-18.04.42:225][998]LogModuleManager: Shutting down and abandoning module MacClientTargetPlatform (57)
[2017.04.29-18.04.42:225][998]LogModuleManager: Shutting down and abandoning module AllDesktopTargetPlatform (55)
[2017.04.29-18.04.42:225][998]LogModuleManager: Shutting down and abandoning module InputCore (52)
[2017.04.29-18.04.42:225][998]LogModuleManager: Shutting down and abandoning module Settings (50)
[2017.04.29-18.04.42:225][998]LogModuleManager: Shutting down and abandoning module OculusRift (48)
[2017.04.29-18.04.42:225][998]LogModuleManager: Shutting down and abandoning module GearVR (46)
[2017.04.29-18.04.42:225][998]LogModuleManager: Shutting down and abandoning module ExampleDeviceProfileSelector (44)
[2017.04.29-18.04.42:225][998]LogModuleManager: Shutting down and abandoning module OnlineBlueprintSupport (42)
[2017.04.29-18.04.42:225][998]LogModuleManager: Shutting down and abandoning module OnlineSubsystem (38)
[2017.04.29-18.04.42:225][998]LogOnline:Display: Unloading online subsystem: NULL
[2017.04.29-18.04.42:237][998]LogModuleManager: Shutting down and abandoning module XMPP (37)
[2017.04.29-18.04.42:237][998]LogModuleManager: Shutting down and abandoning module HTTP (35)
[2017.04.29-18.04.42:237][998]LogHttp:Display: Http module shutting down, but needs to wait on 1 outstanding Http requests:
[2017.04.29-18.04.42:237][998]LogHttp:Display: 	verb=[POST] url=[https://datarouter.ol.epicgames.com/datarouter/api/v1/public/data?SessionID=%7B9B5E5226-4F0B-E9B9-F452-428A5AC473B8%7D&AppID=UEEditor.Rocket.Release&AppVersion=4.15.1-3348071%2B%2B%2BUE4%2BRelease-4.15&UserID=98d75ba54b5d898ba6fdde9420008f43%7C9bdb72dfb1914a5b8f564a99f4c24f58%7C3c7e1a6e-f277-44a2-a517-51df56dee6d0&AppEnvironment=datacollector-binary&UploadType=eteventstream] status=Processing
[2017.04.29-18.04.42:243][998]LogModuleManager: Shutting down and abandoning module SSL (34)
[2017.04.29-18.04.42:247][998]LogModuleManager: Shutting down and abandoning module AudioEditor (30)
[2017.04.29-18.04.42:247][998]LogModuleManager: Shutting down and abandoning module TextureCompressor (28)
[2017.04.29-18.04.42:248][998]LogModuleManager: Shutting down and abandoning module ShaderCore (26)
[2017.04.29-18.04.42:249][998]LogModuleManager: Shutting down and abandoning module Landscape (24)
[2017.04.29-18.04.42:249][998]LogModuleManager: Shutting down and abandoning module SlateRHIRenderer (22)
[2017.04.29-18.04.42:252][998]LogModuleManager: Shutting down and abandoning module OpenGLDrv (20)
[2017.04.29-18.04.42:252][998]LogModuleManager: Shutting down and abandoning module D3D11RHI (18)
[2017.04.29-18.04.42:252][998]LogModuleManager: Shutting down and abandoning module AnimGraphRuntime (16)
[2017.04.29-18.04.42:252][998]LogModuleManager: Shutting down and abandoning module Renderer (14)
[2017.04.29-18.04.42:252][998]LogModuleManager: Shutting down and abandoning module Engine (12)
[2017.04.29-18.04.42:252][998]LogModuleManager: Shutting down and abandoning module CoreUObject (10)
[2017.04.29-18.04.42:252][998]LogModuleManager: Shutting down and abandoning module NetworkFile (8)
[2017.04.29-18.04.42:252][998]LogModuleManager: Shutting down and abandoning module StreamingFile (6)
[2017.04.29-18.04.42:252][998]LogModuleManager: Shutting down and abandoning module SandboxFile (4)
[2017.04.29-18.04.42:252][998]LogModuleManager: Shutting down and abandoning module PakFile (2)
[2017.04.29-18.04.42:282][998]LogExit: Exiting.
[2017.04.29-18.04.42:317][998]Log file closed, 04/29/17 21:04:42
