Log file open, 04/30/17 10:11:35
LogInit:Display: Running engine for game: NASAApp
LogPlatformFile: Not using cached read wrapper
LogInit:Display: RandInit(-857967294) SRandInit(-857967294).
LogTaskGraph: Started task graph with 5 named threads and 6 total threads with 1 sets of task threads.
LogStats: Stats thread started at 0.086794
LogInit: Using libcurl 7.47.1
LogInit:  - built for x86_64-pc-win32
LogInit:  - supports SSL with OpenSSL/1.0.2g
LogInit:  - supports HTTP deflate (compression) using libz 1.2.8
LogInit:  - other features:
LogInit:      CURL_VERSION_SSL
LogInit:      CURL_VERSION_LIBZ
LogInit:      CURL_VERSION_IPV6
LogInit:      CURL_VERSION_ASYNCHDNS
LogInit:      CURL_VERSION_LARGEFILE
LogInit:      CURL_VERSION_IDN
LogInit:  CurlRequestOptions (configurable via config and command line):
LogInit:  - bVerifyPeer = false  - Libcurl will NOT verify peer certificate
LogInit:  - bUseHttpProxy = false  - Libcurl will NOT use HTTP proxy
LogInit:  - bDontReuseConnections = false  - Libcurl will reuse connections
LogInit:  - CertBundlePath = nullptr  - Libcurl will use whatever was configured at build time.
LogInit: Build: ++UE4+Release-4.15-CL-3348071
LogInit: Engine Version: 4.15.1-3348071+++UE4+Release-4.15
LogInit: Compatible Engine Version: 4.15.0-3299760+++UE4+Release-4.15
LogInit: Net CL: 3299760
LogDevObjectVersion: Number of dev versions registered: 14
LogDevObjectVersion:   Dev-Blueprints (B0D832E4-1F89-4F0D-ACCF-7EB736FD4AA2): 8
LogDevObjectVersion:   Dev-Build (E1C64328-A22C-4D53-A36C-8E866417BD8C): 0
LogDevObjectVersion:   Dev-Core (375EC13C-06E4-48FB-B500-84F0262A717E): 2
LogDevObjectVersion:   Dev-Editor (E4B068ED-F494-42E9-A231-DA0B2E46BB41): 14
LogDevObjectVersion:   Dev-Framework (CFFC743F-43B0-4480-9391-14DF171D2073): 22
LogDevObjectVersion:   Dev-Mobile (B02B49B5-BB20-44E9-A304-32B752E40360): 0
LogDevObjectVersion:   Dev-Networking (A4E4105C-59A1-49B5-A7C5-40C4547EDFEE): 0
LogDevObjectVersion:   Dev-Online (39C831C9-5AE6-47DC-9A44-9C173E1C8E7C): 0
LogDevObjectVersion:   Dev-Physics (78F01B33-EBEA-4F98-B9B4-84EACCB95AA2): 0
LogDevObjectVersion:   Dev-Platform (6631380F-2D4D-43E0-8009-CF276956A95A): 0
LogDevObjectVersion:   Dev-Rendering (12F88B9F-8875-4AFC-A67C-D90C383ABD29): 12
LogDevObjectVersion:   Dev-Sequencer (7B5AE74C-D270-4C10-A958-57980B212A5A): 3
LogDevObjectVersion:   Dev-VR (D7296918-1DD6-4BDD-9DE2-64A83CC13884): 0
LogDevObjectVersion:   Dev-LoadTimes (C2A15278-BFE7-4AFE-6C17-90FF531DF755): 1
LogInit: Compiled (64-bit): Mar 15 2017 16:52:47
LogInit: Compiled with Visual C++: 19.00.23026.00
LogInit: Build Configuration: Development
LogInit: Branch Name: ++UE4+Release-4.15
LogInit: Command line:  
LogInit: Base directory: C:/Program Files/Epic Games/UE_4.15/Engine/Binaries/Win64/
LogInit: Installed Engine Build: 1
LogInit: Presizing for max 8388607 objects, including 0 objects not considered by GC, pre-allocating 0 bytes for permanent pool.
LogInit: Object subsystem initialized
[2017.04.30-07.11.37:002][  0]LogInit: Selected Device Profile: [Windows]
[2017.04.30-07.11.37:002][  0]LogInit: Applying CVar settings loaded from the selected device profile: [Windows]
[2017.04.30-07.11.37:125][  0]LogInit: Computer: DESKTOP-F6MAVA1
[2017.04.30-07.11.37:125][  0]LogInit: User: sasha
[2017.04.30-07.11.37:125][  0]LogInit: CPU Page size=65536, Cores=2
[2017.04.30-07.11.37:125][  0]LogInit: High frequency timer resolution =1.851184 MHz
[2017.04.30-07.11.37:125][  0]LogMemory: Memory total: Physical=7.9GB (8GB approx)
[2017.04.30-07.11.37:125][  0]LogMemory: Platform Memory Stats for Windows
[2017.04.30-07.11.37:125][  0]LogMemory: Process Physical Memory: 262.87 MB used, 262.87 MB peak
[2017.04.30-07.11.37:125][  0]LogMemory: Process Virtual Memory: 262.41 MB used, 262.41 MB peak
[2017.04.30-07.11.37:125][  0]LogMemory: Physical Memory: 3203.96 MB used,  4903.43 MB free, 8107.39 MB total
[2017.04.30-07.11.37:125][  0]LogMemory: Virtual Memory: 643.33 MB used,  4903.43 MB free, 134217728.00 MB total
[2017.04.30-07.11.37:312][  0]LogTextLocalizationManager: No translations for ('ru-RU') exist, falling back to 'en' for localization and internationalization data.
[2017.04.30-07.11.43:364][  0]LogD3D11RHI: D3D11 adapters:
[2017.04.30-07.11.43:373][  0]LogD3D11RHI:    0. 'Intel(R) HD Graphics' (Feature Level 11_0)
[2017.04.30-07.11.43:373][  0]LogD3D11RHI:       128/0/4053 MB DedicatedVideo/DedicatedSystem/SharedSystem, Outputs:1, VendorId:0x8086
[2017.04.30-07.11.43:376][  0]LogD3D11RHI:    1. 'Microsoft Basic Render Driver' (Feature Level 11_0)
[2017.04.30-07.11.43:376][  0]LogD3D11RHI:       0/0/4053 MB DedicatedVideo/DedicatedSystem/SharedSystem, Outputs:0, VendorId:0x1414
[2017.04.30-07.11.43:376][  0]LogD3D11RHI: Chosen D3D11 Adapter: 0
[2017.04.30-07.11.43:382][  0]LogD3D11RHI: Creating new Direct3DDevice
[2017.04.30-07.11.43:382][  0]LogD3D11RHI:     GPU DeviceId: 0x1606 (for the marketing name, search the web for "GPU Device Id")
[2017.04.30-07.11.43:382][  0]LogWindows: EnumDisplayDevices:
[2017.04.30-07.11.43:383][  0]LogWindows:    0. 'Intel(R) HD Graphics' (P:1 D:1)
[2017.04.30-07.11.43:383][  0]LogWindows:    1. 'Intel(R) HD Graphics' (P:0 D:0)
[2017.04.30-07.11.43:383][  0]LogWindows:    2. 'Intel(R) HD Graphics' (P:0 D:0)
[2017.04.30-07.11.43:383][  0]LogWindows: DebugString: FoundDriverCount:3 
[2017.04.30-07.11.43:383][  0]LogD3D11RHI:     Adapter Name: Intel(R) HD Graphics
[2017.04.30-07.11.43:383][  0]LogD3D11RHI:   Driver Version: 20.19.15.4531 (internal:20.19.15.4531, unified:20.19.15.4531)
[2017.04.30-07.11.43:383][  0]LogD3D11RHI:      Driver Date: 9-29-2016
[2017.04.30-07.11.43:383][  0]LogRHI: Texture pool is 1361 MB (70% of 1945 MB)
[2017.04.30-07.11.43:391][  0]LogD3D11RHI: Async texture creation enabled
[2017.04.30-07.11.43:398][  0]LogD3D11RHI: GPU Timing Frequency: 12.500000 (Debug: 2 0)
[2017.04.30-07.11.43:398][  0]LogShaderCompilers: Guid format shader working directory is 18 characters bigger than the processId version (B:/work/NasaHackaton/NASAApp/Intermediate/Shaders/WorkingDirectory/4908/).
[2017.04.30-07.11.43:399][  0]LogShaderCompilers: Cleaned the shader compiler working directory 'C:/Users/sasha/AppData/Local/Temp/UnrealShaderWorkingDir/D7CEFB3943F449F6D1953CB95A8350C9/'.
[2017.04.30-07.11.43:399][  0]LogShaderCompilers:Display: Using Local Shader Compiler.
[2017.04.30-07.11.48:987][  0]LogTemp:Display: Loaded TP AllDesktopTargetPlatform
[2017.04.30-07.11.49:110][  0]LogTemp:Display: Loaded TP MacClientTargetPlatform
[2017.04.30-07.11.49:235][  0]LogTemp:Display: Loaded TP MacNoEditorTargetPlatform
[2017.04.30-07.11.49:360][  0]LogTemp:Display: Loaded TP MacServerTargetPlatform
[2017.04.30-07.11.49:563][  0]LogTemp:Display: Loaded TP MacTargetPlatform
[2017.04.30-07.11.49:693][  0]LogTemp:Display: Loaded TP WindowsClientTargetPlatform
[2017.04.30-07.11.49:815][  0]LogTemp:Display: Loaded TP WindowsNoEditorTargetPlatform
[2017.04.30-07.11.49:939][  0]LogTemp:Display: Loaded TP WindowsServerTargetPlatform
[2017.04.30-07.11.50:045][  0]LogTemp:Display: Loaded TP WindowsTargetPlatform
[2017.04.30-07.11.50:253][  0]LogTemp:Display: Loaded TP AndroidTargetPlatform
[2017.04.30-07.11.50:382][  0]LogTemp:Display: Loaded TP Android_ASTCTargetPlatform
[2017.04.30-07.11.50:504][  0]LogTemp:Display: Loaded TP Android_ATCTargetPlatform
[2017.04.30-07.11.50:627][  0]LogTemp:Display: Loaded TP Android_DXTTargetPlatform
[2017.04.30-07.11.50:749][  0]LogTemp:Display: Loaded TP Android_ETC1TargetPlatform
[2017.04.30-07.11.50:870][  0]LogTemp:Display: Loaded TP Android_ETC2TargetPlatform
[2017.04.30-07.11.51:122][  0]LogTemp:Display: Loaded TP Android_MultiTargetPlatform
[2017.04.30-07.11.51:122][  0]LogTemp:Display: Loaded TP Android_PVRTCTargetPlatform
[2017.04.30-07.11.51:223][  0]LogTemp:Display: Loaded TP HTML5TargetPlatform
[2017.04.30-07.11.51:456][  0]LogTemp:Display: Loaded TP IOSTargetPlatform
[2017.04.30-07.11.51:532][  0]LogTemp:Display: Loaded TP TVOSTargetPlatform
[2017.04.30-07.11.51:652][  0]LogTemp:Display: Loaded TP LinuxClientTargetPlatform
[2017.04.30-07.11.51:775][  0]LogTemp:Display: Loaded TP LinuxNoEditorTargetPlatform
[2017.04.30-07.11.51:897][  0]LogTemp:Display: Loaded TP LinuxServerTargetPlatform
[2017.04.30-07.11.52:024][  0]LogTemp:Display: Loaded TP LinuxTargetPlatform
[2017.04.30-07.11.52:024][  0]LogTargetPlatformManager:Display: Building Assets For Windows
[2017.04.30-07.11.53:083][  0]LogDerivedDataCache:Display: Max Cache Size: 512 MB
[2017.04.30-07.11.53:717][  0]LogDerivedDataCache: Loaded boot cache 0.63s 50MB C:/Users/sasha/AppData/Local/UnrealEngine/4.15/DerivedDataCache/Boot.ddc.
[2017.04.30-07.11.53:717][  0]LogDerivedDataCache:Display: Loaded Boot cache: C:/Users/sasha/AppData/Local/UnrealEngine/4.15/DerivedDataCache/Boot.ddc
[2017.04.30-07.11.53:717][  0]LogDerivedDataCache: FDerivedDataBackendGraph:  Pak pak cache file B:/work/NasaHackaton/NASAApp/DerivedDataCache/DDC.ddp not found, will not use a pak cache.
[2017.04.30-07.11.53:717][  0]LogDerivedDataCache: Unable to find inner node Pak for hierarchical cache Hierarchy.
[2017.04.30-07.11.53:717][  0]LogDerivedDataCache: FDerivedDataBackendGraph:  CompressedPak pak cache file B:/work/NasaHackaton/NASAApp/DerivedDataCache/Compressed.ddp not found, will not use a pak cache.
[2017.04.30-07.11.53:717][  0]LogDerivedDataCache: Unable to find inner node CompressedPak for hierarchical cache Hierarchy.
[2017.04.30-07.11.53:749][  0]LogDerivedDataCache:Display: Pak cache opened for reading ../../../Engine/DerivedDataCache/Compressed.ddp.
[2017.04.30-07.11.53:763][  0]LogDerivedDataCache: Using Local data cache path C:/Users/sasha/AppData/Local/UnrealEngine/Common/DerivedDataCache: Writable
[2017.04.30-07.11.53:779][  0]LogSlate: Using Freetype 2.6.0
[2017.04.30-07.11.53:804][  0]LogSlate: SlateFontCache - WITH_FREETYPE: 1, WITH_HARFBUZZ: 1
[2017.04.30-07.11.53:804][  0]LogSlate: SlateFontCache - WITH_FREETYPE: 1, WITH_HARFBUZZ: 1
[2017.04.30-07.11.55:885][  0]LogInit: Selected Device Profile: [Windows]
[2017.04.30-07.11.55:889][  0]LogContentStreaming: Texture pool size is 0.00 MB
[2017.04.30-07.11.56:330][  0]LogMeshUtilities: Using QuadricMeshReduction for automatic static mesh reduction
[2017.04.30-07.11.56:439][  0]LogSimplygon: Simplygon DLL not present - disabling.
[2017.04.30-07.11.56:549][  0]LogMeshUtilities: Using SimplygonSwarm for distributed automatic mesh merging
[2017.04.30-07.11.56:549][  0]LogMeshUtilities: No automatic skeletal mesh reduction module available
[2017.04.30-07.11.56:549][  0]LogMeshUtilities: No automatic mesh merging module available
[2017.04.30-07.11.57:744][  0]LogNetVersion: GetLocalNetworkVersion: CL: 3299760, ProjectName: nasaapp, ProjectVersion: , EngineNetworkVersion: 2, GameNetworkVersion: 0, NetworkChecksum: 3117530055
[2017.04.30-07.11.57:823][  0]LogAssetRegistry: FAssetRegistry took 0.0224 seconds to start up
[2017.04.30-07.11.57:939][  0]LogPackageLocalizationCache: Processed 4 localized package path(s) for 1 prioritized culture(s) in 0.048792 seconds
[2017.04.30-07.11.57:947][  0]LogUObjectArray: 32493 objects as part of root set at end of initial load.
[2017.04.30-07.11.57:947][  0]LogUObjectAllocator: 7077032 out of 0 bytes used by permanent object pool.
[2017.04.30-07.11.57:947][  0]LogUObjectArray: CloseDisregardForGC: 0/0 objects in disregard for GC pool
[2017.04.30-07.11.58:113][  0]LogInit: WinSock: version 1.1 (2.2), MaxSocks=32767, MaxUdp=65467
[2017.04.30-07.12.25:402][  0]LogTcpMessaging: Initializing TcpMessaging bridge
[2017.04.30-07.12.25:517][  0]LogUdpMessaging: Initializing bridge on interface 0.0.0.0:0 to multicast group 230.0.0.1:6666.
[2017.04.30-07.12.28:233][  0]LogMaterial: Uniform references updated for custom material expression Custom.
[2017.04.30-07.12.30:549][  0]SourceControl: Info Source control is disabled
[2017.04.30-07.12.31:092][  0]SourceControl: Info Source control is disabled
[2017.04.30-07.12.31:384][  0]SourceControl: Info Source control is disabled
[2017.04.30-07.12.31:759][  0]SourceControl: Info Source control is disabled
[2017.04.30-07.12.35:515][  0]LogEngine: Initializing Engine...
[2017.04.30-07.12.35:516][  0]LogHMD: Failed to initialize OpenVR with code 110
[2017.04.30-07.12.36:004][  0]LogAIModule: Creating AISystem for world Untitled
[2017.04.30-07.12.36:013][  0]LogInit: XAudio2 using 'Громкоговоритель и наушники (Realtek High Definition Audio)' : 2 channels at 48 kHz using 32 bits per sample (channel mask 0x3)
[2017.04.30-07.12.36:245][  0]LogInit: FAudioDevice initialized.
[2017.04.30-07.12.36:286][  0]LogDerivedDataCache: Saved boot cache 0.04s 50MB C:/Users/sasha/AppData/Local/UnrealEngine/4.15/DerivedDataCache/Boot.ddc.
[2017.04.30-07.12.36:297][  0]LogInit: Texture streaming: Enabled
[2017.04.30-07.12.36:535][  0]LogEngineSessionManager: EngineSessionManager initialized
[2017.04.30-07.12.36:821][  0]LogInit: Transaction tracking system initialized
[2017.04.30-07.12.37:881][  0]BlueprintLog: New page: Editor Load
[2017.04.30-07.12.40:730][  0]LocalizationService: Info Localization service is disabled
[2017.04.30-07.12.42:927][  0]LogConsoleResponse:Display: 
[2017.04.30-07.12.43:212][  0]LogCook:Display: Max memory allowance for cook 16384mb min free memory 0mb
[2017.04.30-07.12.43:212][  0]LogCook:Display: Mobile HDR setting 1
[2017.04.30-07.12.43:352][  0]LogFileCache: Scanning file cache for directory 'B:/work/NasaHackaton/NASAApp/Content/' took 0.02s
[2017.04.30-07.12.46:377][  0]SourceControl: Info Source control is disabled
[2017.04.30-07.12.46:377][  0]Cmd: MAP LOAD FILE="B:/work/NasaHackaton/NASAApp/Content/ThirdPersonBP/Maps/ThirdPersonExampleMap.umap" TEMPLATE=0 SHOWPROGRESS=1 FEATURELEVEL=3
[2017.04.30-07.12.46:378][  0]LightingResults: New page: Lighting Build
[2017.04.30-07.12.46:497][  0]MapCheck: New page: Map Check
[2017.04.30-07.12.46:497][  0]LightingResults: New page: Lighting Build
[2017.04.30-07.12.47:333][  0]LogAIModule: Creating AISystem for world ThirdPersonExampleMap
[2017.04.30-07.12.47:382][  0]LogEditorServer: Finished looking for orphan Actors (0.000 secs)
[2017.04.30-07.12.47:383][  0]Cmd: MAP CHECKDEP NOCLEARLOG
[2017.04.30-07.12.47:513][  0]MapCheck: Info Map check complete: 0 Error(s), 0 Warning(s), took 129.726ms to complete.
[2017.04.30-07.12.47:513][  0]LogFileHelpers: Loading map 'ThirdPersonExampleMap' took 1.135
[2017.04.30-07.12.47:894][  0]LogCollectionManager: Loaded 0 collections in 0.002962 seconds
[2017.04.30-07.12.48:047][  0]LogFileCache: Scanning file cache for directory 'B:/work/NasaHackaton/NASAApp/Saved/Collections/' took 0.01s
[2017.04.30-07.12.48:047][  0]LogFileCache: Scanning file cache for directory 'B:/work/NasaHackaton/NASAApp/Content/Developers/sasha/Collections/' took 0.01s
[2017.04.30-07.12.48:047][  0]LogFileCache: Scanning file cache for directory 'B:/work/NasaHackaton/NASAApp/Content/Collections/' took 0.01s
[2017.04.30-07.12.48:047][  0]LogCollectionManager: Rebuilt the GUID cache for 0 collections in 0.000002 seconds
[2017.04.30-07.12.48:063][  0]LogContentBrowser: Native class hierarchy populated in 0.0161 seconds. Added 2270 classes and 462 folders.
[2017.04.30-07.12.48:068][  0]LogStats: UGameplayTagsManager::ConstructGameplayTagTree: Construct from data asset -  0.000 s
[2017.04.30-07.12.48:068][  0]LogStats: UGameplayTagsManager::ConstructGameplayTagTree: GameplayTagTreeChangedEvent.Broadcast -  0.000 s
[2017.04.30-07.12.48:241][  0]LogContentBrowser: Native class hierarchy updated for 'WidgetCarousel' in 0.0008 seconds. Added 0 classes and 0 folders.
[2017.04.30-07.12.49:816][  0]LogContentBrowser: Native class hierarchy updated for 'AddContentDialog' in 0.0013 seconds. Added 0 classes and 0 folders.
[2017.04.30-07.12.49:935][  0]LogContentBrowser: Native class hierarchy updated for 'SceneOutliner' in 0.0009 seconds. Added 1 classes and 2 folders.
[2017.04.30-07.12.50:148][  0]LogCrashTracker: Crashtracker disabled due to settings.
[2017.04.30-07.12.50:158][  0]LogUObjectGlobals:Warning: Failed to find object 'Class None.'
[2017.04.30-07.12.50:348][  0]LogContentBrowser: Native class hierarchy updated for 'HierarchicalLODOutliner' in 0.0012 seconds. Added 1 classes and 2 folders.
[2017.04.30-07.12.50:348][  0]LogLoad: (Engine Initialization) Total time: 77.28 seconds
[2017.04.30-07.12.50:348][  0]LogLoad: (Engine Initialization) Total Blueprint compile time: 0.47 seconds
[2017.04.30-07.12.50:348][  0]LogExternalProfiler: Found external profiler: VSPerf
[2017.04.30-07.12.50:348][  0]LogExternalProfiler: Using external profiler: VSPerf
[2017.04.30-07.12.50:689][  0]LogOcInput: OculusInput pre-init called
[2017.04.30-07.12.50:713][  0]LogContentStreaming: Texture pool size now 400 MB
[2017.04.30-07.12.50:715][  0]LogSlate: Took 0.000577 seconds to synchronously load lazily loaded font '../../../Engine/Content/Slate/Fonts/Roboto-Regular.ttf' (155K)
[2017.04.30-07.12.50:723][  0]LogSlate: Took 0.000569 seconds to synchronously load lazily loaded font '../../../Engine/Content/Slate/Fonts/Roboto-Bold.ttf' (160K)
[2017.04.30-07.12.50:858][  0]LogSlate: Took 0.124603 seconds to synchronously load lazily loaded font '../../../Engine/Content/Editor/Slate/Fonts/FontAwesome.ttf' (139K)
[2017.04.30-07.12.51:148][  0]LogRenderer: Reallocating scene render targets to support 724x536 NumSamples 1 (Frame:2).
[2017.04.30-07.12.51:961][  2]LogSlate: Took 0.000510 seconds to synchronously load lazily loaded font '../../../Engine/Content/Slate/Fonts/Roboto-Light.ttf' (159K)
[2017.04.30-07.12.52:279][  3]LogAssetRegistry: Asset discovery search completed in 54.4784 seconds
[2017.04.30-07.12.52:279][  3]LogCollectionManager: Rebuilt the object cache for 0 collections in 0.000016 seconds (found 0 objects)
[2017.04.30-07.12.52:279][  3]LogCollectionManager: Fixed up redirectors for 0 collections in 0.000059 seconds (updated 0 objects)
[2017.04.30-07.12.52:553][  9]LogWindowsTextInputMethodSystem:Display: IME system now deactivated.
[2017.04.30-07.12.52:849][ 10]Cmd: QUIT_EDITOR
[2017.04.30-07.12.52:957][ 10]LogExit: Preparing to exit.
[2017.04.30-07.12.53:742][ 10]LogExit: Editor shut down
[2017.04.30-07.12.53:743][ 10]LogExit: Transaction tracking system shut down
[2017.04.30-07.12.53:852][ 10]LogObj: Freed 0b from 0 cluster array pools.
[2017.04.30-07.12.53:852][ 10]LogExit: Object subsystem successfully closed.
[2017.04.30-07.12.53:931][ 10]LogD3D11RHI: Shutdown
[2017.04.30-07.12.53:931][ 10]LogD3D11RHI: CleanupD3DDevice
[2017.04.30-07.12.54:241][ 10]LogD3D11RHI: ~FD3D11DynamicRHI
[2017.04.30-07.12.54:277][ 10]LogModuleManager: Shutting down and abandoning module HierarchicalLODOutliner (502)
[2017.04.30-07.12.54:277][ 10]LogModuleManager: Shutting down and abandoning module CrashTracker (500)
[2017.04.30-07.12.54:277][ 10]LogModuleManager: Shutting down and abandoning module SceneOutliner (498)
[2017.04.30-07.12.54:277][ 10]LogModuleManager: Shutting down and abandoning module AddContentDialog (496)
[2017.04.30-07.12.54:277][ 10]LogDirectoryWatcher: A directory notification for 'C:/Program Files/Epic Games/UE_4.15/FeaturePacks/' was aborted.
[2017.04.30-07.12.54:278][ 10]LogModuleManager: Shutting down and abandoning module WidgetCarousel (495)
[2017.04.30-07.12.54:278][ 10]LogModuleManager: Shutting down and abandoning module EditorWidgets (492)
[2017.04.30-07.12.54:278][ 10]LogModuleManager: Shutting down and abandoning module CollectionManager (490)
[2017.04.30-07.12.54:278][ 10]LogDirectoryWatcher: A directory notification for 'B:/work/NasaHackaton/NASAApp/Content/Collections/' was aborted.
[2017.04.30-07.12.54:278][ 10]LogDirectoryWatcher: A directory notification for 'B:/work/NasaHackaton/NASAApp/Content/Developers/sasha/Collections/' was aborted.
[2017.04.30-07.12.54:278][ 10]LogDirectoryWatcher: A directory notification for 'B:/work/NasaHackaton/NASAApp/Saved/Collections/' was aborted.
[2017.04.30-07.12.54:279][ 10]LogModuleManager: Shutting down and abandoning module StatsViewer (488)
[2017.04.30-07.12.54:279][ 10]LogModuleManager: Shutting down and abandoning module FoliageEdit (486)
[2017.04.30-07.12.54:279][ 10]LogModuleManager: Shutting down and abandoning module LandscapeEditor (484)
[2017.04.30-07.12.54:279][ 10]LogModuleManager: Shutting down and abandoning module SceneDepthPickerMode (482)
[2017.04.30-07.12.54:279][ 10]LogModuleManager: Shutting down and abandoning module ActorPickerMode (480)
[2017.04.30-07.12.54:279][ 10]LogModuleManager: Shutting down and abandoning module GeometryMode (478)
[2017.04.30-07.12.54:279][ 10]LogModuleManager: Shutting down and abandoning module TextureAlignMode (476)
[2017.04.30-07.12.54:279][ 10]LogModuleManager: Shutting down and abandoning module BspMode (474)
[2017.04.30-07.12.54:279][ 10]LogModuleManager: Shutting down and abandoning module HardwareSurvey (472)
[2017.04.30-07.12.54:279][ 10]LogModuleManager: Shutting down and abandoning module SequenceRecorderSections (470)
[2017.04.30-07.12.54:279][ 10]LogModuleManager: Shutting down and abandoning module AutomationWorker (468)
[2017.04.30-07.12.54:279][ 10]LogModuleManager: Shutting down and abandoning module MatineeToLevelSequence (466)
[2017.04.30-07.12.54:279][ 10]LogModuleManager: Shutting down and abandoning module LevelSequenceEditor (464)
[2017.04.30-07.12.54:279][ 10]LogModuleManager: Shutting down and abandoning module PlacementMode (463)
[2017.04.30-07.12.54:279][ 10]LogModuleManager: Shutting down and abandoning module WmfMediaFactory (460)
[2017.04.30-07.12.54:279][ 10]LogModuleManager: Shutting down and abandoning module WmfMediaEditor (458)
[2017.04.30-07.12.54:279][ 10]LogModuleManager: Shutting down and abandoning module MfMediaFactory (456)
[2017.04.30-07.12.54:279][ 10]LogModuleManager: Shutting down and abandoning module MfMediaEditor (454)
[2017.04.30-07.12.54:279][ 10]LogModuleManager: Shutting down and abandoning module AvfMediaFactory (452)
[2017.04.30-07.12.54:279][ 10]LogModuleManager: Shutting down and abandoning module AvfMediaEditor (450)
[2017.04.30-07.12.54:279][ 10]LogModuleManager: Shutting down and abandoning module AndroidMediaFactory (448)
[2017.04.30-07.12.54:279][ 10]LogModuleManager: Shutting down and abandoning module Media (447)
[2017.04.30-07.12.54:279][ 10]LogModuleManager: Shutting down and abandoning module AndroidMediaEditor (444)
[2017.04.30-07.12.54:279][ 10]LogModuleManager: Shutting down and abandoning module CharacterAI (442)
[2017.04.30-07.12.54:279][ 10]LogModuleManager: Shutting down and abandoning module AudioCapture (440)
[2017.04.30-07.12.54:279][ 10]LogModuleManager: Shutting down and abandoning module SequenceRecorder (439)
[2017.04.30-07.12.54:279][ 10]LogModuleManager: Shutting down and abandoning module SmartSnapping (436)
[2017.04.30-07.12.54:279][ 10]LogModuleManager: Shutting down and abandoning module SessionServices (434)
[2017.04.30-07.12.54:279][ 10]LogModuleManager: Shutting down and abandoning module ViewportSnapping (432)
[2017.04.30-07.12.54:279][ 10]LogModuleManager: Shutting down and abandoning module ViewportInteraction (430)
[2017.04.30-07.12.54:279][ 10]LogModuleManager: Shutting down and abandoning module LogVisualizer (428)
[2017.04.30-07.12.54:280][ 10]LogModuleManager: Shutting down and abandoning module IntroTutorials (426)
[2017.04.30-07.12.54:280][ 10]LogModuleManager: Shutting down and abandoning module GameProjectGeneration (425)
[2017.04.30-07.12.54:280][ 10]LogModuleManager: Shutting down and abandoning module EditorLiveStreaming (422)
[2017.04.30-07.12.54:280][ 10]LogModuleManager: Shutting down and abandoning module IOSPlatformEditor (420)
[2017.04.30-07.12.54:280][ 10]LogModuleManager: Shutting down and abandoning module HTML5PlatformEditor (418)
[2017.04.30-07.12.54:280][ 10]LogModuleManager: Shutting down and abandoning module AndroidPlatformEditor (416)
[2017.04.30-07.12.54:280][ 10]LogModuleManager: Shutting down and abandoning module AndroidDeviceDetection (415)
[2017.04.30-07.12.54:713][ 10]LogModuleManager: Shutting down and abandoning module IOSRuntimeSettings (412)
[2017.04.30-07.12.54:713][ 10]LogModuleManager: Shutting down and abandoning module AndroidRuntimeSettings (410)
[2017.04.30-07.12.54:713][ 10]LogModuleManager: Shutting down and abandoning module InputBindingEditor (408)
[2017.04.30-07.12.54:713][ 10]LogModuleManager: Shutting down and abandoning module NiagaraEditor (406)
[2017.04.30-07.12.54:713][ 10]LogModuleManager: Shutting down and abandoning module MergeActors (404)
[2017.04.30-07.12.54:713][ 10]LogModuleManager: Shutting down and abandoning module SizeMap (402)
[2017.04.30-07.12.54:713][ 10]LogModuleManager: Shutting down and abandoning module TreeMap (400)
[2017.04.30-07.12.54:713][ 10]LogModuleManager: Shutting down and abandoning module ReferenceViewer (398)
[2017.04.30-07.12.54:713][ 10]LogModuleManager: Shutting down and abandoning module LocalizationDashboard (396)
[2017.04.30-07.12.54:713][ 10]LogModuleManager: Shutting down and abandoning module LocalizationService (395)
[2017.04.30-07.12.54:713][ 10]LogModuleManager: Shutting down and abandoning module HardwareTargeting (392)
[2017.04.30-07.12.54:713][ 10]LogModuleManager: Shutting down and abandoning module DeviceProfileEditor (390)
[2017.04.30-07.12.54:713][ 10]LogModuleManager: Shutting down and abandoning module UndoHistory (388)
[2017.04.30-07.12.54:713][ 10]LogModuleManager: Shutting down and abandoning module UserFeedback (386)
[2017.04.30-07.12.54:713][ 10]LogModuleManager: Shutting down and abandoning module XmlParser (384)
[2017.04.30-07.12.54:714][ 10]LogModuleManager: Shutting down and abandoning module Blutility (382)
[2017.04.30-07.12.54:714][ 10]LogModuleManager: Shutting down and abandoning module ProjectSettingsViewer (380)
[2017.04.30-07.12.54:714][ 10]LogModuleManager: Shutting down and abandoning module ProjectTargetPlatformEditor (379)
[2017.04.30-07.12.54:714][ 10]LogModuleManager: Shutting down and abandoning module EditorSettingsViewer (376)
[2017.04.30-07.12.54:714][ 10]LogModuleManager: Shutting down and abandoning module SettingsEditor (374)
[2017.04.30-07.12.54:714][ 10]LogModuleManager: Shutting down and abandoning module ProjectLauncher (372)
[2017.04.30-07.12.54:714][ 10]LogModuleManager: Shutting down and abandoning module SessionFrontend (370)
[2017.04.30-07.12.54:714][ 10]LogModuleManager: Shutting down and abandoning module ProfilerClient (368)
[2017.04.30-07.12.54:714][ 10]LogModuleManager: Shutting down and abandoning module DeviceManager (366)
[2017.04.30-07.12.54:715][ 10]LogModuleManager: Shutting down and abandoning module TargetDeviceServices (365)
[2017.04.30-07.12.54:758][ 10]LogModuleManager: Shutting down and abandoning module AutomationController (362)
[2017.04.30-07.12.54:758][ 10]LogModuleManager: Shutting down and abandoning module AutomationWindow (360)
[2017.04.30-07.12.54:758][ 10]LogModuleManager: Shutting down and abandoning module Layers (358)
[2017.04.30-07.12.54:758][ 10]LogModuleManager: Shutting down and abandoning module ComponentVisualizers (356)
[2017.04.30-07.12.54:758][ 10]LogModuleManager: Shutting down and abandoning module DetailCustomizations (354)
[2017.04.30-07.12.54:758][ 10]LogModuleManager: Shutting down and abandoning module PackagesDialog (352)
[2017.04.30-07.12.54:758][ 10]LogModuleManager: Shutting down and abandoning module Persona (350)
[2017.04.30-07.12.54:758][ 10]LogModuleManager: Shutting down and abandoning module AnimGraph (349)
[2017.04.30-07.12.54:758][ 10]LogModuleManager: Shutting down and abandoning module Kismet (346)
[2017.04.30-07.12.54:759][ 10]LogModuleManager: Shutting down and abandoning module GraphEditor (344)
[2017.04.30-07.12.54:759][ 10]LogModuleManager: Shutting down and abandoning module ClassViewer (342)
[2017.04.30-07.12.54:759][ 10]LogModuleManager: Shutting down and abandoning module Toolbox (340)
[2017.04.30-07.12.54:759][ 10]LogModuleManager: Shutting down and abandoning module ModuleUI (338)
[2017.04.30-07.12.54:759][ 10]LogModuleManager: Shutting down and abandoning module MovieSceneTools (336)
[2017.04.30-07.12.54:759][ 10]LogModuleManager: Shutting down and abandoning module OutputLog (334)
[2017.04.30-07.12.54:759][ 10]LogModuleManager: Shutting down and abandoning module GammaUI (332)
[2017.04.30-07.12.54:759][ 10]LogModuleManager: Shutting down and abandoning module Documentation (330)
[2017.04.30-07.12.54:759][ 10]LogModuleManager: Shutting down and abandoning module Niagara (328)
[2017.04.30-07.12.54:759][ 10]LogModuleManager: Shutting down and abandoning module StreamingPauseRendering (326)
[2017.04.30-07.12.54:759][ 10]LogModuleManager: Shutting down and abandoning module AnalyticsET (324)
[2017.04.30-07.12.54:759][ 10]LogModuleManager: Shutting down and abandoning module PortalServices (322)
[2017.04.30-07.12.54:759][ 10]LogModuleManager: Shutting down and abandoning module PortalRpc (320)
[2017.04.30-07.12.54:759][ 10]LogModuleManager: Shutting down and abandoning module MessagingRpc (318)
[2017.04.30-07.12.54:760][ 10]LogModuleManager: Shutting down and abandoning module AIModule (316)
[2017.04.30-07.12.54:760][ 10]LogModuleManager: Shutting down and abandoning module GameplayDebugger (315)
[2017.04.30-07.12.54:760][ 10]LogModuleManager: Shutting down and abandoning module AITestSuite (313)
[2017.04.30-07.12.54:760][ 10]LogModuleManager: Shutting down and abandoning module ProfilerService (310)
[2017.04.30-07.12.54:989][ 10]LogModuleManager: Shutting down and abandoning module TaskGraph (308)
[2017.04.30-07.12.54:989][ 10]LogModuleManager: Shutting down and abandoning module SteamVRController (306)
[2017.04.30-07.12.54:989][ 10]LogModuleManager: Shutting down and abandoning module SteamVR (304)
[2017.04.30-07.12.54:989][ 10]LogModuleManager: Shutting down and abandoning module ProceduralMeshComponentEditor (302)
[2017.04.30-07.12.54:989][ 10]LogModuleManager: Shutting down and abandoning module ProceduralMeshComponent (300)
[2017.04.30-07.12.54:989][ 10]LogModuleManager: Shutting down and abandoning module OculusLibrary (298)
[2017.04.30-07.12.54:989][ 10]LogModuleManager: Shutting down and abandoning module OculusInput (296)
[2017.04.30-07.12.54:989][ 10]LogModuleManager: Shutting down and abandoning module MobilePatchingUtils (294)
[2017.04.30-07.12.54:989][ 10]LogModuleManager: Shutting down and abandoning module CustomMeshComponent (292)
[2017.04.30-07.12.54:989][ 10]LogModuleManager: Shutting down and abandoning module CableComponent (290)
[2017.04.30-07.12.54:989][ 10]LogModuleManager: Shutting down and abandoning module ArchVisCharacter (288)
[2017.04.30-07.12.54:989][ 10]LogModuleManager: Shutting down and abandoning module MediaPlayerEditor (284)
[2017.04.30-07.12.54:989][ 10]LogModuleManager: Shutting down and abandoning module LowEntryExtendedStandardLibraryEditor (282)
[2017.04.30-07.12.54:989][ 10]LogModuleManager: Shutting down and abandoning module HTML5Networking (280)
[2017.04.30-07.12.54:989][ 10]LogModuleManager: Shutting down and abandoning module AlembicImporter (278)
[2017.04.30-07.12.54:989][ 10]LogModuleManager: Shutting down and abandoning module AlembicLibrary (277)
[2017.04.30-07.12.54:989][ 10]LogModuleManager: Shutting down and abandoning module GeometryCache (276)
[2017.04.30-07.12.54:989][ 10]LogModuleManager: Shutting down and abandoning module GeometryCacheEd (275)
[2017.04.30-07.12.54:989][ 10]LogModuleManager: Shutting down and abandoning module SuperSearchEditor (270)
[2017.04.30-07.12.54:989][ 10]LogModuleManager: Shutting down and abandoning module SuperSearch (269)
[2017.04.30-07.12.54:990][ 10]LogModuleManager: Shutting down and abandoning module SpeedTreeImporter (266)
[2017.04.30-07.12.54:990][ 10]LogModuleManager: Shutting down and abandoning module PluginBrowser (264)
[2017.04.30-07.12.54:990][ 10]LogModuleManager: Shutting down and abandoning module MobileLauncherProfileWizard (262)
[2017.04.30-07.12.54:990][ 10]LogModuleManager: Shutting down and abandoning module EpicSurvey (260)
[2017.04.30-07.12.54:990][ 10]LogModuleManager: Shutting down and abandoning module VisualStudioSourceCodeAccess (258)
[2017.04.30-07.12.54:990][ 10]LogModuleManager: Shutting down and abandoning module DesktopPlatform (257)
[2017.04.30-07.12.54:990][ 10]LogModuleManager: Shutting down and abandoning module UObjectPlugin (254)
[2017.04.30-07.12.54:990][ 10]LogModuleManager: Shutting down and abandoning module SubversionSourceControl (252)
[2017.04.30-07.12.54:990][ 10]LogModuleManager: Shutting down and abandoning module PerforceSourceControl (250)
[2017.04.30-07.12.54:990][ 10]LogModuleManager: Shutting down and abandoning module GitSourceControl (248)
[2017.04.30-07.12.54:990][ 10]LogModuleManager: Shutting down and abandoning module SourceControl (247)
[2017.04.30-07.12.54:990][ 10]LogModuleManager: Shutting down and abandoning module LightPropagationVolumeEditor (244)
[2017.04.30-07.12.54:990][ 10]LogModuleManager: Shutting down and abandoning module PaperTiledImporter (242)
[2017.04.30-07.12.54:990][ 10]LogModuleManager: Shutting down and abandoning module PaperSpriteSheetImporter (240)
[2017.04.30-07.12.54:990][ 10]LogModuleManager: Shutting down and abandoning module Paper2DEditor (238)
[2017.04.30-07.12.54:990][ 10]LogModuleManager: Shutting down and abandoning module MeshPaint (237)
[2017.04.30-07.12.54:990][ 10]LogModuleManager: Shutting down and abandoning module LevelEditor (235)
[2017.04.30-07.12.54:992][ 10]LogModuleManager: Shutting down and abandoning module PixelInspectorModule (234)
[2017.04.30-07.12.54:992][ 10]LogModuleManager: Shutting down and abandoning module MainFrame (232)
[2017.04.30-07.12.54:992][ 10]LogModuleManager: Shutting down and abandoning module HotReload (231)
[2017.04.30-07.12.54:994][ 10]LogModuleManager: Shutting down and abandoning module ContentBrowser (227)
[2017.04.30-07.12.54:997][ 10]LogModuleManager: Shutting down and abandoning module PhysXVehiclesEditor (224)
[2017.04.30-07.12.54:997][ 10]LogModuleManager: Shutting down and abandoning module PhysXVehicles (222)
[2017.04.30-07.12.54:997][ 10]LogModuleManager: Shutting down and abandoning module LocationServicesBPLibrary (220)
[2017.04.30-07.12.54:997][ 10]LogModuleManager: Shutting down and abandoning module UdpMessaging (218)
[2017.04.30-07.12.55:099][ 10]LogModuleManager: Shutting down and abandoning module TcpMessaging (216)
[2017.04.30-07.12.55:199][ 10]LogModuleManager: Shutting down and abandoning module LowEntryExtendedStandardLibrary (214)
[2017.04.30-07.12.55:199][ 10]LogModuleManager: Shutting down and abandoning module GameplayTagsEditor (212)
[2017.04.30-07.12.55:199][ 10]LogModuleManager: Shutting down and abandoning module FacialAnimationEditor (210)
[2017.04.30-07.12.55:199][ 10]LogModuleManager: Shutting down and abandoning module FacialAnimation (208)
[2017.04.30-07.12.55:199][ 10]LogModuleManager: Shutting down and abandoning module LightPropagationVolumeRuntime (206)
[2017.04.30-07.12.55:199][ 10]LogModuleManager: Shutting down and abandoning module Paper2D (204)
[2017.04.30-07.12.55:199][ 10]LogModuleManager: Shutting down and abandoning module WindowsMoviePlayer (202)
[2017.04.30-07.12.55:199][ 10]LogModuleManager: Shutting down and abandoning module WmfMedia (200)
[2017.04.30-07.12.55:199][ 10]LogModuleManager: Shutting down and abandoning module MfMedia (198)
[2017.04.30-07.12.55:199][ 10]LogModuleManager: Shutting down and abandoning module MediaAssets (196)
[2017.04.30-07.12.55:199][ 10]LogModuleManager: Shutting down and abandoning module GameLiveStreaming (194)
[2017.04.30-07.12.55:199][ 10]LogModuleManager: Shutting down and abandoning module VREditor (192)
[2017.04.30-07.12.55:199][ 10]LogModuleManager: Shutting down and abandoning module GameplayTasksEditor (190)
[2017.04.30-07.12.55:199][ 10]LogModuleManager: Shutting down and abandoning module BehaviorTreeEditor (188)
[2017.04.30-07.12.55:199][ 10]LogModuleManager: Shutting down and abandoning module FunctionalTesting (186)
[2017.04.30-07.12.55:199][ 10]LogModuleManager: Shutting down and abandoning module CollisionAnalyzer (184)
[2017.04.30-07.12.55:199][ 10]LogModuleManager: Shutting down and abandoning module UMG (182)
[2017.04.30-07.12.55:199][ 10]LogModuleManager: Shutting down and abandoning module UMGEditor (181)
[2017.04.30-07.12.55:199][ 10]LogModuleManager: Shutting down and abandoning module Sequencer (180)
[2017.04.30-07.12.55:199][ 10]LogModuleManager: Shutting down and abandoning module AssetTools (178)
[2017.04.30-07.12.55:200][ 10]LogModuleManager: Shutting down and abandoning module MessageLog (177)
[2017.04.30-07.12.55:200][ 10]LogModuleManager: Shutting down and abandoning module WorkspaceMenuStructure (176)
[2017.04.30-07.12.55:200][ 10]LogModuleManager: Shutting down and abandoning module SlateReflector (170)
[2017.04.30-07.12.55:200][ 10]LogModuleManager: Shutting down and abandoning module Slate (168)
[2017.04.30-07.12.55:200][ 10]LogModuleManager: Shutting down and abandoning module EditorStyle (166)
[2017.04.30-07.12.55:204][ 10]LogModuleManager: Shutting down and abandoning module SourceCodeAccess (164)
[2017.04.30-07.12.55:204][ 10]LogModuleManager: Shutting down and abandoning module HeadMountedDisplay (162)
[2017.04.30-07.12.55:204][ 10]LogModuleManager: Shutting down and abandoning module XAudio2 (160)
[2017.04.30-07.12.55:204][ 10]LogModuleManager: Shutting down and abandoning module Networking (158)
[2017.04.30-07.12.55:204][ 10]LogModuleManager: Shutting down and abandoning module Core (154)
[2017.04.30-07.12.55:205][ 10]LogModuleManager: Shutting down and abandoning module AssetRegistry (152)
[2017.04.30-07.12.55:385][ 10]LogDirectoryWatcher: A directory notification for '../../../Engine/Content/' was aborted.
[2017.04.30-07.12.55:385][ 10]LogDirectoryWatcher: A directory notification for 'B:/work/NasaHackaton/NASAApp/Content/' was aborted.
[2017.04.30-07.12.55:385][ 10]LogDirectoryWatcher: A directory notification for '../../../Engine/Plugins/2D/Paper2D/Content/' was aborted.
[2017.04.30-07.12.55:385][ 10]LogDirectoryWatcher: A directory notification for '../../../Engine/Plugins/Marketplace/LowEntryExtStdLib/Content/' was aborted.
[2017.04.30-07.12.55:385][ 10]LogModuleManager: Shutting down and abandoning module DirectoryWatcher (151)
[2017.04.30-07.12.55:389][ 10]LogModuleManager: Shutting down and abandoning module KismetCompiler (148)
[2017.04.30-07.12.55:389][ 10]LogModuleManager: Shutting down and abandoning module PhysXFormats (146)
[2017.04.30-07.12.55:389][ 10]LogModuleManager: Shutting down and abandoning module MeshUtilities (144)
[2017.04.30-07.12.55:389][ 10]LogModuleManager: Shutting down and abandoning module SimplygonSwarm (143)
[2017.04.30-07.12.55:389][ 10]LogModuleManager: Shutting down and abandoning module SimplygonMeshReduction (141)
[2017.04.30-07.12.55:389][ 10]LogModuleManager: Shutting down and abandoning module QuadricMeshReduction (139)
[2017.04.30-07.12.55:389][ 10]LogModuleManager: Shutting down and abandoning module PropertyEditor (137)
[2017.04.30-07.12.55:389][ 10]LogModuleManager: Shutting down and abandoning module DerivedDataCache (134)
[2017.04.30-07.12.55:868][ 10]LogDerivedDataCache: Shutdown
[2017.04.30-07.12.55:868][ 10]LogModuleManager: Shutting down and abandoning module TargetPlatform (132)
[2017.04.30-07.12.55:869][ 10]LogModuleManager: Shutting down and abandoning module VulkanShaderFormat (131)
[2017.04.30-07.12.55:869][ 10]LogModuleManager: Shutting down and abandoning module ShaderFormatOpenGL (129)
[2017.04.30-07.12.55:869][ 10]LogModuleManager: Shutting down and abandoning module ShaderFormatD3D (127)
[2017.04.30-07.12.55:869][ 10]LogModuleManager: Shutting down and abandoning module MetalShaderFormat (125)
[2017.04.30-07.12.55:869][ 10]LogModuleManager: Shutting down and abandoning module TextureFormatUncompressed (123)
[2017.04.30-07.12.55:869][ 10]LogModuleManager: Shutting down and abandoning module TextureFormatPVR (121)
[2017.04.30-07.12.55:869][ 10]LogModuleManager: Shutting down and abandoning module TextureFormatDXT (119)
[2017.04.30-07.12.55:869][ 10]LogModuleManager: Shutting down and abandoning module TextureFormatIntelISPCTexComp (117)
[2017.04.30-07.12.55:869][ 10]LogModuleManager: Shutting down and abandoning module TextureFormatASTC (115)
[2017.04.30-07.12.55:869][ 10]LogModuleManager: Shutting down and abandoning module ImageWrapper (114)
[2017.04.30-07.12.55:869][ 10]LogModuleManager: Shutting down and abandoning module TextureFormatAndroid (111)
[2017.04.30-07.12.55:869][ 10]LogModuleManager: Shutting down and abandoning module AudioFormatOpus (109)
[2017.04.30-07.12.55:869][ 10]LogModuleManager: Shutting down and abandoning module AudioFormatOgg (107)
[2017.04.30-07.12.55:869][ 10]LogModuleManager: Shutting down and abandoning module AudioFormatADPCM (105)
[2017.04.30-07.12.55:869][ 10]LogModuleManager: Shutting down and abandoning module LinuxTargetPlatform (103)
[2017.04.30-07.12.55:869][ 10]LogModuleManager: Shutting down and abandoning module LinuxServerTargetPlatform (101)
[2017.04.30-07.12.55:869][ 10]LogModuleManager: Shutting down and abandoning module LinuxNoEditorTargetPlatform (99)
[2017.04.30-07.12.55:869][ 10]LogModuleManager: Shutting down and abandoning module LinuxClientTargetPlatform (97)
[2017.04.30-07.12.55:869][ 10]LogModuleManager: Shutting down and abandoning module TVOSTargetPlatform (95)
[2017.04.30-07.12.55:869][ 10]LogModuleManager: Shutting down and abandoning module Messaging (93)
[2017.04.30-07.12.55:870][ 10]LogModuleManager: Shutting down and abandoning module IOSTargetPlatform (91)
[2017.04.30-07.12.55:870][ 10]LogModuleManager: Shutting down and abandoning module HTML5TargetPlatform (89)
[2017.04.30-07.12.55:870][ 10]LogModuleManager: Shutting down and abandoning module Android_PVRTCTargetPlatform (87)
[2017.04.30-07.12.55:870][ 10]LogModuleManager: Shutting down and abandoning module Android_MultiTargetPlatform (85)
[2017.04.30-07.12.55:870][ 10]LogModuleManager: Shutting down and abandoning module Android_ETC2TargetPlatform (83)
[2017.04.30-07.12.55:870][ 10]LogModuleManager: Shutting down and abandoning module Android_ETC1TargetPlatform (81)
[2017.04.30-07.12.55:870][ 10]LogModuleManager: Shutting down and abandoning module Android_DXTTargetPlatform (79)
[2017.04.30-07.12.55:870][ 10]LogModuleManager: Shutting down and abandoning module Android_ATCTargetPlatform (77)
[2017.04.30-07.12.55:870][ 10]LogModuleManager: Shutting down and abandoning module Android_ASTCTargetPlatform (75)
[2017.04.30-07.12.55:870][ 10]LogModuleManager: Shutting down and abandoning module AndroidTargetPlatform (73)
[2017.04.30-07.12.55:870][ 10]LogModuleManager: Shutting down and abandoning module WindowsTargetPlatform (71)
[2017.04.30-07.12.55:870][ 10]LogModuleManager: Shutting down and abandoning module WindowsServerTargetPlatform (69)
[2017.04.30-07.12.55:870][ 10]LogModuleManager: Shutting down and abandoning module WindowsNoEditorTargetPlatform (67)
[2017.04.30-07.12.55:870][ 10]LogModuleManager: Shutting down and abandoning module WindowsClientTargetPlatform (65)
[2017.04.30-07.12.55:870][ 10]LogModuleManager: Shutting down and abandoning module MacTargetPlatform (63)
[2017.04.30-07.12.55:870][ 10]LogModuleManager: Shutting down and abandoning module MacServerTargetPlatform (61)
[2017.04.30-07.12.55:870][ 10]LogModuleManager: Shutting down and abandoning module MacNoEditorTargetPlatform (59)
[2017.04.30-07.12.55:870][ 10]LogModuleManager: Shutting down and abandoning module MacClientTargetPlatform (57)
[2017.04.30-07.12.55:870][ 10]LogModuleManager: Shutting down and abandoning module AllDesktopTargetPlatform (55)
[2017.04.30-07.12.55:870][ 10]LogModuleManager: Shutting down and abandoning module InputCore (52)
[2017.04.30-07.12.55:870][ 10]LogModuleManager: Shutting down and abandoning module Settings (50)
[2017.04.30-07.12.55:870][ 10]LogModuleManager: Shutting down and abandoning module OculusRift (48)
[2017.04.30-07.12.55:870][ 10]LogModuleManager: Shutting down and abandoning module GearVR (46)
[2017.04.30-07.12.55:870][ 10]LogModuleManager: Shutting down and abandoning module ExampleDeviceProfileSelector (44)
[2017.04.30-07.12.55:870][ 10]LogModuleManager: Shutting down and abandoning module OnlineBlueprintSupport (42)
[2017.04.30-07.12.55:870][ 10]LogModuleManager: Shutting down and abandoning module OnlineSubsystem (38)
[2017.04.30-07.12.55:870][ 10]LogOnline:Display: Unloading online subsystem: NULL
[2017.04.30-07.12.55:870][ 10]LogModuleManager: Shutting down and abandoning module XMPP (37)
[2017.04.30-07.12.55:871][ 10]LogModuleManager: Shutting down and abandoning module HTTP (35)
[2017.04.30-07.12.55:871][ 10]LogHttp:Display: Http module shutting down, but needs to wait on 1 outstanding Http requests:
[2017.04.30-07.12.55:871][ 10]LogHttp:Display: 	verb=[POST] url=[https://datarouter.ol.epicgames.com/datarouter/api/v1/public/data?SessionID=%7BFD82538D-48E5-2C23-62F5-F2848522AED6%7D&AppID=UEEditor.Rocket.Release&AppVersion=4.15.1-3348071%2B%2B%2BUE4%2BRelease-4.15&UserID=98d75ba54b5d898ba6fdde9420008f43%7C9bdb72dfb1914a5b8f564a99f4c24f58%7C3c7e1a6e-f277-44a2-a517-51df56dee6d0&AppEnvironment=datacollector-binary&UploadType=eteventstream] status=Processing
[2017.04.30-07.12.55:894][ 10]LogModuleManager: Shutting down and abandoning module SSL (34)
[2017.04.30-07.12.55:898][ 10]LogModuleManager: Shutting down and abandoning module AudioEditor (30)
[2017.04.30-07.12.55:898][ 10]LogModuleManager: Shutting down and abandoning module TextureCompressor (28)
[2017.04.30-07.12.55:899][ 10]LogModuleManager: Shutting down and abandoning module ShaderCore (26)
[2017.04.30-07.12.55:899][ 10]LogModuleManager: Shutting down and abandoning module Landscape (24)
[2017.04.30-07.12.55:899][ 10]LogModuleManager: Shutting down and abandoning module SlateRHIRenderer (22)
[2017.04.30-07.12.55:901][ 10]LogModuleManager: Shutting down and abandoning module OpenGLDrv (20)
[2017.04.30-07.12.55:901][ 10]LogModuleManager: Shutting down and abandoning module D3D11RHI (18)
[2017.04.30-07.12.55:901][ 10]LogModuleManager: Shutting down and abandoning module AnimGraphRuntime (16)
[2017.04.30-07.12.55:901][ 10]LogModuleManager: Shutting down and abandoning module Renderer (14)
[2017.04.30-07.12.55:901][ 10]LogModuleManager: Shutting down and abandoning module Engine (12)
[2017.04.30-07.12.55:901][ 10]LogModuleManager: Shutting down and abandoning module CoreUObject (10)
[2017.04.30-07.12.55:901][ 10]LogModuleManager: Shutting down and abandoning module NetworkFile (8)
[2017.04.30-07.12.55:901][ 10]LogModuleManager: Shutting down and abandoning module StreamingFile (6)
[2017.04.30-07.12.55:902][ 10]LogModuleManager: Shutting down and abandoning module SandboxFile (4)
[2017.04.30-07.12.55:902][ 10]LogModuleManager: Shutting down and abandoning module PakFile (2)
[2017.04.30-07.12.55:906][ 10]LogExit: Exiting.
[2017.04.30-07.12.55:911][ 10]Log file closed, 04/30/17 10:12:55
